ts	id	hashAlgorithm	issuerNameHash	issuerKeyHash	serialNumber	certStatus	revoketime	revokereason	thisUpdate	nextUpdate
1689231954.932586	FFSG1O3Wpr1Udm6H22	sha1	48DAC9A0FB2BD32D4FF0DE68D2F567B735F9B3C4	142EB317B75856CBAE500940E61FAF9D8B14C2C6	03E693B7AF18311C9DE7F3FD77F5B19C33D6	good	-	-	1689080400.000000	1689685198.000000
1689231955.413558	Fw20nK3g2JPg3oqGS2	sha1	48DAC9A0FB2BD32D4FF0DE68D2F567B735F9B3C4	142EB317B75856CBAE500940E61FAF9D8B14C2C6	041DE4B7D9752BB6EE6538C7289923F2A644	good	-	-	1689001200.000000	1689605998.000000
1689231956.115151	F3ZRjq2g8mGyOIY3r	sha1	48DAC9A0FB2BD32D4FF0DE68D2F567B735F9B3C4	142EB317B75856CBAE500940E61FAF9D8B14C2C6	04F81A24CC2B5086EF0352E33D0314A21750	good	-	-	1689188400.000000	1689793198.000000
1689231956.209712	Fe0njuJ3r4oyA4gR5	sha1	48DAC9A0FB2BD32D4FF0DE68D2F567B735F9B3C4	142EB317B75856CBAE500940E61FAF9D8B14C2C6	03200E4157C6EE635C608676376A0A5064A8	good	-	-	1689001200.000000	1689605998.000000
1689231956.422411	FKLs9I1nrvyttsSUDk	sha1	E4E395A229D3D4C1C31FF0980C0B4EC0098AABD8	B76BA2EAA8AA848C79EAB4DA0F98B2C59576B9F4	06C80373B90643F61EA160E2BE7D0300	good	-	-	1689163022.000000	1689765122.000000
1689231956.425585	FLBqIv1YhSRyQU6Vh6	sha1	E4E395A229D3D4C1C31FF0980C0B4EC0098AABD8	B76BA2EAA8AA848C79EAB4DA0F98B2C59576B9F4	06C80373B90643F61EA160E2BE7D0300	good	-	-	1689163022.000000	1689765122.000000
1689231956.459771	F8Ycfb1tcOaTK4Iym6	sha1	48DAC9A0FB2BD32D4FF0DE68D2F567B735F9B3C4	142EB317B75856CBAE500940E61FAF9D8B14C2C6	03886F4615E32C305C93CF874AF6C447E96A	good	-	-	1689012000.000000	1689616798.000000
1689231956.868309	FGqESy4WJKZVVZFGXl	sha1	48DAC9A0FB2BD32D4FF0DE68D2F567B735F9B3C4	142EB317B75856CBAE500940E61FAF9D8B14C2C6	03C5B56C390D79B2B108DA457AE7BEA30EF8	good	-	-	1689048000.000000	1689652798.000000
1689231957.056095	FphHuv35zjaGJvyhI3	sha1	C72E798ADDFF6134B3BAED4742B8BBC6C0240763	8A747FAF85CDEE95CD3D9CD0E24614F371351D27	BBA2F6011327B8B012A3CC3D9E8A659D	good	-	-	1689147744.000000	1689748943.000000
1689231965.324452	FwObQg1HXbdhVzkMV	sha1	E4E395A229D3D4C1C31FF0980C0B4EC0098AABD8	B76BA2EAA8AA848C79EAB4DA0F98B2C59576B9F4	073D9B462D83FF3A9EBE70BDF1F79FD2	good	-	-	1689165541.000000	1689767641.000000
1689231965.850682	FG9abR3bOEFhYfX2Bb	sha1	48DAC9A0FB2BD32D4FF0DE68D2F567B735F9B3C4	142EB317B75856CBAE500940E61FAF9D8B14C2C6	035490470A0ABAFF6ED266F9F9A4709A09F1	good	-	-	1689044400.000000	1689649198.000000
1689231969.962245	Fl9cvD2EfSsHnUReV1	sha1	48DAC9A0FB2BD32D4FF0DE68D2F567B735F9B3C4	142EB317B75856CBAE500940E61FAF9D8B14C2C6	038125D15BF63260B5CF5C51779F947A726F	good	-	-	1689019200.000000	1689623998.000000
1689231969.979828	F3pKC81NXg5qoD5BR2	sha1	48DAC9A0FB2BD32D4FF0DE68D2F567B735F9B3C4	142EB317B75856CBAE500940E61FAF9D8B14C2C6	038125D15BF63260B5CF5C51779F947A726F	good	-	-	1689019200.000000	1689623998.000000
1689231969.993085	F6SHWYfJQsv5BtLo	sha1	48DAC9A0FB2BD32D4FF0DE68D2F567B735F9B3C4	142EB317B75856CBAE500940E61FAF9D8B14C2C6	038125D15BF63260B5CF5C51779F947A726F	good	-	-	1689019200.000000	1689623998.000000
1689231971.728847	F9l44N36lV8JcJ8KHj	sha1	C72E798ADDFF6134B3BAED4742B8BBC6C0240763	8A747FAF85CDEE95CD3D9CD0E24614F371351D27	BBA2F6011327B8B012A3CC3D9E8A659D	good	-	-	1689147744.000000	1689748943.000000
1689231971.728911	FeqbMdLpf02PNCRGd	sha1	C72E798ADDFF6134B3BAED4742B8BBC6C0240763	8A747FAF85CDEE95CD3D9CD0E24614F371351D27	BBA2F6011327B8B012A3CC3D9E8A659D	good	-	-	1689147744.000000	1689748943.000000
1689231973.221795	FurFjh1v2GHkf5mc69	sha1	CF26F518FAC97E8F8CB342E01C2F6A109E8E5F0A	5168FF90AF0207753CCCD9656462A212B859723B	0E5FA778E82DBEE6AA1CD57E2F5CD610	good	-	-	1689206582.000000	1689808682.000000
1689231973.254332	Fg0FF11Upfx5uP7I19	sha1	C72E798ADDFF6134B3BAED4742B8BBC6C0240763	8A747FAF85CDEE95CD3D9CD0E24614F371351D27	716A1AF7195B896E102FA3EF876D25B6	good	-	-	1689149637.000000	1689750836.000000
1689231973.266390	FVVB4A1GsVizRl5Tff	sha1	C72E798ADDFF6134B3BAED4742B8BBC6C0240763	8A747FAF85CDEE95CD3D9CD0E24614F371351D27	1630EA2633AF87290A5978D477A7B1DE	good	-	-	1689147304.000000	1689748503.000000
1689231973.305458	Fna8uF2ShKiFSwqaOa	sha1	C72E798ADDFF6134B3BAED4742B8BBC6C0240763	8A747FAF85CDEE95CD3D9CD0E24614F371351D27	1630EA2633AF87290A5978D477A7B1DE	good	-	-	1689147304.000000	1689748503.000000
1689231973.307815	Fq3cJqD6jJYZDfSFa	sha1	C72E798ADDFF6134B3BAED4742B8BBC6C0240763	8A747FAF85CDEE95CD3D9CD0E24614F371351D27	716A1AF7195B896E102FA3EF876D25B6	good	-	-	1689149637.000000	1689750836.000000
1689231973.955918	FFmcYO2OTEM9p2Jy4d	sha1	C72E798ADDFF6134B3BAED4742B8BBC6C0240763	8A747FAF85CDEE95CD3D9CD0E24614F371351D27	82F560E5C2A62D12091F2ED8BCF50AA3	good	-	-	1689150968.000000	1689752167.000000
1689231980.916226	FGFtsB1WfpMTwEayn4	sha1	105FA67A80089DB5279F35CE830B43889EA3C70D	0F80611C823161D52F28E78D4638B42CE1C6D9E2	062764BDAC974F2C0A50A86CF3F900A6	good	-	-	1689159422.000000	1689761522.000000
