[
    {
        "ts": "1689696908.583492",
        "uid": "CgXGzR2veD4qOU9vq2",
        "id.orig_h": "192.168.144.131",
        "id.orig_p": "37090",
        "id.resp_h": "172.23.0.2",
        "id.resp_p": "8000",
        "proto": "tcp",
        "service": "http",
        "duration": "0.206617",
        "orig_bytes": "463934",
        "resp_bytes": "11190",
        "conn_state": "SF",
        "local_orig": "-",
        "local_resp": "-",
        "missed_bytes": "0",
        "history": "ShADadfF",
        "orig_pkts": "33",
        "orig_ip_bytes": "465658",
        "resp_pkts": "23",
        "resp_ip_bytes": "12394",
        "tunnel_parents": "-"
    },
    {
        "ts": "1689696908.801524",
        "uid": "CL9lwYkpA4FWAqsld",
        "id.orig_h": "192.168.144.131",
        "id.orig_p": "37096",
        "id.resp_h": "172.23.0.2",
        "id.resp_p": "8000",
        "proto": "tcp",
        "service": "http",
        "duration": "0.069497",
        "orig_bytes": "120174",
        "resp_bytes": "11745",
        "conn_state": "SF",
        "local_orig": "-",
        "local_resp": "-",
        "missed_bytes": "0",
        "history": "ShADadfF",
        "orig_pkts": "17",
        "orig_ip_bytes": "121066",
        "resp_pkts": "18",
        "resp_ip_bytes": "12689",
        "tunnel_parents": "-"
    },
    {
        "ts": "1689696908.882900",
        "uid": "CkbJiL3FLe6Nl8lZng",
        "id.orig_h": "192.168.144.131",
        "id.orig_p": "37104",
        "id.resp_h": "172.23.0.2",
        "id.resp_p": "8000",
        "proto": "tcp",
        "service": "http",
        "duration": "0.027570",
        "orig_bytes": "18373",
        "resp_bytes": "11917",
        "conn_state": "SF",
        "local_orig": "-",
        "local_resp": "-",
        "missed_bytes": "0",
        "history": "ShADadfF",
        "orig_pkts": "9",
        "orig_ip_bytes": "18849",
        "resp_pkts": "10",
        "resp_ip_bytes": "12445",
        "tunnel_parents": "-"
    },
    {
        "ts": "1689696908.922401",
        "uid": "C26tkBokLNe9PvHu1",
        "id.orig_h": "192.168.144.131",
        "id.orig_p": "37112",
        "id.resp_h": "172.23.0.2",
        "id.resp_p": "8000",
        "proto": "tcp",
        "service": "http",
        "duration": "0.018748",
        "orig_bytes": "4978",
        "resp_bytes": "6433",
        "conn_state": "SF",
        "local_orig": "-",
        "local_resp": "-",
        "missed_bytes": "0",
        "history": "ShADadfF",
        "orig_pkts": "7",
        "orig_ip_bytes": "5350",
        "resp_pkts": "8",
        "resp_ip_bytes": "6857",
        "tunnel_parents": "-"
    },
    {
        "ts": "1689696908.955323",
        "uid": "C3dQ4j3pDtl6qfHF7d",
        "id.orig_h": "192.168.144.131",
        "id.orig_p": "37126",
        "id.resp_h": "172.23.0.2",
        "id.resp_p": "8000",
        "proto": "tcp",
        "service": "http",
        "duration": "0.196249",
        "orig_bytes": "348609",
        "resp_bytes": "9226",
        "conn_state": "SF",
        "local_orig": "-",
        "local_resp": "-",
        "missed_bytes": "0",
        "history": "ShADadfF",
        "orig_pkts": "27",
        "orig_ip_bytes": "350021",
        "resp_pkts": "23",
        "resp_ip_bytes": "10430",
        "tunnel_parents": "-"
    },
    {
        "ts": "1689696909.164883",
        "uid": "CHHtZy3pn7UJlBfqcj",
        "id.orig_h": "192.168.144.131",
        "id.orig_p": "37134",
        "id.resp_h": "172.23.0.2",
        "id.resp_p": "8000",
        "proto": "tcp",
        "service": "http",
        "duration": "0.073589",
        "orig_bytes": "71924",
        "resp_bytes": "8153",
        "conn_state": "SF",
        "local_orig": "-",
        "local_resp": "-",
        "missed_bytes": "0",
        "history": "ShADadfF",
        "orig_pkts": "14",
        "orig_ip_bytes": "72660",
        "resp_pkts": "13",
        "resp_ip_bytes": "8837",
        "tunnel_parents": "-"
    },
    {
        "ts": "1689696909.252986",
        "uid": "CVJcxF4BSztoCrBTtk",
        "id.orig_h": "192.168.144.131",
        "id.orig_p": "37142",
        "id.resp_h": "172.23.0.2",
        "id.resp_p": "8000",
        "proto": "tcp",
        "service": "http",
        "duration": "0.035068",
        "orig_bytes": "19951",
        "resp_bytes": "12304",
        "conn_state": "SF",
        "local_orig": "-",
        "local_resp": "-",
        "missed_bytes": "0",
        "history": "ShADadfF",
        "orig_pkts": "9",
        "orig_ip_bytes": "20427",
        "resp_pkts": "10",
        "resp_ip_bytes": "12832",
        "tunnel_parents": "-"
    },
    {
        "ts": "1689696909.306362",
        "uid": "Cl5zAr4J1PAJKTTSH",
        "id.orig_h": "192.168.144.131",
        "id.orig_p": "37148",
        "id.resp_h": "172.23.0.2",
        "id.resp_p": "8000",
        "proto": "tcp",
        "service": "http",
        "duration": "0.042683",
        "orig_bytes": "23769",
        "resp_bytes": "9990",
        "conn_state": "SF",
        "local_orig": "-",
        "local_resp": "-",
        "missed_bytes": "0",
        "history": "ShADadfF",
        "orig_pkts": "9",
        "orig_ip_bytes": "24245",
        "resp_pkts": "10",
        "resp_ip_bytes": "10518",
        "tunnel_parents": "-"
    },
    {
        "ts": "1689696909.381106",
        "uid": "CNeh2W3qT12opt8F1f",
        "id.orig_h": "192.168.144.131",
        "id.orig_p": "37158",
        "id.resp_h": "172.23.0.2",
        "id.resp_p": "8000",
        "proto": "tcp",
        "service": "http",
        "duration": "0.020526",
        "orig_bytes": "9580",
        "resp_bytes": "13683",
        "conn_state": "SF",
        "local_orig": "-",
        "local_resp": "-",
        "missed_bytes": "0",
        "history": "ShADadfF",
        "orig_pkts": "8",
        "orig_ip_bytes": "10004",
        "resp_pkts": "9",
        "resp_ip_bytes": "14159",
        "tunnel_parents": "-"
    },
    {
        "ts": "1689696909.426606",
        "uid": "CbvTyu4yUi0SkwS6kd",
        "id.orig_h": "192.168.144.131",
        "id.orig_p": "37170",
        "id.resp_h": "172.23.0.2",
        "id.resp_p": "8000",
        "proto": "tcp",
        "service": "http",
        "duration": "0.022348",
        "orig_bytes": "645",
        "resp_bytes": "478",
        "conn_state": "SF",
        "local_orig": "-",
        "local_resp": "-",
        "missed_bytes": "0",
        "history": "ShADadfF",
        "orig_pkts": "6",
        "orig_ip_bytes": "965",
        "resp_pkts": "6",
        "resp_ip_bytes": "798",
        "tunnel_parents": "-"
    },
    {
        "ts": "1689696909.470350",
        "uid": "CW2QBA3iiWrgUhO3O2",
        "id.orig_h": "192.168.144.131",
        "id.orig_p": "37180",
        "id.resp_h": "172.23.0.2",
        "id.resp_p": "8000",
        "proto": "tcp",
        "service": "http",
        "duration": "0.458955",
        "orig_bytes": "2681211",
        "resp_bytes": "73089",
        "conn_state": "SF",
        "local_orig": "-",
        "local_resp": "-",
        "missed_bytes": "0",
        "history": "ShADadfF",
        "orig_pkts": "88",
        "orig_ip_bytes": "2685795",
        "resp_pkts": "47",
        "resp_ip_bytes": "75541",
        "tunnel_parents": "-"
    },
    {
        "ts": "1689696909.944720",
        "uid": "CW3PQw1VZtc5pcyQse",
        "id.orig_h": "192.168.144.131",
        "id.orig_p": "37192",
        "id.resp_h": "172.23.0.2",
        "id.resp_p": "8000",
        "proto": "tcp",
        "service": "http",
        "duration": "0.028508",
        "orig_bytes": "6443",
        "resp_bytes": "9971",
        "conn_state": "SF",
        "local_orig": "-",
        "local_resp": "-",
        "missed_bytes": "0",
        "history": "ShADadfF",
        "orig_pkts": "7",
        "orig_ip_bytes": "6815",
        "resp_pkts": "9",
        "resp_ip_bytes": "10447",
        "tunnel_parents": "-"
    },
    {
        "ts": "1689696909.986778",
        "uid": "CQI2v31HhF2KNvr6o6",
        "id.orig_h": "192.168.144.131",
        "id.orig_p": "37208",
        "id.resp_h": "172.23.0.2",
        "id.resp_p": "8000",
        "proto": "tcp",
        "service": "http",
        "duration": "0.074342",
        "orig_bytes": "659",
        "resp_bytes": "463",
        "conn_state": "SF",
        "local_orig": "-",
        "local_resp": "-",
        "missed_bytes": "0",
        "history": "ShADadfF",
        "orig_pkts": "7",
        "orig_ip_bytes": "1031",
        "resp_pkts": "7",
        "resp_ip_bytes": "835",
        "tunnel_parents": "-"
    },
    {
        "ts": "1689696910.080113",
        "uid": "Cz6kyX1yVQUGgBNhC2",
        "id.orig_h": "192.168.144.131",
        "id.orig_p": "37216",
        "id.resp_h": "172.23.0.2",
        "id.resp_p": "8000",
        "proto": "tcp",
        "service": "http",
        "duration": "0.046239",
        "orig_bytes": "6441",
        "resp_bytes": "66966",
        "conn_state": "SF",
        "local_orig": "-",
        "local_resp": "-",
        "missed_bytes": "0",
        "history": "ShADadfF",
        "orig_pkts": "11",
        "orig_ip_bytes": "7021",
        "resp_pkts": "13",
        "resp_ip_bytes": "67650",
        "tunnel_parents": "-"
    },
    {
        "ts": "1689696910.141528",
        "uid": "Ca29NA4qo8bDF5CG8h",
        "id.orig_h": "192.168.144.131",
        "id.orig_p": "37232",
        "id.resp_h": "172.23.0.2",
        "id.resp_p": "8000",
        "proto": "tcp",
        "service": "http",
        "duration": "0.046492",
        "orig_bytes": "6494",
        "resp_bytes": "64858",
        "conn_state": "SF",
        "local_orig": "-",
        "local_resp": "-",
        "missed_bytes": "0",
        "history": "ShADadfF",
        "orig_pkts": "9",
        "orig_ip_bytes": "6970",
        "resp_pkts": "11",
        "resp_ip_bytes": "65438",
        "tunnel_parents": "-"
    },
    {
        "ts": "1689696910.204917",
        "uid": "CTHeC12m09xADjBM25",
        "id.orig_h": "192.168.144.131",
        "id.orig_p": "37248",
        "id.resp_h": "172.23.0.2",
        "id.resp_p": "8000",
        "proto": "tcp",
        "service": "http",
        "duration": "0.044138",
        "orig_bytes": "7063",
        "resp_bytes": "69943",
        "conn_state": "SF",
        "local_orig": "-",
        "local_resp": "-",
        "missed_bytes": "0",
        "history": "ShADadfF",
        "orig_pkts": "13",
        "orig_ip_bytes": "7747",
        "resp_pkts": "13",
        "resp_ip_bytes": "70627",
        "tunnel_parents": "-"
    },
    {
        "ts": "1689696910.263900",
        "uid": "C6doKq2fw8oxSr08xh",
        "id.orig_h": "192.168.144.131",
        "id.orig_p": "37252",
        "id.resp_h": "172.23.0.2",
        "id.resp_p": "8000",
        "proto": "tcp",
        "service": "http",
        "duration": "0.009193",
        "orig_bytes": "1978",
        "resp_bytes": "488",
        "conn_state": "SF",
        "local_orig": "-",
        "local_resp": "-",
        "missed_bytes": "0",
        "history": "ShADadfF",
        "orig_pkts": "7",
        "orig_ip_bytes": "2350",
        "resp_pkts": "7",
        "resp_ip_bytes": "860",
        "tunnel_parents": "-"
    },
    {
        "ts": "1689696910.293341",
        "uid": "Cth0U023AjfiaQhqie",
        "id.orig_h": "192.168.144.131",
        "id.orig_p": "37266",
        "id.resp_h": "172.23.0.2",
        "id.resp_p": "8000",
        "proto": "tcp",
        "service": "http",
        "duration": "0.012659",
        "orig_bytes": "2164",
        "resp_bytes": "488",
        "conn_state": "SF",
        "local_orig": "-",
        "local_resp": "-",
        "missed_bytes": "0",
        "history": "ShADadfF",
        "orig_pkts": "7",
        "orig_ip_bytes": "2536",
        "resp_pkts": "7",
        "resp_ip_bytes": "860",
        "tunnel_parents": "-"
    },
    {
        "ts": "1689696910.325000",
        "uid": "Cbut2H2DUmk66DB4D5",
        "id.orig_h": "192.168.144.131",
        "id.orig_p": "37276",
        "id.resp_h": "172.23.0.2",
        "id.resp_p": "8000",
        "proto": "tcp",
        "service": "http",
        "duration": "0.010268",
        "orig_bytes": "1970",
        "resp_bytes": "488",
        "conn_state": "SF",
        "local_orig": "-",
        "local_resp": "-",
        "missed_bytes": "0",
        "history": "ShADadfF",
        "orig_pkts": "7",
        "orig_ip_bytes": "2342",
        "resp_pkts": "7",
        "resp_ip_bytes": "860",
        "tunnel_parents": "-"
    },
    {
        "ts": "1689696910.350563",
        "uid": "C9A4op2brOEFOIqlob",
        "id.orig_h": "192.168.144.131",
        "id.orig_p": "37282",
        "id.resp_h": "172.23.0.2",
        "id.resp_p": "8000",
        "proto": "tcp",
        "service": "http",
        "duration": "0.015627",
        "orig_bytes": "1972",
        "resp_bytes": "488",
        "conn_state": "SF",
        "local_orig": "-",
        "local_resp": "-",
        "missed_bytes": "0",
        "history": "ShADadfF",
        "orig_pkts": "7",
        "orig_ip_bytes": "2344",
        "resp_pkts": "7",
        "resp_ip_bytes": "860",
        "tunnel_parents": "-"
    },
    {
        "ts": "1689696913.513767",
        "uid": "C7u7K837UqxtbQbZ5e",
        "id.orig_h": "192.168.144.131",
        "id.orig_p": "37298",
        "id.resp_h": "172.23.0.2",
        "id.resp_p": "8000",
        "proto": "tcp",
        "service": "http",
        "duration": "0.188961",
        "orig_bytes": "463934",
        "resp_bytes": "11190",
        "conn_state": "SF",
        "local_orig": "-",
        "local_resp": "-",
        "missed_bytes": "0",
        "history": "ShADadfF",
        "orig_pkts": "29",
        "orig_ip_bytes": "465450",
        "resp_pkts": "24",
        "resp_ip_bytes": "12446",
        "tunnel_parents": "-"
    },
    {
        "ts": "1689696913.711879",
        "uid": "CTvMEU1CLAiquFAkri",
        "id.orig_h": "192.168.144.131",
        "id.orig_p": "37304",
        "id.resp_h": "172.23.0.2",
        "id.resp_p": "8000",
        "proto": "tcp",
        "service": "http",
        "duration": "0.066608",
        "orig_bytes": "120174",
        "resp_bytes": "11745",
        "conn_state": "SF",
        "local_orig": "-",
        "local_resp": "-",
        "missed_bytes": "0",
        "history": "ShADadfF",
        "orig_pkts": "18",
        "orig_ip_bytes": "121118",
        "resp_pkts": "17",
        "resp_ip_bytes": "12637",
        "tunnel_parents": "-"
    },
    {
        "ts": "1689696913.796876",
        "uid": "CLNWifA9iTAOeZLC2",
        "id.orig_h": "192.168.144.131",
        "id.orig_p": "37320",
        "id.resp_h": "172.23.0.2",
        "id.resp_p": "8000",
        "proto": "tcp",
        "service": "http",
        "duration": "0.019274",
        "orig_bytes": "18373",
        "resp_bytes": "11917",
        "conn_state": "SF",
        "local_orig": "-",
        "local_resp": "-",
        "missed_bytes": "0",
        "history": "ShADadfF",
        "orig_pkts": "9",
        "orig_ip_bytes": "18849",
        "resp_pkts": "10",
        "resp_ip_bytes": "12445",
        "tunnel_parents": "-"
    },
    {
        "ts": "1689696913.831949",
        "uid": "CWPHj33CzNorOvpA3h",
        "id.orig_h": "192.168.144.131",
        "id.orig_p": "37334",
        "id.resp_h": "172.23.0.2",
        "id.resp_p": "8000",
        "proto": "tcp",
        "service": "http",
        "duration": "0.032142",
        "orig_bytes": "4978",
        "resp_bytes": "6433",
        "conn_state": "SF",
        "local_orig": "-",
        "local_resp": "-",
        "missed_bytes": "0",
        "history": "ShADadfF",
        "orig_pkts": "7",
        "orig_ip_bytes": "5350",
        "resp_pkts": "8",
        "resp_ip_bytes": "6857",
        "tunnel_parents": "-"
    },
    {
        "ts": "1689696913.890621",
        "uid": "CO7fZO1LHMrzmQkmbl",
        "id.orig_h": "192.168.144.131",
        "id.orig_p": "37338",
        "id.resp_h": "172.23.0.2",
        "id.resp_p": "8000",
        "proto": "tcp",
        "service": "http",
        "duration": "0.180058",
        "orig_bytes": "348609",
        "resp_bytes": "9226",
        "conn_state": "SF",
        "local_orig": "-",
        "local_resp": "-",
        "missed_bytes": "0",
        "history": "ShADadfF",
        "orig_pkts": "23",
        "orig_ip_bytes": "349813",
        "resp_pkts": "16",
        "resp_ip_bytes": "10066",
        "tunnel_parents": "-"
    },
    {
        "ts": "1689696914.080993",
        "uid": "CgrdRh4KdxbZgkYP83",
        "id.orig_h": "192.168.144.131",
        "id.orig_p": "37340",
        "id.resp_h": "172.23.0.2",
        "id.resp_p": "8000",
        "proto": "tcp",
        "service": "http",
        "duration": "0.048168",
        "orig_bytes": "71924",
        "resp_bytes": "8153",
        "conn_state": "SF",
        "local_orig": "-",
        "local_resp": "-",
        "missed_bytes": "0",
        "history": "ShADadfF",
        "orig_pkts": "12",
        "orig_ip_bytes": "72556",
        "resp_pkts": "11",
        "resp_ip_bytes": "8733",
        "tunnel_parents": "-"
    },
    {
        "ts": "1689696914.138740",
        "uid": "Ctliih1K6ZOG7PONn3",
        "id.orig_h": "192.168.144.131",
        "id.orig_p": "37344",
        "id.resp_h": "172.23.0.2",
        "id.resp_p": "8000",
        "proto": "tcp",
        "service": "http",
        "duration": "0.024157",
        "orig_bytes": "19951",
        "resp_bytes": "12304",
        "conn_state": "SF",
        "local_orig": "-",
        "local_resp": "-",
        "missed_bytes": "0",
        "history": "ShADadfF",
        "orig_pkts": "10",
        "orig_ip_bytes": "20479",
        "resp_pkts": "10",
        "resp_ip_bytes": "12832",
        "tunnel_parents": "-"
    },
    {
        "ts": "1689696914.185773",
        "uid": "CQSrwF2GuP1u9Ca4uk",
        "id.orig_h": "192.168.144.131",
        "id.orig_p": "37348",
        "id.resp_h": "172.23.0.2",
        "id.resp_p": "8000",
        "proto": "tcp",
        "service": "http",
        "duration": "0.020548",
        "orig_bytes": "23769",
        "resp_bytes": "9990",
        "conn_state": "SF",
        "local_orig": "-",
        "local_resp": "-",
        "missed_bytes": "0",
        "history": "ShADadfF",
        "orig_pkts": "9",
        "orig_ip_bytes": "24245",
        "resp_pkts": "11",
        "resp_ip_bytes": "10570",
        "tunnel_parents": "-"
    },
    {
        "ts": "1689696914.225452",
        "uid": "CQocrN1MSF7BgINJh2",
        "id.orig_h": "192.168.144.131",
        "id.orig_p": "37358",
        "id.resp_h": "172.23.0.2",
        "id.resp_p": "8000",
        "proto": "tcp",
        "service": "http",
        "duration": "0.019540",
        "orig_bytes": "9580",
        "resp_bytes": "13683",
        "conn_state": "SF",
        "local_orig": "-",
        "local_resp": "-",
        "missed_bytes": "0",
        "history": "ShADadfF",
        "orig_pkts": "8",
        "orig_ip_bytes": "10004",
        "resp_pkts": "9",
        "resp_ip_bytes": "14159",
        "tunnel_parents": "-"
    },
    {
        "ts": "1689696914.255220",
        "uid": "CxmOtc3H0gqjQVEbr",
        "id.orig_h": "192.168.144.131",
        "id.orig_p": "37366",
        "id.resp_h": "172.23.0.2",
        "id.resp_p": "8000",
        "proto": "tcp",
        "service": "http",
        "duration": "0.013817",
        "orig_bytes": "645",
        "resp_bytes": "478",
        "conn_state": "SF",
        "local_orig": "-",
        "local_resp": "-",
        "missed_bytes": "0",
        "history": "ShADadfF",
        "orig_pkts": "6",
        "orig_ip_bytes": "965",
        "resp_pkts": "6",
        "resp_ip_bytes": "798",
        "tunnel_parents": "-"
    },
    {
        "ts": "1689696914.290086",
        "uid": "CknG9rEiW0IRYbxQf",
        "id.orig_h": "192.168.144.131",
        "id.orig_p": "37370",
        "id.resp_h": "172.23.0.2",
        "id.resp_p": "8000",
        "proto": "tcp",
        "service": "http",
        "duration": "0.325455",
        "orig_bytes": "2681211",
        "resp_bytes": "73089",
        "conn_state": "SF",
        "local_orig": "-",
        "local_resp": "-",
        "missed_bytes": "0",
        "history": "ShADadfF",
        "orig_pkts": "109",
        "orig_ip_bytes": "2686887",
        "resp_pkts": "59",
        "resp_ip_bytes": "76165",
        "tunnel_parents": "-"
    },
    {
        "ts": "1689696914.625021",
        "uid": "CcT4PIeQL6OclrB12",
        "id.orig_h": "192.168.144.131",
        "id.orig_p": "37374",
        "id.resp_h": "172.23.0.2",
        "id.resp_p": "8000",
        "proto": "tcp",
        "service": "http",
        "duration": "0.017680",
        "orig_bytes": "6443",
        "resp_bytes": "9971",
        "conn_state": "SF",
        "local_orig": "-",
        "local_resp": "-",
        "missed_bytes": "0",
        "history": "ShADadftF",
        "orig_pkts": "10",
        "orig_ip_bytes": "6995",
        "resp_pkts": "10",
        "resp_ip_bytes": "11947",
        "tunnel_parents": "-"
    },
    {
        "ts": "1689696914.658049",
        "uid": "CasvSW2ZaUbGPfqit8",
        "id.orig_h": "192.168.144.131",
        "id.orig_p": "37390",
        "id.resp_h": "172.23.0.2",
        "id.resp_p": "8000",
        "proto": "tcp",
        "service": "http",
        "duration": "0.014945",
        "orig_bytes": "659",
        "resp_bytes": "463",
        "conn_state": "SF",
        "local_orig": "-",
        "local_resp": "-",
        "missed_bytes": "0",
        "history": "ShADadfF",
        "orig_pkts": "7",
        "orig_ip_bytes": "1031",
        "resp_pkts": "7",
        "resp_ip_bytes": "835",
        "tunnel_parents": "-"
    },
    {
        "ts": "1689696914.685133",
        "uid": "ClIwlw3rPcp8dym1og",
        "id.orig_h": "192.168.144.131",
        "id.orig_p": "37406",
        "id.resp_h": "172.23.0.2",
        "id.resp_p": "8000",
        "proto": "tcp",
        "service": "http",
        "duration": "0.029099",
        "orig_bytes": "6441",
        "resp_bytes": "66966",
        "conn_state": "SF",
        "local_orig": "-",
        "local_resp": "-",
        "missed_bytes": "0",
        "history": "ShADadfF",
        "orig_pkts": "11",
        "orig_ip_bytes": "7021",
        "resp_pkts": "13",
        "resp_ip_bytes": "67650",
        "tunnel_parents": "-"
    },
    {
        "ts": "1689696914.727424",
        "uid": "CGr37H2TBeONKnggc4",
        "id.orig_h": "192.168.144.131",
        "id.orig_p": "37422",
        "id.resp_h": "172.23.0.2",
        "id.resp_p": "8000",
        "proto": "tcp",
        "service": "http",
        "duration": "0.046699",
        "orig_bytes": "6494",
        "resp_bytes": "64858",
        "conn_state": "SF",
        "local_orig": "-",
        "local_resp": "-",
        "missed_bytes": "0",
        "history": "ShADadfF",
        "orig_pkts": "10",
        "orig_ip_bytes": "7022",
        "resp_pkts": "12",
        "resp_ip_bytes": "65490",
        "tunnel_parents": "-"
    },
    {
        "ts": "1689696914.787526",
        "uid": "CkJ7hm3IwLQ1ra7dli",
        "id.orig_h": "192.168.144.131",
        "id.orig_p": "37438",
        "id.resp_h": "172.23.0.2",
        "id.resp_p": "8000",
        "proto": "tcp",
        "service": "http",
        "duration": "0.038896",
        "orig_bytes": "7063",
        "resp_bytes": "69943",
        "conn_state": "SF",
        "local_orig": "-",
        "local_resp": "-",
        "missed_bytes": "0",
        "history": "ShADadfF",
        "orig_pkts": "13",
        "orig_ip_bytes": "7747",
        "resp_pkts": "14",
        "resp_ip_bytes": "70679",
        "tunnel_parents": "-"
    },
    {
        "ts": "1689696914.847141",
        "uid": "C1SEdT2SEjF32oYWY5",
        "id.orig_h": "192.168.144.131",
        "id.orig_p": "37444",
        "id.resp_h": "172.23.0.2",
        "id.resp_p": "8000",
        "proto": "tcp",
        "service": "http",
        "duration": "0.023512",
        "orig_bytes": "1978",
        "resp_bytes": "488",
        "conn_state": "SF",
        "local_orig": "-",
        "local_resp": "-",
        "missed_bytes": "0",
        "history": "ShADadfF",
        "orig_pkts": "7",
        "orig_ip_bytes": "2350",
        "resp_pkts": "7",
        "resp_ip_bytes": "860",
        "tunnel_parents": "-"
    },
    {
        "ts": "1689696914.901581",
        "uid": "CyKNwG2EKSVZYuN0m6",
        "id.orig_h": "192.168.144.131",
        "id.orig_p": "37458",
        "id.resp_h": "172.23.0.2",
        "id.resp_p": "8000",
        "proto": "tcp",
        "service": "http",
        "duration": "0.019500",
        "orig_bytes": "2164",
        "resp_bytes": "488",
        "conn_state": "SF",
        "local_orig": "-",
        "local_resp": "-",
        "missed_bytes": "0",
        "history": "ShADadfF",
        "orig_pkts": "7",
        "orig_ip_bytes": "2536",
        "resp_pkts": "7",
        "resp_ip_bytes": "860",
        "tunnel_parents": "-"
    },
    {
        "ts": "1689696914.938855",
        "uid": "CFYXk34fz8Hulj3Hh9",
        "id.orig_h": "192.168.144.131",
        "id.orig_p": "37468",
        "id.resp_h": "172.23.0.2",
        "id.resp_p": "8000",
        "proto": "tcp",
        "service": "http",
        "duration": "0.018066",
        "orig_bytes": "1970",
        "resp_bytes": "488",
        "conn_state": "SF",
        "local_orig": "-",
        "local_resp": "-",
        "missed_bytes": "0",
        "history": "ShADadfF",
        "orig_pkts": "7",
        "orig_ip_bytes": "2342",
        "resp_pkts": "7",
        "resp_ip_bytes": "860",
        "tunnel_parents": "-"
    },
    {
        "ts": "1689696914.976350",
        "uid": "Cp1IJB3CNka9c4S8W2",
        "id.orig_h": "192.168.144.131",
        "id.orig_p": "37472",
        "id.resp_h": "172.23.0.2",
        "id.resp_p": "8000",
        "proto": "tcp",
        "service": "http",
        "duration": "0.014038",
        "orig_bytes": "1972",
        "resp_bytes": "488",
        "conn_state": "SF",
        "local_orig": "-",
        "local_resp": "-",
        "missed_bytes": "0",
        "history": "ShADadfF",
        "orig_pkts": "7",
        "orig_ip_bytes": "2344",
        "resp_pkts": "7",
        "resp_ip_bytes": "860",
        "tunnel_parents": "-"
    },
    {
        "ts": "1689696917.680736",
        "uid": "Cxvmka1JUuorqfq4cl",
        "id.orig_h": "192.168.144.131",
        "id.orig_p": "60118",
        "id.resp_h": "172.23.0.2",
        "id.resp_p": "8000",
        "proto": "tcp",
        "service": "http",
        "duration": "0.222272",
        "orig_bytes": "463934",
        "resp_bytes": "11190",
        "conn_state": "SF",
        "local_orig": "-",
        "local_resp": "-",
        "missed_bytes": "0",
        "history": "ShADadfF",
        "orig_pkts": "29",
        "orig_ip_bytes": "465450",
        "resp_pkts": "19",
        "resp_ip_bytes": "12186",
        "tunnel_parents": "-"
    },
    {
        "ts": "1689696917.930747",
        "uid": "CnKSoJ3tOdeD2CElgc",
        "id.orig_h": "192.168.144.131",
        "id.orig_p": "60120",
        "id.resp_h": "172.23.0.2",
        "id.resp_p": "8000",
        "proto": "tcp",
        "service": "http",
        "duration": "0.090507",
        "orig_bytes": "120174",
        "resp_bytes": "11745",
        "conn_state": "SF",
        "local_orig": "-",
        "local_resp": "-",
        "missed_bytes": "0",
        "history": "ShADadfF",
        "orig_pkts": "17",
        "orig_ip_bytes": "121066",
        "resp_pkts": "17",
        "resp_ip_bytes": "12637",
        "tunnel_parents": "-"
    },
    {
        "ts": "1689696918.049227",
        "uid": "COjO8c3C6lHtcQlP45",
        "id.orig_h": "192.168.144.131",
        "id.orig_p": "60128",
        "id.resp_h": "172.23.0.2",
        "id.resp_p": "8000",
        "proto": "tcp",
        "service": "http",
        "duration": "0.024133",
        "orig_bytes": "18373",
        "resp_bytes": "11917",
        "conn_state": "SF",
        "local_orig": "-",
        "local_resp": "-",
        "missed_bytes": "0",
        "history": "ShADadfF",
        "orig_pkts": "10",
        "orig_ip_bytes": "18901",
        "resp_pkts": "10",
        "resp_ip_bytes": "12445",
        "tunnel_parents": "-"
    },
    {
        "ts": "1689696918.106295",
        "uid": "CViMle39fJ4YYhRAj3",
        "id.orig_h": "192.168.144.131",
        "id.orig_p": "60132",
        "id.resp_h": "172.23.0.2",
        "id.resp_p": "8000",
        "proto": "tcp",
        "service": "http",
        "duration": "0.030762",
        "orig_bytes": "4978",
        "resp_bytes": "6433",
        "conn_state": "SF",
        "local_orig": "-",
        "local_resp": "-",
        "missed_bytes": "0",
        "history": "ShADadfF",
        "orig_pkts": "7",
        "orig_ip_bytes": "5350",
        "resp_pkts": "8",
        "resp_ip_bytes": "6857",
        "tunnel_parents": "-"
    },
    {
        "ts": "1689696918.169138",
        "uid": "CfbV0gZq9URmAg5wf",
        "id.orig_h": "192.168.144.131",
        "id.orig_p": "60144",
        "id.resp_h": "172.23.0.2",
        "id.resp_p": "8000",
        "proto": "tcp",
        "service": "http",
        "duration": "0.218369",
        "orig_bytes": "348609",
        "resp_bytes": "9226",
        "conn_state": "SF",
        "local_orig": "-",
        "local_resp": "-",
        "missed_bytes": "0",
        "history": "ShADadfF",
        "orig_pkts": "29",
        "orig_ip_bytes": "350125",
        "resp_pkts": "19",
        "resp_ip_bytes": "10222",
        "tunnel_parents": "-"
    },
    {
        "ts": "1689696918.411114",
        "uid": "CLPKPrrG6QTLcd3C1",
        "id.orig_h": "192.168.144.131",
        "id.orig_p": "60150",
        "id.resp_h": "172.23.0.2",
        "id.resp_p": "8000",
        "proto": "tcp",
        "service": "http",
        "duration": "0.072537",
        "orig_bytes": "71924",
        "resp_bytes": "8153",
        "conn_state": "SF",
        "local_orig": "-",
        "local_resp": "-",
        "missed_bytes": "0",
        "history": "ShADadfF",
        "orig_pkts": "12",
        "orig_ip_bytes": "72556",
        "resp_pkts": "12",
        "resp_ip_bytes": "8785",
        "tunnel_parents": "-"
    },
    {
        "ts": "1689696901.679176",
        "uid": "CzcFfe1ITyYcdO4EO8",
        "id.orig_h": "172.23.0.1",
        "id.orig_p": "5353",
        "id.resp_h": "224.0.0.251",
        "id.resp_p": "5353",
        "proto": "udp",
        "service": "dns",
        "duration": "12.001867",
        "orig_bytes": "1212",
        "resp_bytes": "0",
        "conn_state": "S0",
        "local_orig": "-",
        "local_resp": "-",
        "missed_bytes": "0",
        "history": "D",
        "orig_pkts": "11",
        "orig_ip_bytes": "1520",
        "resp_pkts": "0",
        "resp_ip_bytes": "0",
        "tunnel_parents": "-"
    },
    {
        "ts": "1689696918.515368",
        "uid": "CYB3uPDuKCa1QzsAf",
        "id.orig_h": "192.168.144.131",
        "id.orig_p": "60152",
        "id.resp_h": "172.23.0.2",
        "id.resp_p": "8000",
        "proto": "tcp",
        "service": "http",
        "duration": "0.023595",
        "orig_bytes": "19951",
        "resp_bytes": "12304",
        "conn_state": "SF",
        "local_orig": "-",
        "local_resp": "-",
        "missed_bytes": "0",
        "history": "ShADadfF",
        "orig_pkts": "10",
        "orig_ip_bytes": "20479",
        "resp_pkts": "11",
        "resp_ip_bytes": "12884",
        "tunnel_parents": "-"
    },
    {
        "ts": "1689696918.565130",
        "uid": "C0QLN81q6RAl4SZek1",
        "id.orig_h": "192.168.144.131",
        "id.orig_p": "60168",
        "id.resp_h": "172.23.0.2",
        "id.resp_p": "8000",
        "proto": "tcp",
        "service": "http",
        "duration": "0.041059",
        "orig_bytes": "23769",
        "resp_bytes": "9990",
        "conn_state": "SF",
        "local_orig": "-",
        "local_resp": "-",
        "missed_bytes": "0",
        "history": "ShADadfF",
        "orig_pkts": "9",
        "orig_ip_bytes": "24245",
        "resp_pkts": "11",
        "resp_ip_bytes": "10570",
        "tunnel_parents": "-"
    },
    {
        "ts": "1689696918.634474",
        "uid": "CXOYHF3WUORjhQ9e5d",
        "id.orig_h": "192.168.144.131",
        "id.orig_p": "60172",
        "id.resp_h": "172.23.0.2",
        "id.resp_p": "8000",
        "proto": "tcp",
        "service": "http",
        "duration": "0.034567",
        "orig_bytes": "9580",
        "resp_bytes": "13683",
        "conn_state": "SF",
        "local_orig": "-",
        "local_resp": "-",
        "missed_bytes": "0",
        "history": "ShADadfF",
        "orig_pkts": "8",
        "orig_ip_bytes": "10004",
        "resp_pkts": "9",
        "resp_ip_bytes": "14159",
        "tunnel_parents": "-"
    },
    {
        "ts": "1689696918.694823",
        "uid": "CfA6VA32MC91SiJsMd",
        "id.orig_h": "192.168.144.131",
        "id.orig_p": "60182",
        "id.resp_h": "172.23.0.2",
        "id.resp_p": "8000",
        "proto": "tcp",
        "service": "http",
        "duration": "0.016899",
        "orig_bytes": "645",
        "resp_bytes": "478",
        "conn_state": "SF",
        "local_orig": "-",
        "local_resp": "-",
        "missed_bytes": "0",
        "history": "ShADadfF",
        "orig_pkts": "6",
        "orig_ip_bytes": "965",
        "resp_pkts": "6",
        "resp_ip_bytes": "798",
        "tunnel_parents": "-"
    },
    {
        "ts": "1689696918.741019",
        "uid": "CXY1aH1YklgGlyhQif",
        "id.orig_h": "192.168.144.131",
        "id.orig_p": "60186",
        "id.resp_h": "172.23.0.2",
        "id.resp_p": "8000",
        "proto": "tcp",
        "service": "http",
        "duration": "0.556020",
        "orig_bytes": "2681211",
        "resp_bytes": "73089",
        "conn_state": "SF",
        "local_orig": "-",
        "local_resp": "-",
        "missed_bytes": "0",
        "history": "ShADadfF",
        "orig_pkts": "135",
        "orig_ip_bytes": "2688239",
        "resp_pkts": "65",
        "resp_ip_bytes": "76477",
        "tunnel_parents": "-"
    },
    {
        "ts": "1689696919.313146",
        "uid": "C6H4Xa4s9v86rxKJu1",
        "id.orig_h": "192.168.144.131",
        "id.orig_p": "60200",
        "id.resp_h": "172.23.0.2",
        "id.resp_p": "8000",
        "proto": "tcp",
        "service": "http",
        "duration": "0.034233",
        "orig_bytes": "6443",
        "resp_bytes": "9971",
        "conn_state": "SF",
        "local_orig": "-",
        "local_resp": "-",
        "missed_bytes": "0",
        "history": "ShADadfF",
        "orig_pkts": "8",
        "orig_ip_bytes": "6867",
        "resp_pkts": "10",
        "resp_ip_bytes": "10499",
        "tunnel_parents": "-"
    },
    {
        "ts": "1689696919.380932",
        "uid": "CAoUQvhTX3QDXSIB3",
        "id.orig_h": "192.168.144.131",
        "id.orig_p": "60216",
        "id.resp_h": "172.23.0.2",
        "id.resp_p": "8000",
        "proto": "tcp",
        "service": "http",
        "duration": "0.020625",
        "orig_bytes": "659",
        "resp_bytes": "463",
        "conn_state": "SF",
        "local_orig": "-",
        "local_resp": "-",
        "missed_bytes": "0",
        "history": "ShADadfF",
        "orig_pkts": "6",
        "orig_ip_bytes": "979",
        "resp_pkts": "6",
        "resp_ip_bytes": "783",
        "tunnel_parents": "-"
    },
    {
        "ts": "1689696919.429455",
        "uid": "ClayAz38O9rQ6Nxd7f",
        "id.orig_h": "192.168.144.131",
        "id.orig_p": "60218",
        "id.resp_h": "172.23.0.2",
        "id.resp_p": "8000",
        "proto": "tcp",
        "service": "http",
        "duration": "0.055596",
        "orig_bytes": "6441",
        "resp_bytes": "66966",
        "conn_state": "SF",
        "local_orig": "-",
        "local_resp": "-",
        "missed_bytes": "0",
        "history": "ShADadfF",
        "orig_pkts": "13",
        "orig_ip_bytes": "7125",
        "resp_pkts": "13",
        "resp_ip_bytes": "67650",
        "tunnel_parents": "-"
    },
    {
        "ts": "1689696919.513212",
        "uid": "Cmp52n2oTG8iEs5p2l",
        "id.orig_h": "192.168.144.131",
        "id.orig_p": "60220",
        "id.resp_h": "172.23.0.2",
        "id.resp_p": "8000",
        "proto": "tcp",
        "service": "http",
        "duration": "0.048004",
        "orig_bytes": "6494",
        "resp_bytes": "64858",
        "conn_state": "SF",
        "local_orig": "-",
        "local_resp": "-",
        "missed_bytes": "0",
        "history": "ShADadfF",
        "orig_pkts": "11",
        "orig_ip_bytes": "7074",
        "resp_pkts": "12",
        "resp_ip_bytes": "65490",
        "tunnel_parents": "-"
    },
    {
        "ts": "1689696919.581088",
        "uid": "CPYhCD18ZXT6kVfnd3",
        "id.orig_h": "192.168.144.131",
        "id.orig_p": "60226",
        "id.resp_h": "172.23.0.2",
        "id.resp_p": "8000",
        "proto": "tcp",
        "service": "http",
        "duration": "0.066872",
        "orig_bytes": "7063",
        "resp_bytes": "69943",
        "conn_state": "SF",
        "local_orig": "-",
        "local_resp": "-",
        "missed_bytes": "0",
        "history": "ShADadfF",
        "orig_pkts": "11",
        "orig_ip_bytes": "7643",
        "resp_pkts": "13",
        "resp_ip_bytes": "70627",
        "tunnel_parents": "-"
    },
    {
        "ts": "1689696919.669428",
        "uid": "CiCMcK3RInMR94NGv6",
        "id.orig_h": "192.168.144.131",
        "id.orig_p": "60242",
        "id.resp_h": "172.23.0.2",
        "id.resp_p": "8000",
        "proto": "tcp",
        "service": "http",
        "duration": "0.033132",
        "orig_bytes": "1978",
        "resp_bytes": "488",
        "conn_state": "SF",
        "local_orig": "-",
        "local_resp": "-",
        "missed_bytes": "0",
        "history": "ShADadfF",
        "orig_pkts": "7",
        "orig_ip_bytes": "2350",
        "resp_pkts": "7",
        "resp_ip_bytes": "860",
        "tunnel_parents": "-"
    },
    {
        "ts": "1689696919.739523",
        "uid": "CwtRcX1kRFpY80NfLa",
        "id.orig_h": "192.168.144.131",
        "id.orig_p": "60244",
        "id.resp_h": "172.23.0.2",
        "id.resp_p": "8000",
        "proto": "tcp",
        "service": "http",
        "duration": "0.026144",
        "orig_bytes": "2164",
        "resp_bytes": "488",
        "conn_state": "SF",
        "local_orig": "-",
        "local_resp": "-",
        "missed_bytes": "0",
        "history": "ShADadfF",
        "orig_pkts": "7",
        "orig_ip_bytes": "2536",
        "resp_pkts": "7",
        "resp_ip_bytes": "860",
        "tunnel_parents": "-"
    },
    {
        "ts": "1689696919.795125",
        "uid": "CMcYO741uiUiBSqOMd",
        "id.orig_h": "192.168.144.131",
        "id.orig_p": "60260",
        "id.resp_h": "172.23.0.2",
        "id.resp_p": "8000",
        "proto": "tcp",
        "service": "http",
        "duration": "0.029978",
        "orig_bytes": "1970",
        "resp_bytes": "488",
        "conn_state": "SF",
        "local_orig": "-",
        "local_resp": "-",
        "missed_bytes": "0",
        "history": "ShADadfF",
        "orig_pkts": "7",
        "orig_ip_bytes": "2342",
        "resp_pkts": "7",
        "resp_ip_bytes": "860",
        "tunnel_parents": "-"
    },
    {
        "ts": "1689696919.845821",
        "uid": "C8iIeY1oJLMRCU5bzg",
        "id.orig_h": "192.168.144.131",
        "id.orig_p": "60264",
        "id.resp_h": "172.23.0.2",
        "id.resp_p": "8000",
        "proto": "tcp",
        "service": "http",
        "duration": "0.023200",
        "orig_bytes": "1972",
        "resp_bytes": "488",
        "conn_state": "SF",
        "local_orig": "-",
        "local_resp": "-",
        "missed_bytes": "0",
        "history": "ShADadfF",
        "orig_pkts": "7",
        "orig_ip_bytes": "2344",
        "resp_pkts": "7",
        "resp_ip_bytes": "860",
        "tunnel_parents": "-"
    },
    {
        "ts": "1689696922.985946",
        "uid": "CkUghz4tG2BBcBILH9",
        "id.orig_h": "192.168.144.131",
        "id.orig_p": "60276",
        "id.resp_h": "172.23.0.2",
        "id.resp_p": "8000",
        "proto": "tcp",
        "service": "http",
        "duration": "0.214984",
        "orig_bytes": "463934",
        "resp_bytes": "11190",
        "conn_state": "SF",
        "local_orig": "-",
        "local_resp": "-",
        "missed_bytes": "0",
        "history": "ShADadfF",
        "orig_pkts": "32",
        "orig_ip_bytes": "465606",
        "resp_pkts": "22",
        "resp_ip_bytes": "12342",
        "tunnel_parents": "-"
    },
    {
        "ts": "1689696923.213053",
        "uid": "CDjgO51lJ3nanE8Kk1",
        "id.orig_h": "192.168.144.131",
        "id.orig_p": "60280",
        "id.resp_h": "172.23.0.2",
        "id.resp_p": "8000",
        "proto": "tcp",
        "service": "http",
        "duration": "0.091816",
        "orig_bytes": "120174",
        "resp_bytes": "11745",
        "conn_state": "SF",
        "local_orig": "-",
        "local_resp": "-",
        "missed_bytes": "0",
        "history": "ShADadfF",
        "orig_pkts": "17",
        "orig_ip_bytes": "121066",
        "resp_pkts": "17",
        "resp_ip_bytes": "12637",
        "tunnel_parents": "-"
    },
    {
        "ts": "1689696923.334948",
        "uid": "Cnh7Ad3CAEQWuO0GXb",
        "id.orig_h": "192.168.144.131",
        "id.orig_p": "60290",
        "id.resp_h": "172.23.0.2",
        "id.resp_p": "8000",
        "proto": "tcp",
        "service": "http",
        "duration": "0.030149",
        "orig_bytes": "18373",
        "resp_bytes": "11917",
        "conn_state": "SF",
        "local_orig": "-",
        "local_resp": "-",
        "missed_bytes": "0",
        "history": "ShADadfF",
        "orig_pkts": "9",
        "orig_ip_bytes": "18849",
        "resp_pkts": "10",
        "resp_ip_bytes": "12445",
        "tunnel_parents": "-"
    },
    {
        "ts": "1689696923.394068",
        "uid": "CoefAy4c4e9QBH1Qik",
        "id.orig_h": "192.168.144.131",
        "id.orig_p": "60300",
        "id.resp_h": "172.23.0.2",
        "id.resp_p": "8000",
        "proto": "tcp",
        "service": "http",
        "duration": "0.024168",
        "orig_bytes": "4978",
        "resp_bytes": "6433",
        "conn_state": "SF",
        "local_orig": "-",
        "local_resp": "-",
        "missed_bytes": "0",
        "history": "ShADadfF",
        "orig_pkts": "7",
        "orig_ip_bytes": "5350",
        "resp_pkts": "8",
        "resp_ip_bytes": "6857",
        "tunnel_parents": "-"
    },
    {
        "ts": "1689696923.453892",
        "uid": "Cd4QhA30QfErc9hMHc",
        "id.orig_h": "192.168.144.131",
        "id.orig_p": "60316",
        "id.resp_h": "172.23.0.2",
        "id.resp_p": "8000",
        "proto": "tcp",
        "service": "http",
        "duration": "0.216766",
        "orig_bytes": "348609",
        "resp_bytes": "9226",
        "conn_state": "SF",
        "local_orig": "-",
        "local_resp": "-",
        "missed_bytes": "0",
        "history": "ShADadfF",
        "orig_pkts": "27",
        "orig_ip_bytes": "350021",
        "resp_pkts": "18",
        "resp_ip_bytes": "10170",
        "tunnel_parents": "-"
    },
    {
        "ts": "1689696923.700862",
        "uid": "CZEjcQ84U8ViYpAJ",
        "id.orig_h": "192.168.144.131",
        "id.orig_p": "60324",
        "id.resp_h": "172.23.0.2",
        "id.resp_p": "8000",
        "proto": "tcp",
        "service": "http",
        "duration": "0.078742",
        "orig_bytes": "71924",
        "resp_bytes": "8153",
        "conn_state": "SF",
        "local_orig": "-",
        "local_resp": "-",
        "missed_bytes": "0",
        "history": "ShADadfF",
        "orig_pkts": "12",
        "orig_ip_bytes": "72556",
        "resp_pkts": "11",
        "resp_ip_bytes": "8733",
        "tunnel_parents": "-"
    },
    {
        "ts": "1689696923.801493",
        "uid": "COZ70R2NBewQSADlEk",
        "id.orig_h": "192.168.144.131",
        "id.orig_p": "60334",
        "id.resp_h": "172.23.0.2",
        "id.resp_p": "8000",
        "proto": "tcp",
        "service": "http",
        "duration": "0.047628",
        "orig_bytes": "19951",
        "resp_bytes": "12304",
        "conn_state": "SF",
        "local_orig": "-",
        "local_resp": "-",
        "missed_bytes": "0",
        "history": "ShADadfF",
        "orig_pkts": "9",
        "orig_ip_bytes": "20427",
        "resp_pkts": "10",
        "resp_ip_bytes": "12832",
        "tunnel_parents": "-"
    },
    {
        "ts": "1689696923.891074",
        "uid": "CoV7Sr2HwZpx0RSb96",
        "id.orig_h": "192.168.144.131",
        "id.orig_p": "60342",
        "id.resp_h": "172.23.0.2",
        "id.resp_p": "8000",
        "proto": "tcp",
        "service": "http",
        "duration": "0.038661",
        "orig_bytes": "23769",
        "resp_bytes": "9990",
        "conn_state": "SF",
        "local_orig": "-",
        "local_resp": "-",
        "missed_bytes": "0",
        "history": "ShADadfF",
        "orig_pkts": "9",
        "orig_ip_bytes": "24245",
        "resp_pkts": "10",
        "resp_ip_bytes": "10518",
        "tunnel_parents": "-"
    },
    {
        "ts": "1689696923.969438",
        "uid": "CUSQ314XfHw2bnORig",
        "id.orig_h": "192.168.144.131",
        "id.orig_p": "60344",
        "id.resp_h": "172.23.0.2",
        "id.resp_p": "8000",
        "proto": "tcp",
        "service": "http",
        "duration": "0.032738",
        "orig_bytes": "9580",
        "resp_bytes": "13683",
        "conn_state": "SF",
        "local_orig": "-",
        "local_resp": "-",
        "missed_bytes": "0",
        "history": "ShADadfF",
        "orig_pkts": "8",
        "orig_ip_bytes": "10004",
        "resp_pkts": "9",
        "resp_ip_bytes": "14159",
        "tunnel_parents": "-"
    },
    {
        "ts": "1689696924.025950",
        "uid": "ChsJhoPoUdmMqvird",
        "id.orig_h": "192.168.144.131",
        "id.orig_p": "60352",
        "id.resp_h": "172.23.0.2",
        "id.resp_p": "8000",
        "proto": "tcp",
        "service": "http",
        "duration": "0.024596",
        "orig_bytes": "645",
        "resp_bytes": "478",
        "conn_state": "SF",
        "local_orig": "-",
        "local_resp": "-",
        "missed_bytes": "0",
        "history": "ShADadfF",
        "orig_pkts": "6",
        "orig_ip_bytes": "965",
        "resp_pkts": "6",
        "resp_ip_bytes": "798",
        "tunnel_parents": "-"
    },
    {
        "ts": "1689696924.075255",
        "uid": "CH10oC39earDJmsSm",
        "id.orig_h": "192.168.144.131",
        "id.orig_p": "60354",
        "id.resp_h": "172.23.0.2",
        "id.resp_p": "8000",
        "proto": "tcp",
        "service": "http",
        "duration": "0.508466",
        "orig_bytes": "2681211",
        "resp_bytes": "73089",
        "conn_state": "SF",
        "local_orig": "-",
        "local_resp": "-",
        "missed_bytes": "0",
        "history": "ShADadfF",
        "orig_pkts": "103",
        "orig_ip_bytes": "2686575",
        "resp_pkts": "54",
        "resp_ip_bytes": "75905",
        "tunnel_parents": "-"
    },
    {
        "ts": "1689696924.602117",
        "uid": "CPE1ulihuqMcGyJn",
        "id.orig_h": "192.168.144.131",
        "id.orig_p": "60368",
        "id.resp_h": "172.23.0.2",
        "id.resp_p": "8000",
        "proto": "tcp",
        "service": "http",
        "duration": "0.039650",
        "orig_bytes": "6443",
        "resp_bytes": "9971",
        "conn_state": "SF",
        "local_orig": "-",
        "local_resp": "-",
        "missed_bytes": "0",
        "history": "ShADadfF",
        "orig_pkts": "7",
        "orig_ip_bytes": "6815",
        "resp_pkts": "9",
        "resp_ip_bytes": "10447",
        "tunnel_parents": "-"
    },
    {
        "ts": "1689696924.668770",
        "uid": "CvDvYVkSDWQMuvRGh",
        "id.orig_h": "192.168.144.131",
        "id.orig_p": "60378",
        "id.resp_h": "172.23.0.2",
        "id.resp_p": "8000",
        "proto": "tcp",
        "service": "http",
        "duration": "0.010172",
        "orig_bytes": "659",
        "resp_bytes": "463",
        "conn_state": "SF",
        "local_orig": "-",
        "local_resp": "-",
        "missed_bytes": "0",
        "history": "ShADadfF",
        "orig_pkts": "6",
        "orig_ip_bytes": "979",
        "resp_pkts": "6",
        "resp_ip_bytes": "783",
        "tunnel_parents": "-"
    },
    {
        "ts": "1689696924.700336",
        "uid": "C2CCy6X3TLhXUDEB1",
        "id.orig_h": "192.168.144.131",
        "id.orig_p": "60382",
        "id.resp_h": "172.23.0.2",
        "id.resp_p": "8000",
        "proto": "tcp",
        "service": "http",
        "duration": "0.056833",
        "orig_bytes": "6441",
        "resp_bytes": "66966",
        "conn_state": "SF",
        "local_orig": "-",
        "local_resp": "-",
        "missed_bytes": "0",
        "history": "ShADadfF",
        "orig_pkts": "11",
        "orig_ip_bytes": "7021",
        "resp_pkts": "13",
        "resp_ip_bytes": "67650",
        "tunnel_parents": "-"
    },
    {
        "ts": "1689696924.796731",
        "uid": "CHf0hhJdV7htkMZKl",
        "id.orig_h": "192.168.144.131",
        "id.orig_p": "60394",
        "id.resp_h": "172.23.0.2",
        "id.resp_p": "8000",
        "proto": "tcp",
        "service": "http",
        "duration": "0.058505",
        "orig_bytes": "6494",
        "resp_bytes": "64858",
        "conn_state": "SF",
        "local_orig": "-",
        "local_resp": "-",
        "missed_bytes": "0",
        "history": "ShADadfF",
        "orig_pkts": "11",
        "orig_ip_bytes": "7074",
        "resp_pkts": "13",
        "resp_ip_bytes": "65542",
        "tunnel_parents": "-"
    },
    {
        "ts": "1689696924.897554",
        "uid": "Clg8Sz3eocc7ZNbmw6",
        "id.orig_h": "192.168.144.131",
        "id.orig_p": "60410",
        "id.resp_h": "172.23.0.2",
        "id.resp_p": "8000",
        "proto": "tcp",
        "service": "http",
        "duration": "0.053349",
        "orig_bytes": "7063",
        "resp_bytes": "69943",
        "conn_state": "SF",
        "local_orig": "-",
        "local_resp": "-",
        "missed_bytes": "0",
        "history": "ShADadfF",
        "orig_pkts": "12",
        "orig_ip_bytes": "7695",
        "resp_pkts": "13",
        "resp_ip_bytes": "70627",
        "tunnel_parents": "-"
    },
    {
        "ts": "1689696924.979089",
        "uid": "CIL3844I7oy6hOaeyk",
        "id.orig_h": "192.168.144.131",
        "id.orig_p": "60414",
        "id.resp_h": "172.23.0.2",
        "id.resp_p": "8000",
        "proto": "tcp",
        "service": "http",
        "duration": "0.036602",
        "orig_bytes": "1978",
        "resp_bytes": "488",
        "conn_state": "SF",
        "local_orig": "-",
        "local_resp": "-",
        "missed_bytes": "0",
        "history": "ShADadfF",
        "orig_pkts": "7",
        "orig_ip_bytes": "2350",
        "resp_pkts": "7",
        "resp_ip_bytes": "860",
        "tunnel_parents": "-"
    },
    {
        "ts": "1689696925.048265",
        "uid": "CSFW8w35iNwbTLMVAi",
        "id.orig_h": "192.168.144.131",
        "id.orig_p": "47040",
        "id.resp_h": "172.23.0.2",
        "id.resp_p": "8000",
        "proto": "tcp",
        "service": "http",
        "duration": "0.022160",
        "orig_bytes": "2164",
        "resp_bytes": "488",
        "conn_state": "SF",
        "local_orig": "-",
        "local_resp": "-",
        "missed_bytes": "0",
        "history": "ShADadfF",
        "orig_pkts": "7",
        "orig_ip_bytes": "2536",
        "resp_pkts": "7",
        "resp_ip_bytes": "860",
        "tunnel_parents": "-"
    },
    {
        "ts": "1689696925.105277",
        "uid": "C8lnLk3MnyQc6YXcUf",
        "id.orig_h": "192.168.144.131",
        "id.orig_p": "47044",
        "id.resp_h": "172.23.0.2",
        "id.resp_p": "8000",
        "proto": "tcp",
        "service": "http",
        "duration": "0.016199",
        "orig_bytes": "1970",
        "resp_bytes": "488",
        "conn_state": "SF",
        "local_orig": "-",
        "local_resp": "-",
        "missed_bytes": "0",
        "history": "ShADadfF",
        "orig_pkts": "7",
        "orig_ip_bytes": "2342",
        "resp_pkts": "7",
        "resp_ip_bytes": "860",
        "tunnel_parents": "-"
    },
    {
        "ts": "1689696925.138992",
        "uid": "CMjIIC1YJTOdg9eqN6",
        "id.orig_h": "192.168.144.131",
        "id.orig_p": "47060",
        "id.resp_h": "172.23.0.2",
        "id.resp_p": "8000",
        "proto": "tcp",
        "service": "http",
        "duration": "0.013955",
        "orig_bytes": "1972",
        "resp_bytes": "488",
        "conn_state": "SF",
        "local_orig": "-",
        "local_resp": "-",
        "missed_bytes": "0",
        "history": "ShADadfF",
        "orig_pkts": "7",
        "orig_ip_bytes": "2344",
        "resp_pkts": "7",
        "resp_ip_bytes": "860",
        "tunnel_parents": "-"
    },
    {
        "ts": "1689696902.741615",
        "uid": "CJHj8t2QHvoOm0O1Dd",
        "id.orig_h": "fe80::2448:62ff:fe50:7c99",
        "id.orig_p": "5353",
        "id.resp_h": "ff02::fb",
        "id.resp_p": "5353",
        "proto": "udp",
        "service": "dns",
        "duration": "15.003418",
        "orig_bytes": "1161",
        "resp_bytes": "0",
        "conn_state": "S0",
        "local_orig": "-",
        "local_resp": "-",
        "missed_bytes": "0",
        "history": "D",
        "orig_pkts": "11",
        "orig_ip_bytes": "1689",
        "resp_pkts": "0",
        "resp_ip_bytes": "0",
        "tunnel_parents": "-"
    },
    {
        "ts": "1689696929.681450",
        "uid": "CM47Xxhj5m6dLv9A5",
        "id.orig_h": "172.23.0.1",
        "id.orig_p": "5353",
        "id.resp_h": "224.0.0.251",
        "id.resp_p": "5353",
        "proto": "udp",
        "service": "dns",
        "duration": "-",
        "orig_bytes": "-",
        "resp_bytes": "-",
        "conn_state": "S0",
        "local_orig": "-",
        "local_resp": "-",
        "missed_bytes": "0",
        "history": "D",
        "orig_pkts": "1",
        "orig_ip_bytes": "73",
        "resp_pkts": "0",
        "resp_ip_bytes": "0",
        "tunnel_parents": "-"
    },
    {
        "ts": "1689696933.745801",
        "uid": "CjEciQ3StrEF4jXSl6",
        "id.orig_h": "fe80::2448:62ff:fe50:7c99",
        "id.orig_p": "5353",
        "id.resp_h": "ff02::fb",
        "id.resp_p": "5353",
        "proto": "udp",
        "service": "dns",
        "duration": "-",
        "orig_bytes": "-",
        "resp_bytes": "-",
        "conn_state": "S0",
        "local_orig": "-",
        "local_resp": "-",
        "missed_bytes": "0",
        "history": "D",
        "orig_pkts": "1",
        "orig_ip_bytes": "93",
        "resp_pkts": "0",
        "resp_ip_bytes": "0",
        "tunnel_parents": "-"
    },
    {
        "ts": "1689696902.198229",
        "uid": "CzPAAh2onvtU7HuzD1",
        "id.orig_h": "fe80::42:48ff:fe97:4437",
        "id.orig_p": "5353",
        "id.resp_h": "ff02::fb",
        "id.resp_p": "5353",
        "proto": "udp",
        "service": "dns",
        "duration": "31.007990",
        "orig_bytes": "1206",
        "resp_bytes": "0",
        "conn_state": "S0",
        "local_orig": "-",
        "local_resp": "-",
        "missed_bytes": "0",
        "history": "D",
        "orig_pkts": "12",
        "orig_ip_bytes": "1782",
        "resp_pkts": "0",
        "resp_ip_bytes": "0",
        "tunnel_parents": "-"
    },
    {
        "ts": "1689696901.616863",
        "uid": "C06dQd4ygHZCcWN2H8",
        "id.orig_h": "::",
        "id.orig_p": "135",
        "id.resp_h": "ff02::1:ff50:7c99",
        "id.resp_p": "136",
        "proto": "icmp",
        "service": "-",
        "duration": "-",
        "orig_bytes": "-",
        "resp_bytes": "-",
        "conn_state": "OTH",
        "local_orig": "-",
        "local_resp": "-",
        "missed_bytes": "0",
        "history": "-",
        "orig_pkts": "1",
        "orig_ip_bytes": "72",
        "resp_pkts": "0",
        "resp_ip_bytes": "0",
        "tunnel_parents": "-"
    },
    {
        "ts": "1689696902.097020",
        "uid": "Co0GFX1rDZHaBl01za",
        "id.orig_h": "fe80::42:48ff:fe97:4437",
        "id.orig_p": "143",
        "id.resp_h": "ff02::16",
        "id.resp_p": "0",
        "proto": "icmp",
        "service": "-",
        "duration": "0.736019",
        "orig_bytes": "140",
        "resp_bytes": "0",
        "conn_state": "OTH",
        "local_orig": "-",
        "local_resp": "-",
        "missed_bytes": "0",
        "history": "-",
        "orig_pkts": "4",
        "orig_ip_bytes": "364",
        "resp_pkts": "0",
        "resp_ip_bytes": "0",
        "tunnel_parents": "-"
    },
    {
        "ts": "1689696902.640972",
        "uid": "Cz89kz42lWycT92lvf",
        "id.orig_h": "fe80::2448:62ff:fe50:7c99",
        "id.orig_p": "143",
        "id.resp_h": "ff02::16",
        "id.resp_p": "0",
        "proto": "icmp",
        "service": "-",
        "duration": "0.288033",
        "orig_bytes": "100",
        "resp_bytes": "0",
        "conn_state": "OTH",
        "local_orig": "-",
        "local_resp": "-",
        "missed_bytes": "0",
        "history": "-",
        "orig_pkts": "4",
        "orig_ip_bytes": "324",
        "resp_pkts": "0",
        "resp_ip_bytes": "0",
        "tunnel_parents": "-"
    },
    {
        "ts": "1689696961.689646",
        "uid": "CMQyQh1YW6NFytyBdi",
        "id.orig_h": "172.23.0.1",
        "id.orig_p": "5353",
        "id.resp_h": "224.0.0.251",
        "id.resp_p": "5353",
        "proto": "udp",
        "service": "dns",
        "duration": "-",
        "orig_bytes": "-",
        "resp_bytes": "-",
        "conn_state": "S0",
        "local_orig": "-",
        "local_resp": "-",
        "missed_bytes": "0",
        "history": "D",
        "orig_pkts": "1",
        "orig_ip_bytes": "73",
        "resp_pkts": "0",
        "resp_ip_bytes": "0",
        "tunnel_parents": "-"
    },
    {
        "ts": "1689696966.648808",
        "uid": "COG5RJJoIUikmp2c3",
        "id.orig_h": "192.168.144.128",
        "id.orig_p": "60082",
        "id.resp_h": "172.23.0.2",
        "id.resp_p": "8000",
        "proto": "tcp",
        "service": "http",
        "duration": "0.422091",
        "orig_bytes": "2029",
        "resp_bytes": "971",
        "conn_state": "SF",
        "local_orig": "-",
        "local_resp": "-",
        "missed_bytes": "0",
        "history": "ShADadfF",
        "orig_pkts": "8",
        "orig_ip_bytes": "2453",
        "resp_pkts": "8",
        "resp_ip_bytes": "1395",
        "tunnel_parents": "-"
    },
    {
        "ts": "1689696967.098125",
        "uid": "CLSQxo2wdoZX2Um7K2",
        "id.orig_h": "192.168.144.128",
        "id.orig_p": "60084",
        "id.resp_h": "172.23.0.2",
        "id.resp_p": "8000",
        "proto": "tcp",
        "service": "http",
        "duration": "0.044652",
        "orig_bytes": "650",
        "resp_bytes": "620",
        "conn_state": "SF",
        "local_orig": "-",
        "local_resp": "-",
        "missed_bytes": "0",
        "history": "ShADadfF",
        "orig_pkts": "7",
        "orig_ip_bytes": "1022",
        "resp_pkts": "7",
        "resp_ip_bytes": "992",
        "tunnel_parents": "-"
    },
    {
        "ts": "1689696967.161962",
        "uid": "CyrxTi4X2fJfCBqfZd",
        "id.orig_h": "192.168.144.128",
        "id.orig_p": "60086",
        "id.resp_h": "172.23.0.2",
        "id.resp_p": "8000",
        "proto": "tcp",
        "service": "http",
        "duration": "0.999246",
        "orig_bytes": "636",
        "resp_bytes": "1865",
        "conn_state": "SF",
        "local_orig": "-",
        "local_resp": "-",
        "missed_bytes": "0",
        "history": "ShADadfF",
        "orig_pkts": "8",
        "orig_ip_bytes": "1060",
        "resp_pkts": "8",
        "resp_ip_bytes": "2289",
        "tunnel_parents": "-"
    },
    {
        "ts": "1689696968.180173",
        "uid": "CvIQ5q4txWodhYMkW1",
        "id.orig_h": "192.168.144.128",
        "id.orig_p": "60090",
        "id.resp_h": "172.23.0.2",
        "id.resp_p": "8000",
        "proto": "tcp",
        "service": "http",
        "duration": "0.044841",
        "orig_bytes": "607",
        "resp_bytes": "463",
        "conn_state": "SF",
        "local_orig": "-",
        "local_resp": "-",
        "missed_bytes": "0",
        "history": "ShADadfF",
        "orig_pkts": "6",
        "orig_ip_bytes": "927",
        "resp_pkts": "6",
        "resp_ip_bytes": "783",
        "tunnel_parents": "-"
    },
    {
        "ts": "1689696965.211247",
        "uid": "CWKov71M9XHL5sbbz4",
        "id.orig_h": "fe80::42:48ff:fe97:4437",
        "id.orig_p": "5353",
        "id.resp_h": "ff02::fb",
        "id.resp_p": "5353",
        "proto": "udp",
        "service": "dns",
        "duration": "-",
        "orig_bytes": "-",
        "resp_bytes": "-",
        "conn_state": "S0",
        "local_orig": "-",
        "local_resp": "-",
        "missed_bytes": "0",
        "history": "D",
        "orig_pkts": "1",
        "orig_ip_bytes": "93",
        "resp_pkts": "0",
        "resp_ip_bytes": "0",
        "tunnel_parents": "-"
    },
    {
        "ts": "1689696965.746023",
        "uid": "C2xiXl2d4zaeWMUmNd",
        "id.orig_h": "fe80::2448:62ff:fe50:7c99",
        "id.orig_p": "5353",
        "id.resp_h": "ff02::fb",
        "id.resp_p": "5353",
        "proto": "udp",
        "service": "dns",
        "duration": "-",
        "orig_bytes": "-",
        "resp_bytes": "-",
        "conn_state": "S0",
        "local_orig": "-",
        "local_resp": "-",
        "missed_bytes": "0",
        "history": "D",
        "orig_pkts": "1",
        "orig_ip_bytes": "93",
        "resp_pkts": "0",
        "resp_ip_bytes": "0",
        "tunnel_parents": "-"
    },
    {
        "ts": "1689696971.470232",
        "uid": "CdCp9tjYzCKSSUIRi",
        "id.orig_h": "192.168.144.128",
        "id.orig_p": "60092",
        "id.resp_h": "172.23.0.2",
        "id.resp_p": "8000",
        "proto": "tcp",
        "service": "http",
        "duration": "0.022833",
        "orig_bytes": "2029",
        "resp_bytes": "971",
        "conn_state": "SF",
        "local_orig": "-",
        "local_resp": "-",
        "missed_bytes": "0",
        "history": "ShADadfF",
        "orig_pkts": "7",
        "orig_ip_bytes": "2401",
        "resp_pkts": "6",
        "resp_ip_bytes": "1291",
        "tunnel_parents": "-"
    },
    {
        "ts": "1689696971.504291",
        "uid": "CaZoVJ5Rc3lOCnFCg",
        "id.orig_h": "192.168.144.128",
        "id.orig_p": "60094",
        "id.resp_h": "172.23.0.2",
        "id.resp_p": "8000",
        "proto": "tcp",
        "service": "http",
        "duration": "0.008773",
        "orig_bytes": "650",
        "resp_bytes": "620",
        "conn_state": "SF",
        "local_orig": "-",
        "local_resp": "-",
        "missed_bytes": "0",
        "history": "ShADadfF",
        "orig_pkts": "7",
        "orig_ip_bytes": "1022",
        "resp_pkts": "6",
        "resp_ip_bytes": "940",
        "tunnel_parents": "-"
    },
    {
        "ts": "1689696971.524987",
        "uid": "Cw7QB72Us1y5RXfXQe",
        "id.orig_h": "192.168.144.128",
        "id.orig_p": "60096",
        "id.resp_h": "172.23.0.2",
        "id.resp_p": "8000",
        "proto": "tcp",
        "service": "http",
        "duration": "0.166856",
        "orig_bytes": "636",
        "resp_bytes": "1865",
        "conn_state": "SF",
        "local_orig": "-",
        "local_resp": "-",
        "missed_bytes": "0",
        "history": "ShADadfF",
        "orig_pkts": "7",
        "orig_ip_bytes": "1008",
        "resp_pkts": "7",
        "resp_ip_bytes": "2237",
        "tunnel_parents": "-"
    },
    {
        "ts": "1689696971.709927",
        "uid": "CkpC091J7mkZK6rjg9",
        "id.orig_h": "192.168.144.128",
        "id.orig_p": "60098",
        "id.resp_h": "172.23.0.2",
        "id.resp_p": "8000",
        "proto": "tcp",
        "service": "http",
        "duration": "0.016823",
        "orig_bytes": "607",
        "resp_bytes": "463",
        "conn_state": "SF",
        "local_orig": "-",
        "local_resp": "-",
        "missed_bytes": "0",
        "history": "ShADadfF",
        "orig_pkts": "7",
        "orig_ip_bytes": "979",
        "resp_pkts": "7",
        "resp_ip_bytes": "835",
        "tunnel_parents": "-"
    },
    {
        "ts": "1689696973.493336",
        "uid": "CmoabS10BRFCQ0Tdph",
        "id.orig_h": "192.168.144.128",
        "id.orig_p": "60100",
        "id.resp_h": "172.23.0.2",
        "id.resp_p": "8000",
        "proto": "tcp",
        "service": "http",
        "duration": "0.019817",
        "orig_bytes": "2029",
        "resp_bytes": "971",
        "conn_state": "SF",
        "local_orig": "-",
        "local_resp": "-",
        "missed_bytes": "0",
        "history": "ShADadfF",
        "orig_pkts": "7",
        "orig_ip_bytes": "2401",
        "resp_pkts": "6",
        "resp_ip_bytes": "1291",
        "tunnel_parents": "-"
    },
    {
        "ts": "1689696973.526447",
        "uid": "CmFLXk2RXTeoSSNgX8",
        "id.orig_h": "192.168.144.128",
        "id.orig_p": "60102",
        "id.resp_h": "172.23.0.2",
        "id.resp_p": "8000",
        "proto": "tcp",
        "service": "http",
        "duration": "0.010841",
        "orig_bytes": "650",
        "resp_bytes": "620",
        "conn_state": "SF",
        "local_orig": "-",
        "local_resp": "-",
        "missed_bytes": "0",
        "history": "ShADadfF",
        "orig_pkts": "7",
        "orig_ip_bytes": "1022",
        "resp_pkts": "6",
        "resp_ip_bytes": "940",
        "tunnel_parents": "-"
    },
    {
        "ts": "1689696973.549519",
        "uid": "CN5C013VQKF82mG2Gl",
        "id.orig_h": "192.168.144.128",
        "id.orig_p": "60104",
        "id.resp_h": "172.23.0.2",
        "id.resp_p": "8000",
        "proto": "tcp",
        "service": "http",
        "duration": "0.609955",
        "orig_bytes": "636",
        "resp_bytes": "1865",
        "conn_state": "SF",
        "local_orig": "-",
        "local_resp": "-",
        "missed_bytes": "0",
        "history": "ShADadfF",
        "orig_pkts": "10",
        "orig_ip_bytes": "1164",
        "resp_pkts": "9",
        "resp_ip_bytes": "2341",
        "tunnel_parents": "-"
    },
    {
        "ts": "1689696974.173253",
        "uid": "CMvuHw4U6n73YtUVW8",
        "id.orig_h": "192.168.144.128",
        "id.orig_p": "60106",
        "id.resp_h": "172.23.0.2",
        "id.resp_p": "8000",
        "proto": "tcp",
        "service": "http",
        "duration": "0.015758",
        "orig_bytes": "607",
        "resp_bytes": "463",
        "conn_state": "SF",
        "local_orig": "-",
        "local_resp": "-",
        "missed_bytes": "0",
        "history": "ShADadfF",
        "orig_pkts": "6",
        "orig_ip_bytes": "927",
        "resp_pkts": "6",
        "resp_ip_bytes": "783",
        "tunnel_parents": "-"
    },
    {
        "ts": "1689697025.689824",
        "uid": "CVzFyV1IuMPXD4tAx1",
        "id.orig_h": "172.23.0.1",
        "id.orig_p": "5353",
        "id.resp_h": "224.0.0.251",
        "id.resp_p": "5353",
        "proto": "udp",
        "service": "dns",
        "duration": "-",
        "orig_bytes": "-",
        "resp_bytes": "-",
        "conn_state": "S0",
        "local_orig": "-",
        "local_resp": "-",
        "missed_bytes": "0",
        "history": "D",
        "orig_pkts": "1",
        "orig_ip_bytes": "73",
        "resp_pkts": "0",
        "resp_ip_bytes": "0",
        "tunnel_parents": "-"
    },
    {
        "ts": "1689697029.210371",
        "uid": "CnQPcV3c2rRZntzNmd",
        "id.orig_h": "fe80::42:48ff:fe97:4437",
        "id.orig_p": "5353",
        "id.resp_h": "ff02::fb",
        "id.resp_p": "5353",
        "proto": "udp",
        "service": "dns",
        "duration": "-",
        "orig_bytes": "-",
        "resp_bytes": "-",
        "conn_state": "S0",
        "local_orig": "-",
        "local_resp": "-",
        "missed_bytes": "0",
        "history": "D",
        "orig_pkts": "1",
        "orig_ip_bytes": "93",
        "resp_pkts": "0",
        "resp_ip_bytes": "0",
        "tunnel_parents": "-"
    },
    {
        "ts": "1689696902.640983",
        "uid": "CO9xM52nZmq18HtG31",
        "id.orig_h": "fe80::2448:62ff:fe50:7c99",
        "id.orig_p": "133",
        "id.resp_h": "ff02::2",
        "id.resp_p": "134",
        "proto": "icmp",
        "service": "-",
        "duration": "69.441044",
        "orig_bytes": "40",
        "resp_bytes": "0",
        "conn_state": "OTH",
        "local_orig": "-",
        "local_resp": "-",
        "missed_bytes": "0",
        "history": "-",
        "orig_pkts": "5",
        "orig_ip_bytes": "280",
        "resp_pkts": "0",
        "resp_ip_bytes": "0",
        "tunnel_parents": "-"
    }
]