[
    {
        "ts": "1689696901.679176",
        "uid": "CzcFfe1ITyYcdO4EO8",
        "id.orig_h": "172.23.0.1",
        "id.orig_p": "5353",
        "id.resp_h": "224.0.0.251",
        "id.resp_p": "5353",
        "proto": "udp",
        "trans_id": "0",
        "rtt": "0.628551",
        "query": "_ipp._tcp.local",
        "qclass": "1",
        "qclass_name": "C_INTERNET",
        "qtype": "12",
        "qtype_name": "PTR",
        "rcode": "0",
        "rcode_name": "NOERROR",
        "AA": "T",
        "TC": "F",
        "RD": "F",
        "RA": "F",
        "Z": "0",
        "answers": "172.23.0.1",
        "TTLs": "120.000000",
        "rejected": "F"
    },
    {
        "ts": "1689696902.307652",
        "uid": "CzcFfe1ITyYcdO4EO8",
        "id.orig_h": "172.23.0.1",
        "id.orig_p": "5353",
        "id.resp_h": "224.0.0.251",
        "id.resp_p": "5353",
        "proto": "udp",
        "trans_id": "0",
        "rtt": "0.500408",
        "query": "cristianadockerhub.local",
        "qclass": "1",
        "qclass_name": "C_INTERNET",
        "qtype": "255",
        "qtype_name": "*",
        "rcode": "0",
        "rcode_name": "NOERROR",
        "AA": "T",
        "TC": "F",
        "RD": "F",
        "RA": "F",
        "Z": "0",
        "answers": "cristianadockerhub.local,172.23.0.1",
        "TTLs": "120.000000,120.000000",
        "rejected": "F"
    },
    {
        "ts": "1689696902.559020",
        "uid": "CzcFfe1ITyYcdO4EO8",
        "id.orig_h": "172.23.0.1",
        "id.orig_p": "5353",
        "id.resp_h": "224.0.0.251",
        "id.resp_p": "5353",
        "proto": "udp",
        "trans_id": "0",
        "rtt": "0.451488",
        "query": "cristianadockerhub.local",
        "qclass": "1",
        "qclass_name": "C_INTERNET",
        "qtype": "255",
        "qtype_name": "*",
        "rcode": "0",
        "rcode_name": "NOERROR",
        "AA": "T",
        "TC": "F",
        "RD": "F",
        "RA": "F",
        "Z": "0",
        "answers": "cristianadockerhub.local,fe80::42:48ff:fe97:4437",
        "TTLs": "120.000000,120.000000",
        "rejected": "F"
    },
    {
        "ts": "1689696902.198229",
        "uid": "CzPAAh2onvtU7HuzD1",
        "id.orig_h": "fe80::42:48ff:fe97:4437",
        "id.orig_p": "5353",
        "id.resp_h": "ff02::fb",
        "id.resp_p": "5353",
        "proto": "udp",
        "trans_id": "0",
        "rtt": "0.812332",
        "query": "_ipp._tcp.local",
        "qclass": "1",
        "qclass_name": "C_INTERNET",
        "qtype": "12",
        "qtype_name": "PTR",
        "rcode": "0",
        "rcode_name": "NOERROR",
        "AA": "T",
        "TC": "F",
        "RD": "F",
        "RA": "F",
        "Z": "0",
        "answers": "cristianadockerhub.local,fe80::42:48ff:fe97:4437",
        "TTLs": "120.000000,120.000000",
        "rejected": "F"
    },
    {
        "ts": "1689696902.741615",
        "uid": "CJHj8t2QHvoOm0O1Dd",
        "id.orig_h": "fe80::2448:62ff:fe50:7c99",
        "id.orig_p": "5353",
        "id.resp_h": "ff02::fb",
        "id.resp_p": "5353",
        "proto": "udp",
        "trans_id": "0",
        "rtt": "0.811574",
        "query": "_ipp._tcp.local",
        "qclass": "1",
        "qclass_name": "C_INTERNET",
        "qtype": "12",
        "qtype_name": "PTR",
        "rcode": "0",
        "rcode_name": "NOERROR",
        "AA": "T",
        "TC": "F",
        "RD": "F",
        "RA": "F",
        "Z": "0",
        "answers": "cristianadockerhub.local,fe80::2448:62ff:fe50:7c99",
        "TTLs": "120.000000,120.000000",
        "rejected": "F"
    },
    {
        "ts": "1689696902.809252",
        "uid": "CzcFfe1ITyYcdO4EO8",
        "id.orig_h": "172.23.0.1",
        "id.orig_p": "5353",
        "id.resp_h": "224.0.0.251",
        "id.resp_p": "5353",
        "proto": "udp",
        "trans_id": "0",
        "rtt": "1.360388",
        "query": "cristianadockerhub.local",
        "qclass": "1",
        "qclass_name": "C_INTERNET",
        "qtype": "255",
        "qtype_name": "*",
        "rcode": "0",
        "rcode_name": "NOERROR",
        "AA": "T",
        "TC": "F",
        "RD": "F",
        "RA": "F",
        "Z": "0",
        "answers": "cristianadockerhub.local,fe80::42:48ff:fe97:4437",
        "TTLs": "120.000000,120.000000",
        "rejected": "F"
    },
    {
        "ts": "1689696902.307602",
        "uid": "CzPAAh2onvtU7HuzD1",
        "id.orig_h": "fe80::42:48ff:fe97:4437",
        "id.orig_p": "5353",
        "id.resp_h": "ff02::fb",
        "id.resp_p": "5353",
        "proto": "udp",
        "trans_id": "0",
        "rtt": "1.862097",
        "query": "cristianadockerhub.local",
        "qclass": "1",
        "qclass_name": "C_INTERNET",
        "qtype": "255",
        "qtype_name": "*",
        "rcode": "0",
        "rcode_name": "NOERROR",
        "AA": "T",
        "TC": "F",
        "RD": "F",
        "RA": "F",
        "Z": "0",
        "answers": "cristianadockerhub.local,fe80::42:48ff:fe97:4437",
        "TTLs": "120.000000,120.000000",
        "rejected": "F"
    },
    {
        "ts": "1689696902.851587",
        "uid": "CJHj8t2QHvoOm0O1Dd",
        "id.orig_h": "fe80::2448:62ff:fe50:7c99",
        "id.orig_p": "5353",
        "id.resp_h": "ff02::fb",
        "id.resp_p": "5353",
        "proto": "udp",
        "trans_id": "0",
        "rtt": "1.861457",
        "query": "cristianadockerhub.local",
        "qclass": "1",
        "qclass_name": "C_INTERNET",
        "qtype": "255",
        "qtype_name": "*",
        "rcode": "0",
        "rcode_name": "NOERROR",
        "AA": "T",
        "TC": "F",
        "RD": "F",
        "RA": "F",
        "Z": "0",
        "answers": "cristianadockerhub.local,fe80::2448:62ff:fe50:7c99",
        "TTLs": "120.000000,120.000000",
        "rejected": "F"
    },
    {
        "ts": "1689696905.679259",
        "uid": "CzcFfe1ITyYcdO4EO8",
        "id.orig_h": "172.23.0.1",
        "id.orig_p": "5353",
        "id.resp_h": "224.0.0.251",
        "id.resp_p": "5353",
        "proto": "udp",
        "trans_id": "0",
        "rtt": "0.650397",
        "query": "_ipp._tcp.local",
        "qclass": "1",
        "qclass_name": "C_INTERNET",
        "qtype": "12",
        "qtype_name": "PTR",
        "rcode": "0",
        "rcode_name": "NOERROR",
        "AA": "T",
        "TC": "F",
        "RD": "F",
        "RA": "F",
        "Z": "0",
        "answers": "cristianadockerhub.local,fe80::42:48ff:fe97:4437",
        "TTLs": "120.000000,120.000000",
        "rejected": "F"
    },
    {
        "ts": "1689696902.558967",
        "uid": "CzPAAh2onvtU7HuzD1",
        "id.orig_h": "fe80::42:48ff:fe97:4437",
        "id.orig_p": "5353",
        "id.resp_h": "ff02::fb",
        "id.resp_p": "5353",
        "proto": "udp",
        "trans_id": "0",
        "rtt": "3.770752",
        "query": "cristianadockerhub.local",
        "qclass": "1",
        "qclass_name": "C_INTERNET",
        "qtype": "255",
        "qtype_name": "*",
        "rcode": "0",
        "rcode_name": "NOERROR",
        "AA": "T",
        "TC": "F",
        "RD": "F",
        "RA": "F",
        "Z": "0",
        "answers": "cristianadockerhub.local,fe80::42:48ff:fe97:4437",
        "TTLs": "120.000000,120.000000",
        "rejected": "F"
    },
    {
        "ts": "1689696903.102061",
        "uid": "CJHj8t2QHvoOm0O1Dd",
        "id.orig_h": "fe80::2448:62ff:fe50:7c99",
        "id.orig_p": "5353",
        "id.resp_h": "ff02::fb",
        "id.resp_p": "5353",
        "proto": "udp",
        "trans_id": "0",
        "rtt": "3.770945",
        "query": "cristianadockerhub.local",
        "qclass": "1",
        "qclass_name": "C_INTERNET",
        "qtype": "255",
        "qtype_name": "*",
        "rcode": "0",
        "rcode_name": "NOERROR",
        "AA": "T",
        "TC": "F",
        "RD": "F",
        "RA": "F",
        "Z": "0",
        "answers": "cristianadockerhub.local,fe80::2448:62ff:fe50:7c99",
        "TTLs": "120.000000,120.000000",
        "rejected": "F"
    },
    {
        "ts": "1689696913.681043",
        "uid": "CzcFfe1ITyYcdO4EO8",
        "id.orig_h": "172.23.0.1",
        "id.orig_p": "5353",
        "id.resp_h": "224.0.0.251",
        "id.resp_p": "5353",
        "proto": "udp",
        "trans_id": "0",
        "rtt": "-",
        "query": "_ipp._tcp.local",
        "qclass": "1",
        "qclass_name": "C_INTERNET",
        "qtype": "12",
        "qtype_name": "PTR",
        "rcode": "-",
        "rcode_name": "-",
        "AA": "F",
        "TC": "F",
        "RD": "F",
        "RA": "F",
        "Z": "0",
        "answers": "-",
        "TTLs": "-",
        "rejected": "F"
    },
    {
        "ts": "1689696903.352892",
        "uid": "CJHj8t2QHvoOm0O1Dd",
        "id.orig_h": "fe80::2448:62ff:fe50:7c99",
        "id.orig_p": "5353",
        "id.resp_h": "ff02::fb",
        "id.resp_p": "5353",
        "proto": "udp",
        "trans_id": "0",
        "rtt": "-",
        "query": "cristianadockerhub.local",
        "qclass": "1",
        "qclass_name": "C_INTERNET",
        "qtype": "255",
        "qtype_name": "*",
        "rcode": "-",
        "rcode_name": "-",
        "AA": "F",
        "TC": "F",
        "RD": "F",
        "RA": "F",
        "Z": "0",
        "answers": "-",
        "TTLs": "-",
        "rejected": "F"
    },
    {
        "ts": "1689696903.745101",
        "uid": "CJHj8t2QHvoOm0O1Dd",
        "id.orig_h": "fe80::2448:62ff:fe50:7c99",
        "id.orig_p": "5353",
        "id.resp_h": "ff02::fb",
        "id.resp_p": "5353",
        "proto": "udp",
        "trans_id": "0",
        "rtt": "-",
        "query": "_ipp._tcp.local",
        "qclass": "1",
        "qclass_name": "C_INTERNET",
        "qtype": "12",
        "qtype_name": "PTR",
        "rcode": "-",
        "rcode_name": "-",
        "AA": "F",
        "TC": "F",
        "RD": "F",
        "RA": "F",
        "Z": "0",
        "answers": "-",
        "TTLs": "-",
        "rejected": "F"
    },
    {
        "ts": "1689696905.743480",
        "uid": "CJHj8t2QHvoOm0O1Dd",
        "id.orig_h": "fe80::2448:62ff:fe50:7c99",
        "id.orig_p": "5353",
        "id.resp_h": "ff02::fb",
        "id.resp_p": "5353",
        "proto": "udp",
        "trans_id": "0",
        "rtt": "-",
        "query": "_ipp._tcp.local",
        "qclass": "1",
        "qclass_name": "C_INTERNET",
        "qtype": "12",
        "qtype_name": "PTR",
        "rcode": "-",
        "rcode_name": "-",
        "AA": "F",
        "TC": "F",
        "RD": "F",
        "RA": "F",
        "Z": "0",
        "answers": "-",
        "TTLs": "-",
        "rejected": "F"
    },
    {
        "ts": "1689696909.744921",
        "uid": "CJHj8t2QHvoOm0O1Dd",
        "id.orig_h": "fe80::2448:62ff:fe50:7c99",
        "id.orig_p": "5353",
        "id.resp_h": "ff02::fb",
        "id.resp_p": "5353",
        "proto": "udp",
        "trans_id": "0",
        "rtt": "-",
        "query": "_ipp._tcp.local",
        "qclass": "1",
        "qclass_name": "C_INTERNET",
        "qtype": "12",
        "qtype_name": "PTR",
        "rcode": "-",
        "rcode_name": "-",
        "AA": "F",
        "TC": "F",
        "RD": "F",
        "RA": "F",
        "Z": "0",
        "answers": "-",
        "TTLs": "-",
        "rejected": "F"
    },
    {
        "ts": "1689696917.745033",
        "uid": "CJHj8t2QHvoOm0O1Dd",
        "id.orig_h": "fe80::2448:62ff:fe50:7c99",
        "id.orig_p": "5353",
        "id.resp_h": "ff02::fb",
        "id.resp_p": "5353",
        "proto": "udp",
        "trans_id": "0",
        "rtt": "-",
        "query": "_ipp._tcp.local",
        "qclass": "1",
        "qclass_name": "C_INTERNET",
        "qtype": "12",
        "qtype_name": "PTR",
        "rcode": "-",
        "rcode_name": "-",
        "AA": "F",
        "TC": "F",
        "RD": "F",
        "RA": "F",
        "Z": "0",
        "answers": "-",
        "TTLs": "-",
        "rejected": "F"
    },
    {
        "ts": "1689696929.681450",
        "uid": "CM47Xxhj5m6dLv9A5",
        "id.orig_h": "172.23.0.1",
        "id.orig_p": "5353",
        "id.resp_h": "224.0.0.251",
        "id.resp_p": "5353",
        "proto": "udp",
        "trans_id": "0",
        "rtt": "-",
        "query": "_ipp._tcp.local",
        "qclass": "1",
        "qclass_name": "C_INTERNET",
        "qtype": "12",
        "qtype_name": "PTR",
        "rcode": "-",
        "rcode_name": "-",
        "AA": "F",
        "TC": "F",
        "RD": "F",
        "RA": "F",
        "Z": "0",
        "answers": "-",
        "TTLs": "-",
        "rejected": "F"
    },
    {
        "ts": "1689696933.745801",
        "uid": "CjEciQ3StrEF4jXSl6",
        "id.orig_h": "fe80::2448:62ff:fe50:7c99",
        "id.orig_p": "5353",
        "id.resp_h": "ff02::fb",
        "id.resp_p": "5353",
        "proto": "udp",
        "trans_id": "0",
        "rtt": "-",
        "query": "_ipp._tcp.local",
        "qclass": "1",
        "qclass_name": "C_INTERNET",
        "qtype": "12",
        "qtype_name": "PTR",
        "rcode": "-",
        "rcode_name": "-",
        "AA": "F",
        "TC": "F",
        "RD": "F",
        "RA": "F",
        "Z": "0",
        "answers": "-",
        "TTLs": "-",
        "rejected": "F"
    },
    {
        "ts": "1689696902.809217",
        "uid": "CzPAAh2onvtU7HuzD1",
        "id.orig_h": "fe80::42:48ff:fe97:4437",
        "id.orig_p": "5353",
        "id.resp_h": "ff02::fb",
        "id.resp_p": "5353",
        "proto": "udp",
        "trans_id": "0",
        "rtt": "-",
        "query": "cristianadockerhub.local",
        "qclass": "1",
        "qclass_name": "C_INTERNET",
        "qtype": "255",
        "qtype_name": "*",
        "rcode": "-",
        "rcode_name": "-",
        "AA": "F",
        "TC": "F",
        "RD": "F",
        "RA": "F",
        "Z": "0",
        "answers": "-",
        "TTLs": "-",
        "rejected": "F"
    },
    {
        "ts": "1689696903.199250",
        "uid": "CzPAAh2onvtU7HuzD1",
        "id.orig_h": "fe80::42:48ff:fe97:4437",
        "id.orig_p": "5353",
        "id.resp_h": "ff02::fb",
        "id.resp_p": "5353",
        "proto": "udp",
        "trans_id": "0",
        "rtt": "-",
        "query": "_ipp._tcp.local",
        "qclass": "1",
        "qclass_name": "C_INTERNET",
        "qtype": "12",
        "qtype_name": "PTR",
        "rcode": "-",
        "rcode_name": "-",
        "AA": "F",
        "TC": "F",
        "RD": "F",
        "RA": "F",
        "Z": "0",
        "answers": "-",
        "TTLs": "-",
        "rejected": "F"
    },
    {
        "ts": "1689696905.199477",
        "uid": "CzPAAh2onvtU7HuzD1",
        "id.orig_h": "fe80::42:48ff:fe97:4437",
        "id.orig_p": "5353",
        "id.resp_h": "ff02::fb",
        "id.resp_p": "5353",
        "proto": "udp",
        "trans_id": "0",
        "rtt": "-",
        "query": "_ipp._tcp.local",
        "qclass": "1",
        "qclass_name": "C_INTERNET",
        "qtype": "12",
        "qtype_name": "PTR",
        "rcode": "-",
        "rcode_name": "-",
        "AA": "F",
        "TC": "F",
        "RD": "F",
        "RA": "F",
        "Z": "0",
        "answers": "-",
        "TTLs": "-",
        "rejected": "F"
    },
    {
        "ts": "1689696909.201135",
        "uid": "CzPAAh2onvtU7HuzD1",
        "id.orig_h": "fe80::42:48ff:fe97:4437",
        "id.orig_p": "5353",
        "id.resp_h": "ff02::fb",
        "id.resp_p": "5353",
        "proto": "udp",
        "trans_id": "0",
        "rtt": "-",
        "query": "_ipp._tcp.local",
        "qclass": "1",
        "qclass_name": "C_INTERNET",
        "qtype": "12",
        "qtype_name": "PTR",
        "rcode": "-",
        "rcode_name": "-",
        "AA": "F",
        "TC": "F",
        "RD": "F",
        "RA": "F",
        "Z": "0",
        "answers": "-",
        "TTLs": "-",
        "rejected": "F"
    },
    {
        "ts": "1689696917.202051",
        "uid": "CzPAAh2onvtU7HuzD1",
        "id.orig_h": "fe80::42:48ff:fe97:4437",
        "id.orig_p": "5353",
        "id.resp_h": "ff02::fb",
        "id.resp_p": "5353",
        "proto": "udp",
        "trans_id": "0",
        "rtt": "-",
        "query": "_ipp._tcp.local",
        "qclass": "1",
        "qclass_name": "C_INTERNET",
        "qtype": "12",
        "qtype_name": "PTR",
        "rcode": "-",
        "rcode_name": "-",
        "AA": "F",
        "TC": "F",
        "RD": "F",
        "RA": "F",
        "Z": "0",
        "answers": "-",
        "TTLs": "-",
        "rejected": "F"
    },
    {
        "ts": "1689696933.206219",
        "uid": "CzPAAh2onvtU7HuzD1",
        "id.orig_h": "fe80::42:48ff:fe97:4437",
        "id.orig_p": "5353",
        "id.resp_h": "ff02::fb",
        "id.resp_p": "5353",
        "proto": "udp",
        "trans_id": "0",
        "rtt": "-",
        "query": "_ipp._tcp.local",
        "qclass": "1",
        "qclass_name": "C_INTERNET",
        "qtype": "12",
        "qtype_name": "PTR",
        "rcode": "-",
        "rcode_name": "-",
        "AA": "F",
        "TC": "F",
        "RD": "F",
        "RA": "F",
        "Z": "0",
        "answers": "-",
        "TTLs": "-",
        "rejected": "F"
    },
    {
        "ts": "1689696961.689646",
        "uid": "CMQyQh1YW6NFytyBdi",
        "id.orig_h": "172.23.0.1",
        "id.orig_p": "5353",
        "id.resp_h": "224.0.0.251",
        "id.resp_p": "5353",
        "proto": "udp",
        "trans_id": "0",
        "rtt": "-",
        "query": "_ipp._tcp.local",
        "qclass": "1",
        "qclass_name": "C_INTERNET",
        "qtype": "12",
        "qtype_name": "PTR",
        "rcode": "-",
        "rcode_name": "-",
        "AA": "F",
        "TC": "F",
        "RD": "F",
        "RA": "F",
        "Z": "0",
        "answers": "-",
        "TTLs": "-",
        "rejected": "F"
    },
    {
        "ts": "1689696965.211247",
        "uid": "CWKov71M9XHL5sbbz4",
        "id.orig_h": "fe80::42:48ff:fe97:4437",
        "id.orig_p": "5353",
        "id.resp_h": "ff02::fb",
        "id.resp_p": "5353",
        "proto": "udp",
        "trans_id": "0",
        "rtt": "-",
        "query": "_ipp._tcp.local",
        "qclass": "1",
        "qclass_name": "C_INTERNET",
        "qtype": "12",
        "qtype_name": "PTR",
        "rcode": "-",
        "rcode_name": "-",
        "AA": "F",
        "TC": "F",
        "RD": "F",
        "RA": "F",
        "Z": "0",
        "answers": "-",
        "TTLs": "-",
        "rejected": "F"
    },
    {
        "ts": "1689696965.746023",
        "uid": "C2xiXl2d4zaeWMUmNd",
        "id.orig_h": "fe80::2448:62ff:fe50:7c99",
        "id.orig_p": "5353",
        "id.resp_h": "ff02::fb",
        "id.resp_p": "5353",
        "proto": "udp",
        "trans_id": "0",
        "rtt": "-",
        "query": "_ipp._tcp.local",
        "qclass": "1",
        "qclass_name": "C_INTERNET",
        "qtype": "12",
        "qtype_name": "PTR",
        "rcode": "-",
        "rcode_name": "-",
        "AA": "F",
        "TC": "F",
        "RD": "F",
        "RA": "F",
        "Z": "0",
        "answers": "-",
        "TTLs": "-",
        "rejected": "F"
    },
    {
        "ts": "1689697025.689824",
        "uid": "CVzFyV1IuMPXD4tAx1",
        "id.orig_h": "172.23.0.1",
        "id.orig_p": "5353",
        "id.resp_h": "224.0.0.251",
        "id.resp_p": "5353",
        "proto": "udp",
        "trans_id": "0",
        "rtt": "-",
        "query": "_ipp._tcp.local",
        "qclass": "1",
        "qclass_name": "C_INTERNET",
        "qtype": "12",
        "qtype_name": "PTR",
        "rcode": "-",
        "rcode_name": "-",
        "AA": "F",
        "TC": "F",
        "RD": "F",
        "RA": "F",
        "Z": "0",
        "answers": "-",
        "TTLs": "-",
        "rejected": "F"
    },
    {
        "ts": "1689697029.210371",
        "uid": "CnQPcV3c2rRZntzNmd",
        "id.orig_h": "fe80::42:48ff:fe97:4437",
        "id.orig_p": "5353",
        "id.resp_h": "ff02::fb",
        "id.resp_p": "5353",
        "proto": "udp",
        "trans_id": "0",
        "rtt": "-",
        "query": "_ipp._tcp.local",
        "qclass": "1",
        "qclass_name": "C_INTERNET",
        "qtype": "12",
        "qtype_name": "PTR",
        "rcode": "-",
        "rcode_name": "-",
        "AA": "F",
        "TC": "F",
        "RD": "F",
        "RA": "F",
        "Z": "0",
        "answers": "-",
        "TTLs": "-",
        "rejected": "F"
    }
]