[
    {
        "ts": "1689696908.585594",
        "uid": "CgXGzR2veD4qOU9vq2",
        "id.orig_h": "192.168.144.131",
        "id.orig_p": "37090",
        "id.resp_h": "172.23.0.2",
        "id.resp_p": "8000",
        "trans_depth": "1",
        "method": "POST",
        "host": "192.168.144.133:8000",
        "uri": "/",
        "referrer": "-",
        "version": "1.0",
        "user_agent": "curl/7.68.0",
        "origin": "-",
        "request_body_len": "463717",
        "response_body_len": "10948",
        "status_code": "200",
        "status_msg": "OK",
        "info_code": "100",
        "info_msg": "Continue",
        "tags": "(empty)",
        "username": "-",
        "password": "-",
        "proxied": "-",
        "orig_fuids": "FIC2AQ2Ku6H3vIIdLh",
        "orig_filenames": "img10.jpg",
        "orig_mime_types": "image/jpeg",
        "resp_fuids": "FhHH9n2AsjAj3irYQb",
        "resp_filenames": "resized_img10.jpg",
        "resp_mime_types": "image/jpeg"
    },
    {
        "ts": "1689696908.802266",
        "uid": "CL9lwYkpA4FWAqsld",
        "id.orig_h": "192.168.144.131",
        "id.orig_p": "37096",
        "id.resp_h": "172.23.0.2",
        "id.resp_p": "8000",
        "trans_depth": "1",
        "method": "POST",
        "host": "192.168.144.133:8000",
        "uri": "/",
        "referrer": "-",
        "version": "1.0",
        "user_agent": "curl/7.68.0",
        "origin": "-",
        "request_body_len": "119957",
        "response_body_len": "11503",
        "status_code": "200",
        "status_msg": "OK",
        "info_code": "100",
        "info_msg": "Continue",
        "tags": "(empty)",
        "username": "-",
        "password": "-",
        "proxied": "-",
        "orig_fuids": "Fl5uij2088zUE1arUg",
        "orig_filenames": "img11.jpg",
        "orig_mime_types": "image/jpeg",
        "resp_fuids": "FLl5Jj2aHvCa3Mg8i3",
        "resp_filenames": "resized_img11.jpg",
        "resp_mime_types": "image/jpeg"
    },
    {
        "ts": "1689696908.893001",
        "uid": "CkbJiL3FLe6Nl8lZng",
        "id.orig_h": "192.168.144.131",
        "id.orig_p": "37104",
        "id.resp_h": "172.23.0.2",
        "id.resp_p": "8000",
        "trans_depth": "1",
        "method": "POST",
        "host": "192.168.144.133:8000",
        "uri": "/",
        "referrer": "-",
        "version": "1.0",
        "user_agent": "curl/7.68.0",
        "origin": "-",
        "request_body_len": "18157",
        "response_body_len": "11675",
        "status_code": "200",
        "status_msg": "OK",
        "info_code": "100",
        "info_msg": "Continue",
        "tags": "(empty)",
        "username": "-",
        "password": "-",
        "proxied": "-",
        "orig_fuids": "FAlPaiD4Gy7az2ehf",
        "orig_filenames": "img12.jpg",
        "orig_mime_types": "image/jpeg",
        "resp_fuids": "F8BWJhEmsTeKwHNza",
        "resp_filenames": "resized_img12.jpg",
        "resp_mime_types": "image/jpeg"
    },
    {
        "ts": "1689696908.923211",
        "uid": "C26tkBokLNe9PvHu1",
        "id.orig_h": "192.168.144.131",
        "id.orig_p": "37112",
        "id.resp_h": "172.23.0.2",
        "id.resp_p": "8000",
        "trans_depth": "1",
        "method": "POST",
        "host": "192.168.144.133:8000",
        "uri": "/",
        "referrer": "-",
        "version": "1.0",
        "user_agent": "curl/7.68.0",
        "origin": "-",
        "request_body_len": "4763",
        "response_body_len": "6192",
        "status_code": "200",
        "status_msg": "OK",
        "info_code": "100",
        "info_msg": "Continue",
        "tags": "(empty)",
        "username": "-",
        "password": "-",
        "proxied": "-",
        "orig_fuids": "FZwR0zNGHBVe8xRye",
        "orig_filenames": "img13.jpg",
        "orig_mime_types": "image/jpeg",
        "resp_fuids": "F2fXPs1jLJbdRiigFc",
        "resp_filenames": "resized_img13.jpg",
        "resp_mime_types": "image/jpeg"
    },
    {
        "ts": "1689696908.957061",
        "uid": "C3dQ4j3pDtl6qfHF7d",
        "id.orig_h": "192.168.144.131",
        "id.orig_p": "37126",
        "id.resp_h": "172.23.0.2",
        "id.resp_p": "8000",
        "trans_depth": "1",
        "method": "POST",
        "host": "192.168.144.133:8000",
        "uri": "/",
        "referrer": "-",
        "version": "1.0",
        "user_agent": "curl/7.68.0",
        "origin": "-",
        "request_body_len": "348392",
        "response_body_len": "8985",
        "status_code": "200",
        "status_msg": "OK",
        "info_code": "100",
        "info_msg": "Continue",
        "tags": "(empty)",
        "username": "-",
        "password": "-",
        "proxied": "-",
        "orig_fuids": "FqDC9i6MRLQwUU3Ee",
        "orig_filenames": "img14.jpg",
        "orig_mime_types": "image/jpeg",
        "resp_fuids": "FQGaoz2UxFHeL9BT8j",
        "resp_filenames": "resized_img14.jpg",
        "resp_mime_types": "image/jpeg"
    },
    {
        "ts": "1689696909.171582",
        "uid": "CHHtZy3pn7UJlBfqcj",
        "id.orig_h": "192.168.144.131",
        "id.orig_p": "37134",
        "id.resp_h": "172.23.0.2",
        "id.resp_p": "8000",
        "trans_depth": "1",
        "method": "POST",
        "host": "192.168.144.133:8000",
        "uri": "/",
        "referrer": "-",
        "version": "1.0",
        "user_agent": "curl/7.68.0",
        "origin": "-",
        "request_body_len": "71708",
        "response_body_len": "7912",
        "status_code": "200",
        "status_msg": "OK",
        "info_code": "100",
        "info_msg": "Continue",
        "tags": "(empty)",
        "username": "-",
        "password": "-",
        "proxied": "-",
        "orig_fuids": "FIg2xX3Woi9ztuEfuf",
        "orig_filenames": "img15.jpg",
        "orig_mime_types": "image/jpeg",
        "resp_fuids": "FxCRUYtRaPXLFvOr7",
        "resp_filenames": "resized_img15.jpg",
        "resp_mime_types": "image/jpeg"
    },
    {
        "ts": "1689696909.261109",
        "uid": "CVJcxF4BSztoCrBTtk",
        "id.orig_h": "192.168.144.131",
        "id.orig_p": "37142",
        "id.resp_h": "172.23.0.2",
        "id.resp_p": "8000",
        "trans_depth": "1",
        "method": "POST",
        "host": "192.168.144.133:8000",
        "uri": "/",
        "referrer": "-",
        "version": "1.0",
        "user_agent": "curl/7.68.0",
        "origin": "-",
        "request_body_len": "19735",
        "response_body_len": "12062",
        "status_code": "200",
        "status_msg": "OK",
        "info_code": "100",
        "info_msg": "Continue",
        "tags": "(empty)",
        "username": "-",
        "password": "-",
        "proxied": "-",
        "orig_fuids": "FSDP4INaSp2LrITm9",
        "orig_filenames": "img16.jpg",
        "orig_mime_types": "image/jpeg",
        "resp_fuids": "F0L12M2gZmGbG5RtRe",
        "resp_filenames": "resized_img16.jpg",
        "resp_mime_types": "image/jpeg"
    },
    {
        "ts": "1689696909.323327",
        "uid": "Cl5zAr4J1PAJKTTSH",
        "id.orig_h": "192.168.144.131",
        "id.orig_p": "37148",
        "id.resp_h": "172.23.0.2",
        "id.resp_p": "8000",
        "trans_depth": "1",
        "method": "POST",
        "host": "192.168.144.133:8000",
        "uri": "/",
        "referrer": "-",
        "version": "1.0",
        "user_agent": "curl/7.68.0",
        "origin": "-",
        "request_body_len": "23553",
        "response_body_len": "9749",
        "status_code": "200",
        "status_msg": "OK",
        "info_code": "100",
        "info_msg": "Continue",
        "tags": "(empty)",
        "username": "-",
        "password": "-",
        "proxied": "-",
        "orig_fuids": "Fw1Zkh2kNAi7d6J6Qg",
        "orig_filenames": "img17.jpg",
        "orig_mime_types": "image/jpeg",
        "resp_fuids": "FqGkw832z10oOgq8l1",
        "resp_filenames": "resized_img17.jpg",
        "resp_mime_types": "image/jpeg"
    },
    {
        "ts": "1689696909.383040",
        "uid": "CNeh2W3qT12opt8F1f",
        "id.orig_h": "192.168.144.131",
        "id.orig_p": "37158",
        "id.resp_h": "172.23.0.2",
        "id.resp_p": "8000",
        "trans_depth": "1",
        "method": "POST",
        "host": "192.168.144.133:8000",
        "uri": "/",
        "referrer": "-",
        "version": "1.0",
        "user_agent": "curl/7.68.0",
        "origin": "-",
        "request_body_len": "9365",
        "response_body_len": "13440",
        "status_code": "200",
        "status_msg": "OK",
        "info_code": "100",
        "info_msg": "Continue",
        "tags": "(empty)",
        "username": "-",
        "password": "-",
        "proxied": "-",
        "orig_fuids": "FdhnOq24jLdtTxuWz1",
        "orig_filenames": "img18.jpeg",
        "orig_mime_types": "image/jpeg",
        "resp_fuids": "Fc3WGp1KNTWER9jq5c",
        "resp_filenames": "resized_img18.jpeg",
        "resp_mime_types": "image/jpeg"
    },
    {
        "ts": "1689696909.437114",
        "uid": "CbvTyu4yUi0SkwS6kd",
        "id.orig_h": "192.168.144.131",
        "id.orig_p": "37170",
        "id.resp_h": "172.23.0.2",
        "id.resp_p": "8000",
        "trans_depth": "1",
        "method": "POST",
        "host": "192.168.144.133:8000",
        "uri": "/",
        "referrer": "-",
        "version": "1.0",
        "user_agent": "curl/7.68.0",
        "origin": "-",
        "request_body_len": "453",
        "response_body_len": "263",
        "status_code": "200",
        "status_msg": "OK",
        "info_code": "-",
        "info_msg": "-",
        "tags": "(empty)",
        "username": "-",
        "password": "-",
        "proxied": "-",
        "orig_fuids": "FNYjyg48yDIqyFHtWj",
        "orig_filenames": "img19.png",
        "orig_mime_types": "image/png",
        "resp_fuids": "FUFF4W3MRaHg6T8sz9",
        "resp_filenames": "resized_img19.png",
        "resp_mime_types": "image/png"
    },
    {
        "ts": "1689696909.471142",
        "uid": "CW2QBA3iiWrgUhO3O2",
        "id.orig_h": "192.168.144.131",
        "id.orig_p": "37180",
        "id.resp_h": "172.23.0.2",
        "id.resp_p": "8000",
        "trans_depth": "1",
        "method": "POST",
        "host": "192.168.144.133:8000",
        "uri": "/",
        "referrer": "-",
        "version": "1.0",
        "user_agent": "curl/7.68.0",
        "origin": "-",
        "request_body_len": "2680993",
        "response_body_len": "72848",
        "status_code": "200",
        "status_msg": "OK",
        "info_code": "100",
        "info_msg": "Continue",
        "tags": "(empty)",
        "username": "-",
        "password": "-",
        "proxied": "-",
        "orig_fuids": "F0ulUIw8ClAnDNvsi",
        "orig_filenames": "img1.png",
        "orig_mime_types": "image/png",
        "resp_fuids": "FqaxWK1FXIpAn7DeHk",
        "resp_filenames": "resized_img1.png",
        "resp_mime_types": "image/png"
    },
    {
        "ts": "1689696909.951504",
        "uid": "CW3PQw1VZtc5pcyQse",
        "id.orig_h": "192.168.144.131",
        "id.orig_p": "37192",
        "id.resp_h": "172.23.0.2",
        "id.resp_p": "8000",
        "trans_depth": "1",
        "method": "POST",
        "host": "192.168.144.133:8000",
        "uri": "/",
        "referrer": "-",
        "version": "1.0",
        "user_agent": "curl/7.68.0",
        "origin": "-",
        "request_body_len": "6228",
        "response_body_len": "9729",
        "status_code": "200",
        "status_msg": "OK",
        "info_code": "100",
        "info_msg": "Continue",
        "tags": "(empty)",
        "username": "-",
        "password": "-",
        "proxied": "-",
        "orig_fuids": "Fpbdng2I8xRexMJGQj",
        "orig_filenames": "img20.jpeg",
        "orig_mime_types": "image/jpeg",
        "resp_fuids": "F4KBYy4G3f3l0ysqo1",
        "resp_filenames": "resized_img20.jpeg",
        "resp_mime_types": "image/jpeg"
    },
    {
        "ts": "1689696909.996995",
        "uid": "CQI2v31HhF2KNvr6o6",
        "id.orig_h": "192.168.144.131",
        "id.orig_p": "37208",
        "id.resp_h": "172.23.0.2",
        "id.resp_p": "8000",
        "trans_depth": "1",
        "method": "POST",
        "host": "192.168.144.133:8000",
        "uri": "/",
        "referrer": "-",
        "version": "1.0",
        "user_agent": "curl/7.68.0",
        "origin": "-",
        "request_body_len": "467",
        "response_body_len": "290",
        "status_code": "500",
        "status_msg": "INTERNAL SERVER ERROR",
        "info_code": "-",
        "info_msg": "-",
        "tags": "(empty)",
        "username": "-",
        "password": "-",
        "proxied": "-",
        "orig_fuids": "Fn3EnU1LR21XfKppC5",
        "orig_filenames": "img2.png",
        "orig_mime_types": "text/html",
        "resp_fuids": "Fwy3Fc1fGvqYG3n7oa",
        "resp_filenames": "-",
        "resp_mime_types": "text/html"
    },
    {
        "ts": "1689696910.088928",
        "uid": "Cz6kyX1yVQUGgBNhC2",
        "id.orig_h": "192.168.144.131",
        "id.orig_p": "37216",
        "id.resp_h": "172.23.0.2",
        "id.resp_p": "8000",
        "trans_depth": "1",
        "method": "POST",
        "host": "192.168.144.133:8000",
        "uri": "/",
        "referrer": "-",
        "version": "1.0",
        "user_agent": "curl/7.68.0",
        "origin": "-",
        "request_body_len": "6226",
        "response_body_len": "66725",
        "status_code": "200",
        "status_msg": "OK",
        "info_code": "100",
        "info_msg": "Continue",
        "tags": "(empty)",
        "username": "-",
        "password": "-",
        "proxied": "-",
        "orig_fuids": "FniOym1euTDvOknM58",
        "orig_filenames": "img3.png",
        "orig_mime_types": "image/jpeg",
        "resp_fuids": "FlIK2F1kXCU4T6Ztsc",
        "resp_filenames": "resized_img3.png",
        "resp_mime_types": "image/png"
    },
    {
        "ts": "1689696910.143684",
        "uid": "Ca29NA4qo8bDF5CG8h",
        "id.orig_h": "192.168.144.131",
        "id.orig_p": "37232",
        "id.resp_h": "172.23.0.2",
        "id.resp_p": "8000",
        "trans_depth": "1",
        "method": "POST",
        "host": "192.168.144.133:8000",
        "uri": "/",
        "referrer": "-",
        "version": "1.0",
        "user_agent": "curl/7.68.0",
        "origin": "-",
        "request_body_len": "6279",
        "response_body_len": "64617",
        "status_code": "200",
        "status_msg": "OK",
        "info_code": "100",
        "info_msg": "Continue",
        "tags": "(empty)",
        "username": "-",
        "password": "-",
        "proxied": "-",
        "orig_fuids": "FkK5MO2x5qEpf0RFBc",
        "orig_filenames": "img4.png",
        "orig_mime_types": "image/jpeg",
        "resp_fuids": "F9Jua93queIVlIjgif",
        "resp_filenames": "resized_img4.png",
        "resp_mime_types": "image/png"
    },
    {
        "ts": "1689696910.206043",
        "uid": "CTHeC12m09xADjBM25",
        "id.orig_h": "192.168.144.131",
        "id.orig_p": "37248",
        "id.resp_h": "172.23.0.2",
        "id.resp_p": "8000",
        "trans_depth": "1",
        "method": "POST",
        "host": "192.168.144.133:8000",
        "uri": "/",
        "referrer": "-",
        "version": "1.0",
        "user_agent": "curl/7.68.0",
        "origin": "-",
        "request_body_len": "6848",
        "response_body_len": "69702",
        "status_code": "200",
        "status_msg": "OK",
        "info_code": "100",
        "info_msg": "Continue",
        "tags": "(empty)",
        "username": "-",
        "password": "-",
        "proxied": "-",
        "orig_fuids": "Ftks7g330j74isMG01",
        "orig_filenames": "img5.png",
        "orig_mime_types": "image/jpeg",
        "resp_fuids": "FEZqWk2js88zPMgJB3",
        "resp_filenames": "resized_img5.png",
        "resp_mime_types": "image/png"
    },
    {
        "ts": "1689696910.264826",
        "uid": "C6doKq2fw8oxSr08xh",
        "id.orig_h": "192.168.144.131",
        "id.orig_p": "37252",
        "id.resp_h": "172.23.0.2",
        "id.resp_p": "8000",
        "trans_depth": "1",
        "method": "POST",
        "host": "192.168.144.133:8000",
        "uri": "/",
        "referrer": "-",
        "version": "1.0",
        "user_agent": "curl/7.68.0",
        "origin": "-",
        "request_body_len": "1763",
        "response_body_len": "290",
        "status_code": "500",
        "status_msg": "INTERNAL SERVER ERROR",
        "info_code": "100",
        "info_msg": "Continue",
        "tags": "(empty)",
        "username": "-",
        "password": "-",
        "proxied": "-",
        "orig_fuids": "FYRb3oSryN92Ahd49",
        "orig_filenames": "img6.png",
        "orig_mime_types": "text/html",
        "resp_fuids": "FkG5ygp6hiJU4JKRh",
        "resp_filenames": "-",
        "resp_mime_types": "text/html"
    },
    {
        "ts": "1689696910.295873",
        "uid": "Cth0U023AjfiaQhqie",
        "id.orig_h": "192.168.144.131",
        "id.orig_p": "37266",
        "id.resp_h": "172.23.0.2",
        "id.resp_p": "8000",
        "trans_depth": "1",
        "method": "POST",
        "host": "192.168.144.133:8000",
        "uri": "/",
        "referrer": "-",
        "version": "1.0",
        "user_agent": "curl/7.68.0",
        "origin": "-",
        "request_body_len": "1949",
        "response_body_len": "290",
        "status_code": "500",
        "status_msg": "INTERNAL SERVER ERROR",
        "info_code": "100",
        "info_msg": "Continue",
        "tags": "(empty)",
        "username": "-",
        "password": "-",
        "proxied": "-",
        "orig_fuids": "Fvf3OH2AYqBYmC0ULc",
        "orig_filenames": "img7.png",
        "orig_mime_types": "text/html",
        "resp_fuids": "F5l2LA2Na4o20LQgVf",
        "resp_filenames": "-",
        "resp_mime_types": "text/html"
    },
    {
        "ts": "1689696910.326887",
        "uid": "Cbut2H2DUmk66DB4D5",
        "id.orig_h": "192.168.144.131",
        "id.orig_p": "37276",
        "id.resp_h": "172.23.0.2",
        "id.resp_p": "8000",
        "trans_depth": "1",
        "method": "POST",
        "host": "192.168.144.133:8000",
        "uri": "/",
        "referrer": "-",
        "version": "1.0",
        "user_agent": "curl/7.68.0",
        "origin": "-",
        "request_body_len": "1755",
        "response_body_len": "290",
        "status_code": "500",
        "status_msg": "INTERNAL SERVER ERROR",
        "info_code": "100",
        "info_msg": "Continue",
        "tags": "(empty)",
        "username": "-",
        "password": "-",
        "proxied": "-",
        "orig_fuids": "Fb5RrTOo7qAmoKB49",
        "orig_filenames": "img8.png",
        "orig_mime_types": "text/html",
        "resp_fuids": "FuOQoy15dND4vNWX6b",
        "resp_filenames": "-",
        "resp_mime_types": "text/html"
    },
    {
        "ts": "1689696910.353401",
        "uid": "C9A4op2brOEFOIqlob",
        "id.orig_h": "192.168.144.131",
        "id.orig_p": "37282",
        "id.resp_h": "172.23.0.2",
        "id.resp_p": "8000",
        "trans_depth": "1",
        "method": "POST",
        "host": "192.168.144.133:8000",
        "uri": "/",
        "referrer": "-",
        "version": "1.0",
        "user_agent": "curl/7.68.0",
        "origin": "-",
        "request_body_len": "1757",
        "response_body_len": "290",
        "status_code": "500",
        "status_msg": "INTERNAL SERVER ERROR",
        "info_code": "100",
        "info_msg": "Continue",
        "tags": "(empty)",
        "username": "-",
        "password": "-",
        "proxied": "-",
        "orig_fuids": "FNdin81FED5OwbqAV4",
        "orig_filenames": "img9.png",
        "orig_mime_types": "text/html",
        "resp_fuids": "Fpf8R84AyGzjLmDkJi",
        "resp_filenames": "-",
        "resp_mime_types": "text/html"
    },
    {
        "ts": "1689696913.522109",
        "uid": "C7u7K837UqxtbQbZ5e",
        "id.orig_h": "192.168.144.131",
        "id.orig_p": "37298",
        "id.resp_h": "172.23.0.2",
        "id.resp_p": "8000",
        "trans_depth": "1",
        "method": "POST",
        "host": "192.168.144.133:8000",
        "uri": "/",
        "referrer": "-",
        "version": "1.0",
        "user_agent": "curl/7.68.0",
        "origin": "-",
        "request_body_len": "463717",
        "response_body_len": "10948",
        "status_code": "200",
        "status_msg": "OK",
        "info_code": "100",
        "info_msg": "Continue",
        "tags": "(empty)",
        "username": "-",
        "password": "-",
        "proxied": "-",
        "orig_fuids": "FIZfv23cGoEkUrVfU",
        "orig_filenames": "img10.jpg",
        "orig_mime_types": "image/jpeg",
        "resp_fuids": "FHYs7f4ZA6njMRxt9i",
        "resp_filenames": "resized_img10.jpg",
        "resp_mime_types": "image/jpeg"
    },
    {
        "ts": "1689696913.713072",
        "uid": "CTvMEU1CLAiquFAkri",
        "id.orig_h": "192.168.144.131",
        "id.orig_p": "37304",
        "id.resp_h": "172.23.0.2",
        "id.resp_p": "8000",
        "trans_depth": "1",
        "method": "POST",
        "host": "192.168.144.133:8000",
        "uri": "/",
        "referrer": "-",
        "version": "1.0",
        "user_agent": "curl/7.68.0",
        "origin": "-",
        "request_body_len": "119957",
        "response_body_len": "11503",
        "status_code": "200",
        "status_msg": "OK",
        "info_code": "100",
        "info_msg": "Continue",
        "tags": "(empty)",
        "username": "-",
        "password": "-",
        "proxied": "-",
        "orig_fuids": "FXcFA23g9RVUR9nM5a",
        "orig_filenames": "img11.jpg",
        "orig_mime_types": "image/jpeg",
        "resp_fuids": "FS3yux4ZDgkulDqwc8",
        "resp_filenames": "resized_img11.jpg",
        "resp_mime_types": "image/jpeg"
    },
    {
        "ts": "1689696913.801960",
        "uid": "CLNWifA9iTAOeZLC2",
        "id.orig_h": "192.168.144.131",
        "id.orig_p": "37320",
        "id.resp_h": "172.23.0.2",
        "id.resp_p": "8000",
        "trans_depth": "1",
        "method": "POST",
        "host": "192.168.144.133:8000",
        "uri": "/",
        "referrer": "-",
        "version": "1.0",
        "user_agent": "curl/7.68.0",
        "origin": "-",
        "request_body_len": "18157",
        "response_body_len": "11675",
        "status_code": "200",
        "status_msg": "OK",
        "info_code": "100",
        "info_msg": "Continue",
        "tags": "(empty)",
        "username": "-",
        "password": "-",
        "proxied": "-",
        "orig_fuids": "FZvz3h1RTmDN9HDy4a",
        "orig_filenames": "img12.jpg",
        "orig_mime_types": "image/jpeg",
        "resp_fuids": "Fxf4g53MimjJFPs0I2",
        "resp_filenames": "resized_img12.jpg",
        "resp_mime_types": "image/jpeg"
    },
    {
        "ts": "1689696913.847574",
        "uid": "CWPHj33CzNorOvpA3h",
        "id.orig_h": "192.168.144.131",
        "id.orig_p": "37334",
        "id.resp_h": "172.23.0.2",
        "id.resp_p": "8000",
        "trans_depth": "1",
        "method": "POST",
        "host": "192.168.144.133:8000",
        "uri": "/",
        "referrer": "-",
        "version": "1.0",
        "user_agent": "curl/7.68.0",
        "origin": "-",
        "request_body_len": "4763",
        "response_body_len": "6192",
        "status_code": "200",
        "status_msg": "OK",
        "info_code": "100",
        "info_msg": "Continue",
        "tags": "(empty)",
        "username": "-",
        "password": "-",
        "proxied": "-",
        "orig_fuids": "Fc6friR16PeZorx3f",
        "orig_filenames": "img13.jpg",
        "orig_mime_types": "image/jpeg",
        "resp_fuids": "FY8vzy1NTq9m0ogd8h",
        "resp_filenames": "resized_img13.jpg",
        "resp_mime_types": "image/jpeg"
    },
    {
        "ts": "1689696913.896754",
        "uid": "CO7fZO1LHMrzmQkmbl",
        "id.orig_h": "192.168.144.131",
        "id.orig_p": "37338",
        "id.resp_h": "172.23.0.2",
        "id.resp_p": "8000",
        "trans_depth": "1",
        "method": "POST",
        "host": "192.168.144.133:8000",
        "uri": "/",
        "referrer": "-",
        "version": "1.0",
        "user_agent": "curl/7.68.0",
        "origin": "-",
        "request_body_len": "348392",
        "response_body_len": "8985",
        "status_code": "200",
        "status_msg": "OK",
        "info_code": "100",
        "info_msg": "Continue",
        "tags": "(empty)",
        "username": "-",
        "password": "-",
        "proxied": "-",
        "orig_fuids": "Fv6LOc17VGzCPFHCQb",
        "orig_filenames": "img14.jpg",
        "orig_mime_types": "image/jpeg",
        "resp_fuids": "FuwGFf2uHhSW8ibIik",
        "resp_filenames": "resized_img14.jpg",
        "resp_mime_types": "image/jpeg"
    },
    {
        "ts": "1689696914.082101",
        "uid": "CgrdRh4KdxbZgkYP83",
        "id.orig_h": "192.168.144.131",
        "id.orig_p": "37340",
        "id.resp_h": "172.23.0.2",
        "id.resp_p": "8000",
        "trans_depth": "1",
        "method": "POST",
        "host": "192.168.144.133:8000",
        "uri": "/",
        "referrer": "-",
        "version": "1.0",
        "user_agent": "curl/7.68.0",
        "origin": "-",
        "request_body_len": "71708",
        "response_body_len": "7912",
        "status_code": "200",
        "status_msg": "OK",
        "info_code": "100",
        "info_msg": "Continue",
        "tags": "(empty)",
        "username": "-",
        "password": "-",
        "proxied": "-",
        "orig_fuids": "Fn79Vv2iZtRRznsKd6",
        "orig_filenames": "img15.jpg",
        "orig_mime_types": "image/jpeg",
        "resp_fuids": "FSdfGf1cY2mNx4Ebyf",
        "resp_filenames": "resized_img15.jpg",
        "resp_mime_types": "image/jpeg"
    },
    {
        "ts": "1689696914.140842",
        "uid": "Ctliih1K6ZOG7PONn3",
        "id.orig_h": "192.168.144.131",
        "id.orig_p": "37344",
        "id.resp_h": "172.23.0.2",
        "id.resp_p": "8000",
        "trans_depth": "1",
        "method": "POST",
        "host": "192.168.144.133:8000",
        "uri": "/",
        "referrer": "-",
        "version": "1.0",
        "user_agent": "curl/7.68.0",
        "origin": "-",
        "request_body_len": "19735",
        "response_body_len": "12062",
        "status_code": "200",
        "status_msg": "OK",
        "info_code": "100",
        "info_msg": "Continue",
        "tags": "(empty)",
        "username": "-",
        "password": "-",
        "proxied": "-",
        "orig_fuids": "FcGeN13fIB82vWmlde",
        "orig_filenames": "img16.jpg",
        "orig_mime_types": "image/jpeg",
        "resp_fuids": "FeCSUR2NBQECWNBqq1",
        "resp_filenames": "resized_img16.jpg",
        "resp_mime_types": "image/jpeg"
    },
    {
        "ts": "1689696914.186702",
        "uid": "CQSrwF2GuP1u9Ca4uk",
        "id.orig_h": "192.168.144.131",
        "id.orig_p": "37348",
        "id.resp_h": "172.23.0.2",
        "id.resp_p": "8000",
        "trans_depth": "1",
        "method": "POST",
        "host": "192.168.144.133:8000",
        "uri": "/",
        "referrer": "-",
        "version": "1.0",
        "user_agent": "curl/7.68.0",
        "origin": "-",
        "request_body_len": "23553",
        "response_body_len": "9749",
        "status_code": "200",
        "status_msg": "OK",
        "info_code": "100",
        "info_msg": "Continue",
        "tags": "(empty)",
        "username": "-",
        "password": "-",
        "proxied": "-",
        "orig_fuids": "FsZBXA1fzJeKwmi8P1",
        "orig_filenames": "img17.jpg",
        "orig_mime_types": "image/jpeg",
        "resp_fuids": "FoDmH93RFJSVghBMn5",
        "resp_filenames": "resized_img17.jpg",
        "resp_mime_types": "image/jpeg"
    },
    {
        "ts": "1689696914.226161",
        "uid": "CQocrN1MSF7BgINJh2",
        "id.orig_h": "192.168.144.131",
        "id.orig_p": "37358",
        "id.resp_h": "172.23.0.2",
        "id.resp_p": "8000",
        "trans_depth": "1",
        "method": "POST",
        "host": "192.168.144.133:8000",
        "uri": "/",
        "referrer": "-",
        "version": "1.0",
        "user_agent": "curl/7.68.0",
        "origin": "-",
        "request_body_len": "9365",
        "response_body_len": "13440",
        "status_code": "200",
        "status_msg": "OK",
        "info_code": "100",
        "info_msg": "Continue",
        "tags": "(empty)",
        "username": "-",
        "password": "-",
        "proxied": "-",
        "orig_fuids": "FiXceN9C7BLnukqa3",
        "orig_filenames": "img18.jpeg",
        "orig_mime_types": "image/jpeg",
        "resp_fuids": "FA3EH44xV64hhLkwgl",
        "resp_filenames": "resized_img18.jpeg",
        "resp_mime_types": "image/jpeg"
    },
    {
        "ts": "1689696914.255902",
        "uid": "CxmOtc3H0gqjQVEbr",
        "id.orig_h": "192.168.144.131",
        "id.orig_p": "37366",
        "id.resp_h": "172.23.0.2",
        "id.resp_p": "8000",
        "trans_depth": "1",
        "method": "POST",
        "host": "192.168.144.133:8000",
        "uri": "/",
        "referrer": "-",
        "version": "1.0",
        "user_agent": "curl/7.68.0",
        "origin": "-",
        "request_body_len": "453",
        "response_body_len": "263",
        "status_code": "200",
        "status_msg": "OK",
        "info_code": "-",
        "info_msg": "-",
        "tags": "(empty)",
        "username": "-",
        "password": "-",
        "proxied": "-",
        "orig_fuids": "FYd0av4L1Vg9TZtnrc",
        "orig_filenames": "img19.png",
        "orig_mime_types": "image/png",
        "resp_fuids": "FlwP7U1YCaQnhYvD1j",
        "resp_filenames": "resized_img19.png",
        "resp_mime_types": "image/png"
    },
    {
        "ts": "1689696914.297928",
        "uid": "CknG9rEiW0IRYbxQf",
        "id.orig_h": "192.168.144.131",
        "id.orig_p": "37370",
        "id.resp_h": "172.23.0.2",
        "id.resp_p": "8000",
        "trans_depth": "1",
        "method": "POST",
        "host": "192.168.144.133:8000",
        "uri": "/",
        "referrer": "-",
        "version": "1.0",
        "user_agent": "curl/7.68.0",
        "origin": "-",
        "request_body_len": "2680993",
        "response_body_len": "72848",
        "status_code": "200",
        "status_msg": "OK",
        "info_code": "100",
        "info_msg": "Continue",
        "tags": "(empty)",
        "username": "-",
        "password": "-",
        "proxied": "-",
        "orig_fuids": "FJVHmr187n18HrGV46",
        "orig_filenames": "img1.png",
        "orig_mime_types": "image/png",
        "resp_fuids": "FKm3oOjPvGaUApojb",
        "resp_filenames": "resized_img1.png",
        "resp_mime_types": "image/png"
    },
    {
        "ts": "1689696914.625697",
        "uid": "CcT4PIeQL6OclrB12",
        "id.orig_h": "192.168.144.131",
        "id.orig_p": "37374",
        "id.resp_h": "172.23.0.2",
        "id.resp_p": "8000",
        "trans_depth": "1",
        "method": "POST",
        "host": "192.168.144.133:8000",
        "uri": "/",
        "referrer": "-",
        "version": "1.0",
        "user_agent": "curl/7.68.0",
        "origin": "-",
        "request_body_len": "6228",
        "response_body_len": "9729",
        "status_code": "200",
        "status_msg": "OK",
        "info_code": "100",
        "info_msg": "Continue",
        "tags": "(empty)",
        "username": "-",
        "password": "-",
        "proxied": "-",
        "orig_fuids": "FUZ0hh27E3FTrvlix4",
        "orig_filenames": "img20.jpeg",
        "orig_mime_types": "image/jpeg",
        "resp_fuids": "FRx2iu37EkFx9OL5oi",
        "resp_filenames": "resized_img20.jpeg",
        "resp_mime_types": "image/jpeg"
    },
    {
        "ts": "1689696914.661096",
        "uid": "CasvSW2ZaUbGPfqit8",
        "id.orig_h": "192.168.144.131",
        "id.orig_p": "37390",
        "id.resp_h": "172.23.0.2",
        "id.resp_p": "8000",
        "trans_depth": "1",
        "method": "POST",
        "host": "192.168.144.133:8000",
        "uri": "/",
        "referrer": "-",
        "version": "1.0",
        "user_agent": "curl/7.68.0",
        "origin": "-",
        "request_body_len": "467",
        "response_body_len": "290",
        "status_code": "500",
        "status_msg": "INTERNAL SERVER ERROR",
        "info_code": "-",
        "info_msg": "-",
        "tags": "(empty)",
        "username": "-",
        "password": "-",
        "proxied": "-",
        "orig_fuids": "FGnca84fig3CC2D86a",
        "orig_filenames": "img2.png",
        "orig_mime_types": "text/html",
        "resp_fuids": "F3Lgr81EZYbMFsGw91",
        "resp_filenames": "-",
        "resp_mime_types": "text/html"
    },
    {
        "ts": "1689696914.686463",
        "uid": "ClIwlw3rPcp8dym1og",
        "id.orig_h": "192.168.144.131",
        "id.orig_p": "37406",
        "id.resp_h": "172.23.0.2",
        "id.resp_p": "8000",
        "trans_depth": "1",
        "method": "POST",
        "host": "192.168.144.133:8000",
        "uri": "/",
        "referrer": "-",
        "version": "1.0",
        "user_agent": "curl/7.68.0",
        "origin": "-",
        "request_body_len": "6226",
        "response_body_len": "66725",
        "status_code": "200",
        "status_msg": "OK",
        "info_code": "100",
        "info_msg": "Continue",
        "tags": "(empty)",
        "username": "-",
        "password": "-",
        "proxied": "-",
        "orig_fuids": "FYY1BZ1pQU8xBnvyS6",
        "orig_filenames": "img3.png",
        "orig_mime_types": "image/jpeg",
        "resp_fuids": "FG2uYK1NFxKNZqCFxe",
        "resp_filenames": "resized_img3.png",
        "resp_mime_types": "image/png"
    },
    {
        "ts": "1689696914.736999",
        "uid": "CGr37H2TBeONKnggc4",
        "id.orig_h": "192.168.144.131",
        "id.orig_p": "37422",
        "id.resp_h": "172.23.0.2",
        "id.resp_p": "8000",
        "trans_depth": "1",
        "method": "POST",
        "host": "192.168.144.133:8000",
        "uri": "/",
        "referrer": "-",
        "version": "1.0",
        "user_agent": "curl/7.68.0",
        "origin": "-",
        "request_body_len": "6279",
        "response_body_len": "64617",
        "status_code": "200",
        "status_msg": "OK",
        "info_code": "100",
        "info_msg": "Continue",
        "tags": "(empty)",
        "username": "-",
        "password": "-",
        "proxied": "-",
        "orig_fuids": "FRKqv14F8DFaghX4re",
        "orig_filenames": "img4.png",
        "orig_mime_types": "image/jpeg",
        "resp_fuids": "FgSeyJ3eLn7O60Lw1f",
        "resp_filenames": "resized_img4.png",
        "resp_mime_types": "image/png"
    },
    {
        "ts": "1689696914.789170",
        "uid": "CkJ7hm3IwLQ1ra7dli",
        "id.orig_h": "192.168.144.131",
        "id.orig_p": "37438",
        "id.resp_h": "172.23.0.2",
        "id.resp_p": "8000",
        "trans_depth": "1",
        "method": "POST",
        "host": "192.168.144.133:8000",
        "uri": "/",
        "referrer": "-",
        "version": "1.0",
        "user_agent": "curl/7.68.0",
        "origin": "-",
        "request_body_len": "6848",
        "response_body_len": "69702",
        "status_code": "200",
        "status_msg": "OK",
        "info_code": "100",
        "info_msg": "Continue",
        "tags": "(empty)",
        "username": "-",
        "password": "-",
        "proxied": "-",
        "orig_fuids": "FEcJhG1qAQbcDcQ2zl",
        "orig_filenames": "img5.png",
        "orig_mime_types": "image/jpeg",
        "resp_fuids": "FwC0F21FLPByq46Aq8",
        "resp_filenames": "resized_img5.png",
        "resp_mime_types": "image/png"
    },
    {
        "ts": "1689696914.851690",
        "uid": "C1SEdT2SEjF32oYWY5",
        "id.orig_h": "192.168.144.131",
        "id.orig_p": "37444",
        "id.resp_h": "172.23.0.2",
        "id.resp_p": "8000",
        "trans_depth": "1",
        "method": "POST",
        "host": "192.168.144.133:8000",
        "uri": "/",
        "referrer": "-",
        "version": "1.0",
        "user_agent": "curl/7.68.0",
        "origin": "-",
        "request_body_len": "1763",
        "response_body_len": "290",
        "status_code": "500",
        "status_msg": "INTERNAL SERVER ERROR",
        "info_code": "100",
        "info_msg": "Continue",
        "tags": "(empty)",
        "username": "-",
        "password": "-",
        "proxied": "-",
        "orig_fuids": "FGPkie2Fcdz68E2UXe",
        "orig_filenames": "img6.png",
        "orig_mime_types": "text/html",
        "resp_fuids": "FQUea94eUpaLg5WeAc",
        "resp_filenames": "-",
        "resp_mime_types": "text/html"
    },
    {
        "ts": "1689696914.909777",
        "uid": "CyKNwG2EKSVZYuN0m6",
        "id.orig_h": "192.168.144.131",
        "id.orig_p": "37458",
        "id.resp_h": "172.23.0.2",
        "id.resp_p": "8000",
        "trans_depth": "1",
        "method": "POST",
        "host": "192.168.144.133:8000",
        "uri": "/",
        "referrer": "-",
        "version": "1.0",
        "user_agent": "curl/7.68.0",
        "origin": "-",
        "request_body_len": "1949",
        "response_body_len": "290",
        "status_code": "500",
        "status_msg": "INTERNAL SERVER ERROR",
        "info_code": "100",
        "info_msg": "Continue",
        "tags": "(empty)",
        "username": "-",
        "password": "-",
        "proxied": "-",
        "orig_fuids": "FsrQ9a2VdjJZmIfCO3",
        "orig_filenames": "img7.png",
        "orig_mime_types": "text/html",
        "resp_fuids": "FYgr301aT5oDygNWA5",
        "resp_filenames": "-",
        "resp_mime_types": "text/html"
    },
    {
        "ts": "1689696914.941939",
        "uid": "CFYXk34fz8Hulj3Hh9",
        "id.orig_h": "192.168.144.131",
        "id.orig_p": "37468",
        "id.resp_h": "172.23.0.2",
        "id.resp_p": "8000",
        "trans_depth": "1",
        "method": "POST",
        "host": "192.168.144.133:8000",
        "uri": "/",
        "referrer": "-",
        "version": "1.0",
        "user_agent": "curl/7.68.0",
        "origin": "-",
        "request_body_len": "1755",
        "response_body_len": "290",
        "status_code": "500",
        "status_msg": "INTERNAL SERVER ERROR",
        "info_code": "100",
        "info_msg": "Continue",
        "tags": "(empty)",
        "username": "-",
        "password": "-",
        "proxied": "-",
        "orig_fuids": "FwDmfA13IlTX1xdJVh",
        "orig_filenames": "img8.png",
        "orig_mime_types": "text/html",
        "resp_fuids": "Fo8Yyd2hbMqutl7FXg",
        "resp_filenames": "-",
        "resp_mime_types": "text/html"
    },
    {
        "ts": "1689696914.977458",
        "uid": "Cp1IJB3CNka9c4S8W2",
        "id.orig_h": "192.168.144.131",
        "id.orig_p": "37472",
        "id.resp_h": "172.23.0.2",
        "id.resp_p": "8000",
        "trans_depth": "1",
        "method": "POST",
        "host": "192.168.144.133:8000",
        "uri": "/",
        "referrer": "-",
        "version": "1.0",
        "user_agent": "curl/7.68.0",
        "origin": "-",
        "request_body_len": "1757",
        "response_body_len": "290",
        "status_code": "500",
        "status_msg": "INTERNAL SERVER ERROR",
        "info_code": "100",
        "info_msg": "Continue",
        "tags": "(empty)",
        "username": "-",
        "password": "-",
        "proxied": "-",
        "orig_fuids": "Fkbjcw1wtDSV99Jxng",
        "orig_filenames": "img9.png",
        "orig_mime_types": "text/html",
        "resp_fuids": "FNcDXh4BPWD74u6P05",
        "resp_filenames": "-",
        "resp_mime_types": "text/html"
    },
    {
        "ts": "1689696917.688338",
        "uid": "Cxvmka1JUuorqfq4cl",
        "id.orig_h": "192.168.144.131",
        "id.orig_p": "60118",
        "id.resp_h": "172.23.0.2",
        "id.resp_p": "8000",
        "trans_depth": "1",
        "method": "POST",
        "host": "192.168.144.133:8000",
        "uri": "/",
        "referrer": "-",
        "version": "1.0",
        "user_agent": "curl/7.68.0",
        "origin": "-",
        "request_body_len": "463717",
        "response_body_len": "10948",
        "status_code": "200",
        "status_msg": "OK",
        "info_code": "100",
        "info_msg": "Continue",
        "tags": "(empty)",
        "username": "-",
        "password": "-",
        "proxied": "-",
        "orig_fuids": "FFXYfj2eVaHHezsMx2",
        "orig_filenames": "img10.jpg",
        "orig_mime_types": "image/jpeg",
        "resp_fuids": "FwBFb92bgsPSqJ9tDd",
        "resp_filenames": "resized_img10.jpg",
        "resp_mime_types": "image/jpeg"
    },
    {
        "ts": "1689696917.931972",
        "uid": "CnKSoJ3tOdeD2CElgc",
        "id.orig_h": "192.168.144.131",
        "id.orig_p": "60120",
        "id.resp_h": "172.23.0.2",
        "id.resp_p": "8000",
        "trans_depth": "1",
        "method": "POST",
        "host": "192.168.144.133:8000",
        "uri": "/",
        "referrer": "-",
        "version": "1.0",
        "user_agent": "curl/7.68.0",
        "origin": "-",
        "request_body_len": "119957",
        "response_body_len": "11503",
        "status_code": "200",
        "status_msg": "OK",
        "info_code": "100",
        "info_msg": "Continue",
        "tags": "(empty)",
        "username": "-",
        "password": "-",
        "proxied": "-",
        "orig_fuids": "FtK36Q3fnZhVkDYnMj",
        "orig_filenames": "img11.jpg",
        "orig_mime_types": "image/jpeg",
        "resp_fuids": "Fpj7Qw2VUvjjGORyj9",
        "resp_filenames": "resized_img11.jpg",
        "resp_mime_types": "image/jpeg"
    },
    {
        "ts": "1689696918.050577",
        "uid": "COjO8c3C6lHtcQlP45",
        "id.orig_h": "192.168.144.131",
        "id.orig_p": "60128",
        "id.resp_h": "172.23.0.2",
        "id.resp_p": "8000",
        "trans_depth": "1",
        "method": "POST",
        "host": "192.168.144.133:8000",
        "uri": "/",
        "referrer": "-",
        "version": "1.0",
        "user_agent": "curl/7.68.0",
        "origin": "-",
        "request_body_len": "18157",
        "response_body_len": "11675",
        "status_code": "200",
        "status_msg": "OK",
        "info_code": "100",
        "info_msg": "Continue",
        "tags": "(empty)",
        "username": "-",
        "password": "-",
        "proxied": "-",
        "orig_fuids": "FEHreKsZhyyMs9FTi",
        "orig_filenames": "img12.jpg",
        "orig_mime_types": "image/jpeg",
        "resp_fuids": "F85W9VOpN9ekfuOUa",
        "resp_filenames": "resized_img12.jpg",
        "resp_mime_types": "image/jpeg"
    },
    {
        "ts": "1689696918.113443",
        "uid": "CViMle39fJ4YYhRAj3",
        "id.orig_h": "192.168.144.131",
        "id.orig_p": "60132",
        "id.resp_h": "172.23.0.2",
        "id.resp_p": "8000",
        "trans_depth": "1",
        "method": "POST",
        "host": "192.168.144.133:8000",
        "uri": "/",
        "referrer": "-",
        "version": "1.0",
        "user_agent": "curl/7.68.0",
        "origin": "-",
        "request_body_len": "4763",
        "response_body_len": "6192",
        "status_code": "200",
        "status_msg": "OK",
        "info_code": "100",
        "info_msg": "Continue",
        "tags": "(empty)",
        "username": "-",
        "password": "-",
        "proxied": "-",
        "orig_fuids": "FipOGF8zl64u3bPj3",
        "orig_filenames": "img13.jpg",
        "orig_mime_types": "image/jpeg",
        "resp_fuids": "FhdcTj4NjPXlQSlxl5",
        "resp_filenames": "resized_img13.jpg",
        "resp_mime_types": "image/jpeg"
    },
    {
        "ts": "1689696918.170717",
        "uid": "CfbV0gZq9URmAg5wf",
        "id.orig_h": "192.168.144.131",
        "id.orig_p": "60144",
        "id.resp_h": "172.23.0.2",
        "id.resp_p": "8000",
        "trans_depth": "1",
        "method": "POST",
        "host": "192.168.144.133:8000",
        "uri": "/",
        "referrer": "-",
        "version": "1.0",
        "user_agent": "curl/7.68.0",
        "origin": "-",
        "request_body_len": "348392",
        "response_body_len": "8985",
        "status_code": "200",
        "status_msg": "OK",
        "info_code": "100",
        "info_msg": "Continue",
        "tags": "(empty)",
        "username": "-",
        "password": "-",
        "proxied": "-",
        "orig_fuids": "FzAyW52E15rDhgqfJ8",
        "orig_filenames": "img14.jpg",
        "orig_mime_types": "image/jpeg",
        "resp_fuids": "FiI7NhTPgtLUJlvy3",
        "resp_filenames": "resized_img14.jpg",
        "resp_mime_types": "image/jpeg"
    },
    {
        "ts": "1689696918.419358",
        "uid": "CLPKPrrG6QTLcd3C1",
        "id.orig_h": "192.168.144.131",
        "id.orig_p": "60150",
        "id.resp_h": "172.23.0.2",
        "id.resp_p": "8000",
        "trans_depth": "1",
        "method": "POST",
        "host": "192.168.144.133:8000",
        "uri": "/",
        "referrer": "-",
        "version": "1.0",
        "user_agent": "curl/7.68.0",
        "origin": "-",
        "request_body_len": "71708",
        "response_body_len": "7912",
        "status_code": "200",
        "status_msg": "OK",
        "info_code": "100",
        "info_msg": "Continue",
        "tags": "(empty)",
        "username": "-",
        "password": "-",
        "proxied": "-",
        "orig_fuids": "F2hiRo2jfLuBP16Cd",
        "orig_filenames": "img15.jpg",
        "orig_mime_types": "image/jpeg",
        "resp_fuids": "FXemt02SFY5MSYzBrl",
        "resp_filenames": "resized_img15.jpg",
        "resp_mime_types": "image/jpeg"
    },
    {
        "ts": "1689696918.517333",
        "uid": "CYB3uPDuKCa1QzsAf",
        "id.orig_h": "192.168.144.131",
        "id.orig_p": "60152",
        "id.resp_h": "172.23.0.2",
        "id.resp_p": "8000",
        "trans_depth": "1",
        "method": "POST",
        "host": "192.168.144.133:8000",
        "uri": "/",
        "referrer": "-",
        "version": "1.0",
        "user_agent": "curl/7.68.0",
        "origin": "-",
        "request_body_len": "19735",
        "response_body_len": "12062",
        "status_code": "200",
        "status_msg": "OK",
        "info_code": "100",
        "info_msg": "Continue",
        "tags": "(empty)",
        "username": "-",
        "password": "-",
        "proxied": "-",
        "orig_fuids": "Ft0PH9i93IrdYJ39j",
        "orig_filenames": "img16.jpg",
        "orig_mime_types": "image/jpeg",
        "resp_fuids": "FwHrXAID6dV1wOKh5",
        "resp_filenames": "resized_img16.jpg",
        "resp_mime_types": "image/jpeg"
    },
    {
        "ts": "1689696918.576351",
        "uid": "C0QLN81q6RAl4SZek1",
        "id.orig_h": "192.168.144.131",
        "id.orig_p": "60168",
        "id.resp_h": "172.23.0.2",
        "id.resp_p": "8000",
        "trans_depth": "1",
        "method": "POST",
        "host": "192.168.144.133:8000",
        "uri": "/",
        "referrer": "-",
        "version": "1.0",
        "user_agent": "curl/7.68.0",
        "origin": "-",
        "request_body_len": "23553",
        "response_body_len": "9749",
        "status_code": "200",
        "status_msg": "OK",
        "info_code": "100",
        "info_msg": "Continue",
        "tags": "(empty)",
        "username": "-",
        "password": "-",
        "proxied": "-",
        "orig_fuids": "Fs0Ppr4SxNn7bptc26",
        "orig_filenames": "img17.jpg",
        "orig_mime_types": "image/jpeg",
        "resp_fuids": "Fz497h40TXsU10EE2h",
        "resp_filenames": "resized_img17.jpg",
        "resp_mime_types": "image/jpeg"
    },
    {
        "ts": "1689696918.641093",
        "uid": "CXOYHF3WUORjhQ9e5d",
        "id.orig_h": "192.168.144.131",
        "id.orig_p": "60172",
        "id.resp_h": "172.23.0.2",
        "id.resp_p": "8000",
        "trans_depth": "1",
        "method": "POST",
        "host": "192.168.144.133:8000",
        "uri": "/",
        "referrer": "-",
        "version": "1.0",
        "user_agent": "curl/7.68.0",
        "origin": "-",
        "request_body_len": "9365",
        "response_body_len": "13440",
        "status_code": "200",
        "status_msg": "OK",
        "info_code": "100",
        "info_msg": "Continue",
        "tags": "(empty)",
        "username": "-",
        "password": "-",
        "proxied": "-",
        "orig_fuids": "F0uLKZ1GU351MuOPE9",
        "orig_filenames": "img18.jpeg",
        "orig_mime_types": "image/jpeg",
        "resp_fuids": "FxFSPM3FLrqMTrccCj",
        "resp_filenames": "resized_img18.jpeg",
        "resp_mime_types": "image/jpeg"
    },
    {
        "ts": "1689696918.701126",
        "uid": "CfA6VA32MC91SiJsMd",
        "id.orig_h": "192.168.144.131",
        "id.orig_p": "60182",
        "id.resp_h": "172.23.0.2",
        "id.resp_p": "8000",
        "trans_depth": "1",
        "method": "POST",
        "host": "192.168.144.133:8000",
        "uri": "/",
        "referrer": "-",
        "version": "1.0",
        "user_agent": "curl/7.68.0",
        "origin": "-",
        "request_body_len": "453",
        "response_body_len": "263",
        "status_code": "200",
        "status_msg": "OK",
        "info_code": "-",
        "info_msg": "-",
        "tags": "(empty)",
        "username": "-",
        "password": "-",
        "proxied": "-",
        "orig_fuids": "FLzAJ61RcHGejlpb0g",
        "orig_filenames": "img19.png",
        "orig_mime_types": "image/png",
        "resp_fuids": "Fd6arl4qgZ4hZnjDUh",
        "resp_filenames": "resized_img19.png",
        "resp_mime_types": "image/png"
    },
    {
        "ts": "1689696918.743460",
        "uid": "CXY1aH1YklgGlyhQif",
        "id.orig_h": "192.168.144.131",
        "id.orig_p": "60186",
        "id.resp_h": "172.23.0.2",
        "id.resp_p": "8000",
        "trans_depth": "1",
        "method": "POST",
        "host": "192.168.144.133:8000",
        "uri": "/",
        "referrer": "-",
        "version": "1.0",
        "user_agent": "curl/7.68.0",
        "origin": "-",
        "request_body_len": "2680993",
        "response_body_len": "72848",
        "status_code": "200",
        "status_msg": "OK",
        "info_code": "100",
        "info_msg": "Continue",
        "tags": "(empty)",
        "username": "-",
        "password": "-",
        "proxied": "-",
        "orig_fuids": "Fz7kvV1cES1yRHqG46",
        "orig_filenames": "img1.png",
        "orig_mime_types": "image/png",
        "resp_fuids": "Fe2lHG33IDDZSlM711",
        "resp_filenames": "resized_img1.png",
        "resp_mime_types": "image/png"
    },
    {
        "ts": "1689696919.322747",
        "uid": "C6H4Xa4s9v86rxKJu1",
        "id.orig_h": "192.168.144.131",
        "id.orig_p": "60200",
        "id.resp_h": "172.23.0.2",
        "id.resp_p": "8000",
        "trans_depth": "1",
        "method": "POST",
        "host": "192.168.144.133:8000",
        "uri": "/",
        "referrer": "-",
        "version": "1.0",
        "user_agent": "curl/7.68.0",
        "origin": "-",
        "request_body_len": "6228",
        "response_body_len": "9729",
        "status_code": "200",
        "status_msg": "OK",
        "info_code": "100",
        "info_msg": "Continue",
        "tags": "(empty)",
        "username": "-",
        "password": "-",
        "proxied": "-",
        "orig_fuids": "FKKpa71m7Q4YGT4cY1",
        "orig_filenames": "img20.jpeg",
        "orig_mime_types": "image/jpeg",
        "resp_fuids": "F5nRAYkCnozuayQNa",
        "resp_filenames": "resized_img20.jpeg",
        "resp_mime_types": "image/jpeg"
    },
    {
        "ts": "1689696919.391477",
        "uid": "CAoUQvhTX3QDXSIB3",
        "id.orig_h": "192.168.144.131",
        "id.orig_p": "60216",
        "id.resp_h": "172.23.0.2",
        "id.resp_p": "8000",
        "trans_depth": "1",
        "method": "POST",
        "host": "192.168.144.133:8000",
        "uri": "/",
        "referrer": "-",
        "version": "1.0",
        "user_agent": "curl/7.68.0",
        "origin": "-",
        "request_body_len": "467",
        "response_body_len": "290",
        "status_code": "500",
        "status_msg": "INTERNAL SERVER ERROR",
        "info_code": "-",
        "info_msg": "-",
        "tags": "(empty)",
        "username": "-",
        "password": "-",
        "proxied": "-",
        "orig_fuids": "FVN9rt2xntHbenrewh",
        "orig_filenames": "img2.png",
        "orig_mime_types": "text/html",
        "resp_fuids": "FZetPn32GPTynVp6h9",
        "resp_filenames": "-",
        "resp_mime_types": "text/html"
    },
    {
        "ts": "1689696919.441041",
        "uid": "ClayAz38O9rQ6Nxd7f",
        "id.orig_h": "192.168.144.131",
        "id.orig_p": "60218",
        "id.resp_h": "172.23.0.2",
        "id.resp_p": "8000",
        "trans_depth": "1",
        "method": "POST",
        "host": "192.168.144.133:8000",
        "uri": "/",
        "referrer": "-",
        "version": "1.0",
        "user_agent": "curl/7.68.0",
        "origin": "-",
        "request_body_len": "6226",
        "response_body_len": "66725",
        "status_code": "200",
        "status_msg": "OK",
        "info_code": "100",
        "info_msg": "Continue",
        "tags": "(empty)",
        "username": "-",
        "password": "-",
        "proxied": "-",
        "orig_fuids": "FgaQNF265xFIuVu0xj",
        "orig_filenames": "img3.png",
        "orig_mime_types": "image/jpeg",
        "resp_fuids": "FCFxSwClVb44qOaJa",
        "resp_filenames": "resized_img3.png",
        "resp_mime_types": "image/png"
    },
    {
        "ts": "1689696919.515440",
        "uid": "Cmp52n2oTG8iEs5p2l",
        "id.orig_h": "192.168.144.131",
        "id.orig_p": "60220",
        "id.resp_h": "172.23.0.2",
        "id.resp_p": "8000",
        "trans_depth": "1",
        "method": "POST",
        "host": "192.168.144.133:8000",
        "uri": "/",
        "referrer": "-",
        "version": "1.0",
        "user_agent": "curl/7.68.0",
        "origin": "-",
        "request_body_len": "6279",
        "response_body_len": "64617",
        "status_code": "200",
        "status_msg": "OK",
        "info_code": "100",
        "info_msg": "Continue",
        "tags": "(empty)",
        "username": "-",
        "password": "-",
        "proxied": "-",
        "orig_fuids": "FPEOu62vo8RtoUm7Y7",
        "orig_filenames": "img4.png",
        "orig_mime_types": "image/jpeg",
        "resp_fuids": "FbEV2p3NcKGkWv8EHi",
        "resp_filenames": "resized_img4.png",
        "resp_mime_types": "image/png"
    },
    {
        "ts": "1689696919.598870",
        "uid": "CPYhCD18ZXT6kVfnd3",
        "id.orig_h": "192.168.144.131",
        "id.orig_p": "60226",
        "id.resp_h": "172.23.0.2",
        "id.resp_p": "8000",
        "trans_depth": "1",
        "method": "POST",
        "host": "192.168.144.133:8000",
        "uri": "/",
        "referrer": "-",
        "version": "1.0",
        "user_agent": "curl/7.68.0",
        "origin": "-",
        "request_body_len": "6848",
        "response_body_len": "69702",
        "status_code": "200",
        "status_msg": "OK",
        "info_code": "100",
        "info_msg": "Continue",
        "tags": "(empty)",
        "username": "-",
        "password": "-",
        "proxied": "-",
        "orig_fuids": "FDJPXH2MPeBBlfheIk",
        "orig_filenames": "img5.png",
        "orig_mime_types": "image/jpeg",
        "resp_fuids": "Fr9tNY6gUrchXIPS8",
        "resp_filenames": "resized_img5.png",
        "resp_mime_types": "image/png"
    },
    {
        "ts": "1689696919.681074",
        "uid": "CiCMcK3RInMR94NGv6",
        "id.orig_h": "192.168.144.131",
        "id.orig_p": "60242",
        "id.resp_h": "172.23.0.2",
        "id.resp_p": "8000",
        "trans_depth": "1",
        "method": "POST",
        "host": "192.168.144.133:8000",
        "uri": "/",
        "referrer": "-",
        "version": "1.0",
        "user_agent": "curl/7.68.0",
        "origin": "-",
        "request_body_len": "1763",
        "response_body_len": "290",
        "status_code": "500",
        "status_msg": "INTERNAL SERVER ERROR",
        "info_code": "100",
        "info_msg": "Continue",
        "tags": "(empty)",
        "username": "-",
        "password": "-",
        "proxied": "-",
        "orig_fuids": "F55keC2tUR8jvPN3P",
        "orig_filenames": "img6.png",
        "orig_mime_types": "text/html",
        "resp_fuids": "FYO2lm1ugG1TEnlN1d",
        "resp_filenames": "-",
        "resp_mime_types": "text/html"
    },
    {
        "ts": "1689696919.753450",
        "uid": "CwtRcX1kRFpY80NfLa",
        "id.orig_h": "192.168.144.131",
        "id.orig_p": "60244",
        "id.resp_h": "172.23.0.2",
        "id.resp_p": "8000",
        "trans_depth": "1",
        "method": "POST",
        "host": "192.168.144.133:8000",
        "uri": "/",
        "referrer": "-",
        "version": "1.0",
        "user_agent": "curl/7.68.0",
        "origin": "-",
        "request_body_len": "1949",
        "response_body_len": "290",
        "status_code": "500",
        "status_msg": "INTERNAL SERVER ERROR",
        "info_code": "100",
        "info_msg": "Continue",
        "tags": "(empty)",
        "username": "-",
        "password": "-",
        "proxied": "-",
        "orig_fuids": "FJ8MYy4rPs9s9HIF2a",
        "orig_filenames": "img7.png",
        "orig_mime_types": "text/html",
        "resp_fuids": "FtM2YBKw24kI0stV4",
        "resp_filenames": "-",
        "resp_mime_types": "text/html"
    },
    {
        "ts": "1689696919.809502",
        "uid": "CMcYO741uiUiBSqOMd",
        "id.orig_h": "192.168.144.131",
        "id.orig_p": "60260",
        "id.resp_h": "172.23.0.2",
        "id.resp_p": "8000",
        "trans_depth": "1",
        "method": "POST",
        "host": "192.168.144.133:8000",
        "uri": "/",
        "referrer": "-",
        "version": "1.0",
        "user_agent": "curl/7.68.0",
        "origin": "-",
        "request_body_len": "1755",
        "response_body_len": "290",
        "status_code": "500",
        "status_msg": "INTERNAL SERVER ERROR",
        "info_code": "100",
        "info_msg": "Continue",
        "tags": "(empty)",
        "username": "-",
        "password": "-",
        "proxied": "-",
        "orig_fuids": "FTSd5J2b0HNBygcAB3",
        "orig_filenames": "img8.png",
        "orig_mime_types": "text/html",
        "resp_fuids": "F9LZ4U33vuIdh4mQf7",
        "resp_filenames": "-",
        "resp_mime_types": "text/html"
    },
    {
        "ts": "1689696919.856950",
        "uid": "C8iIeY1oJLMRCU5bzg",
        "id.orig_h": "192.168.144.131",
        "id.orig_p": "60264",
        "id.resp_h": "172.23.0.2",
        "id.resp_p": "8000",
        "trans_depth": "1",
        "method": "POST",
        "host": "192.168.144.133:8000",
        "uri": "/",
        "referrer": "-",
        "version": "1.0",
        "user_agent": "curl/7.68.0",
        "origin": "-",
        "request_body_len": "1757",
        "response_body_len": "290",
        "status_code": "500",
        "status_msg": "INTERNAL SERVER ERROR",
        "info_code": "100",
        "info_msg": "Continue",
        "tags": "(empty)",
        "username": "-",
        "password": "-",
        "proxied": "-",
        "orig_fuids": "FR49Z03Enax9NWObKf",
        "orig_filenames": "img9.png",
        "orig_mime_types": "text/html",
        "resp_fuids": "F9cQG61oDu9nJFLG41",
        "resp_filenames": "-",
        "resp_mime_types": "text/html"
    },
    {
        "ts": "1689696922.988971",
        "uid": "CkUghz4tG2BBcBILH9",
        "id.orig_h": "192.168.144.131",
        "id.orig_p": "60276",
        "id.resp_h": "172.23.0.2",
        "id.resp_p": "8000",
        "trans_depth": "1",
        "method": "POST",
        "host": "192.168.144.133:8000",
        "uri": "/",
        "referrer": "-",
        "version": "1.0",
        "user_agent": "curl/7.68.0",
        "origin": "-",
        "request_body_len": "463717",
        "response_body_len": "10948",
        "status_code": "200",
        "status_msg": "OK",
        "info_code": "100",
        "info_msg": "Continue",
        "tags": "(empty)",
        "username": "-",
        "password": "-",
        "proxied": "-",
        "orig_fuids": "FYC1xv156n6UaMRMkc",
        "orig_filenames": "img10.jpg",
        "orig_mime_types": "image/jpeg",
        "resp_fuids": "FsR9Zd1rCW35wR7Bx4",
        "resp_filenames": "resized_img10.jpg",
        "resp_mime_types": "image/jpeg"
    },
    {
        "ts": "1689696923.214830",
        "uid": "CDjgO51lJ3nanE8Kk1",
        "id.orig_h": "192.168.144.131",
        "id.orig_p": "60280",
        "id.resp_h": "172.23.0.2",
        "id.resp_p": "8000",
        "trans_depth": "1",
        "method": "POST",
        "host": "192.168.144.133:8000",
        "uri": "/",
        "referrer": "-",
        "version": "1.0",
        "user_agent": "curl/7.68.0",
        "origin": "-",
        "request_body_len": "119957",
        "response_body_len": "11503",
        "status_code": "200",
        "status_msg": "OK",
        "info_code": "100",
        "info_msg": "Continue",
        "tags": "(empty)",
        "username": "-",
        "password": "-",
        "proxied": "-",
        "orig_fuids": "FDiW9E2ZgpT3FnpxUh",
        "orig_filenames": "img11.jpg",
        "orig_mime_types": "image/jpeg",
        "resp_fuids": "F182B3nHWPzN0Cbj7",
        "resp_filenames": "resized_img11.jpg",
        "resp_mime_types": "image/jpeg"
    },
    {
        "ts": "1689696923.335961",
        "uid": "Cnh7Ad3CAEQWuO0GXb",
        "id.orig_h": "192.168.144.131",
        "id.orig_p": "60290",
        "id.resp_h": "172.23.0.2",
        "id.resp_p": "8000",
        "trans_depth": "1",
        "method": "POST",
        "host": "192.168.144.133:8000",
        "uri": "/",
        "referrer": "-",
        "version": "1.0",
        "user_agent": "curl/7.68.0",
        "origin": "-",
        "request_body_len": "18157",
        "response_body_len": "11675",
        "status_code": "200",
        "status_msg": "OK",
        "info_code": "100",
        "info_msg": "Continue",
        "tags": "(empty)",
        "username": "-",
        "password": "-",
        "proxied": "-",
        "orig_fuids": "FX8pF84O2uq3xSh2hh",
        "orig_filenames": "img12.jpg",
        "orig_mime_types": "image/jpeg",
        "resp_fuids": "F8098o4RQooduSQx6b",
        "resp_filenames": "resized_img12.jpg",
        "resp_mime_types": "image/jpeg"
    },
    {
        "ts": "1689696923.394882",
        "uid": "CoefAy4c4e9QBH1Qik",
        "id.orig_h": "192.168.144.131",
        "id.orig_p": "60300",
        "id.resp_h": "172.23.0.2",
        "id.resp_p": "8000",
        "trans_depth": "1",
        "method": "POST",
        "host": "192.168.144.133:8000",
        "uri": "/",
        "referrer": "-",
        "version": "1.0",
        "user_agent": "curl/7.68.0",
        "origin": "-",
        "request_body_len": "4763",
        "response_body_len": "6192",
        "status_code": "200",
        "status_msg": "OK",
        "info_code": "100",
        "info_msg": "Continue",
        "tags": "(empty)",
        "username": "-",
        "password": "-",
        "proxied": "-",
        "orig_fuids": "Fbj0QY2vP5TZQkOubh",
        "orig_filenames": "img13.jpg",
        "orig_mime_types": "image/jpeg",
        "resp_fuids": "F8iQF54lwJL2IVUBbl",
        "resp_filenames": "resized_img13.jpg",
        "resp_mime_types": "image/jpeg"
    },
    {
        "ts": "1689696923.455100",
        "uid": "Cd4QhA30QfErc9hMHc",
        "id.orig_h": "192.168.144.131",
        "id.orig_p": "60316",
        "id.resp_h": "172.23.0.2",
        "id.resp_p": "8000",
        "trans_depth": "1",
        "method": "POST",
        "host": "192.168.144.133:8000",
        "uri": "/",
        "referrer": "-",
        "version": "1.0",
        "user_agent": "curl/7.68.0",
        "origin": "-",
        "request_body_len": "348392",
        "response_body_len": "8985",
        "status_code": "200",
        "status_msg": "OK",
        "info_code": "100",
        "info_msg": "Continue",
        "tags": "(empty)",
        "username": "-",
        "password": "-",
        "proxied": "-",
        "orig_fuids": "Fnk3aC3MEIj3itAAoh",
        "orig_filenames": "img14.jpg",
        "orig_mime_types": "image/jpeg",
        "resp_fuids": "Fo20Fr1dc3oA78Fzh1",
        "resp_filenames": "resized_img14.jpg",
        "resp_mime_types": "image/jpeg"
    },
    {
        "ts": "1689696923.705322",
        "uid": "CZEjcQ84U8ViYpAJ",
        "id.orig_h": "192.168.144.131",
        "id.orig_p": "60324",
        "id.resp_h": "172.23.0.2",
        "id.resp_p": "8000",
        "trans_depth": "1",
        "method": "POST",
        "host": "192.168.144.133:8000",
        "uri": "/",
        "referrer": "-",
        "version": "1.0",
        "user_agent": "curl/7.68.0",
        "origin": "-",
        "request_body_len": "71708",
        "response_body_len": "7912",
        "status_code": "200",
        "status_msg": "OK",
        "info_code": "100",
        "info_msg": "Continue",
        "tags": "(empty)",
        "username": "-",
        "password": "-",
        "proxied": "-",
        "orig_fuids": "FuSdhI3bFLYP9zgioc",
        "orig_filenames": "img15.jpg",
        "orig_mime_types": "image/jpeg",
        "resp_fuids": "F1SlQlQTWfdY4fuC3",
        "resp_filenames": "resized_img15.jpg",
        "resp_mime_types": "image/jpeg"
    },
    {
        "ts": "1689696923.823653",
        "uid": "COZ70R2NBewQSADlEk",
        "id.orig_h": "192.168.144.131",
        "id.orig_p": "60334",
        "id.resp_h": "172.23.0.2",
        "id.resp_p": "8000",
        "trans_depth": "1",
        "method": "POST",
        "host": "192.168.144.133:8000",
        "uri": "/",
        "referrer": "-",
        "version": "1.0",
        "user_agent": "curl/7.68.0",
        "origin": "-",
        "request_body_len": "19735",
        "response_body_len": "12062",
        "status_code": "200",
        "status_msg": "OK",
        "info_code": "100",
        "info_msg": "Continue",
        "tags": "(empty)",
        "username": "-",
        "password": "-",
        "proxied": "-",
        "orig_fuids": "FpepdE3jx2pzvsiWK8",
        "orig_filenames": "img16.jpg",
        "orig_mime_types": "image/jpeg",
        "resp_fuids": "F8ZyES1XzvIbBcHkUa",
        "resp_filenames": "resized_img16.jpg",
        "resp_mime_types": "image/jpeg"
    },
    {
        "ts": "1689696923.901297",
        "uid": "CoV7Sr2HwZpx0RSb96",
        "id.orig_h": "192.168.144.131",
        "id.orig_p": "60342",
        "id.resp_h": "172.23.0.2",
        "id.resp_p": "8000",
        "trans_depth": "1",
        "method": "POST",
        "host": "192.168.144.133:8000",
        "uri": "/",
        "referrer": "-",
        "version": "1.0",
        "user_agent": "curl/7.68.0",
        "origin": "-",
        "request_body_len": "23553",
        "response_body_len": "9749",
        "status_code": "200",
        "status_msg": "OK",
        "info_code": "100",
        "info_msg": "Continue",
        "tags": "(empty)",
        "username": "-",
        "password": "-",
        "proxied": "-",
        "orig_fuids": "FkRqp5PQoRVCu05J6",
        "orig_filenames": "img17.jpg",
        "orig_mime_types": "image/jpeg",
        "resp_fuids": "FVLhFi2RiGD7peA4Rh",
        "resp_filenames": "resized_img17.jpg",
        "resp_mime_types": "image/jpeg"
    },
    {
        "ts": "1689696923.977067",
        "uid": "CUSQ314XfHw2bnORig",
        "id.orig_h": "192.168.144.131",
        "id.orig_p": "60344",
        "id.resp_h": "172.23.0.2",
        "id.resp_p": "8000",
        "trans_depth": "1",
        "method": "POST",
        "host": "192.168.144.133:8000",
        "uri": "/",
        "referrer": "-",
        "version": "1.0",
        "user_agent": "curl/7.68.0",
        "origin": "-",
        "request_body_len": "9365",
        "response_body_len": "13440",
        "status_code": "200",
        "status_msg": "OK",
        "info_code": "100",
        "info_msg": "Continue",
        "tags": "(empty)",
        "username": "-",
        "password": "-",
        "proxied": "-",
        "orig_fuids": "FGhSYX25kgqAp2np6j",
        "orig_filenames": "img18.jpeg",
        "orig_mime_types": "image/jpeg",
        "resp_fuids": "Fh3VTd1FgdgZuY6SXj",
        "resp_filenames": "resized_img18.jpeg",
        "resp_mime_types": "image/jpeg"
    },
    {
        "ts": "1689696924.038859",
        "uid": "ChsJhoPoUdmMqvird",
        "id.orig_h": "192.168.144.131",
        "id.orig_p": "60352",
        "id.resp_h": "172.23.0.2",
        "id.resp_p": "8000",
        "trans_depth": "1",
        "method": "POST",
        "host": "192.168.144.133:8000",
        "uri": "/",
        "referrer": "-",
        "version": "1.0",
        "user_agent": "curl/7.68.0",
        "origin": "-",
        "request_body_len": "453",
        "response_body_len": "263",
        "status_code": "200",
        "status_msg": "OK",
        "info_code": "-",
        "info_msg": "-",
        "tags": "(empty)",
        "username": "-",
        "password": "-",
        "proxied": "-",
        "orig_fuids": "FjB9iu2K22iP55FWZf",
        "orig_filenames": "img19.png",
        "orig_mime_types": "image/png",
        "resp_fuids": "Fhk7ZP1FR1iiNuMuEk",
        "resp_filenames": "resized_img19.png",
        "resp_mime_types": "image/png"
    },
    {
        "ts": "1689696924.080643",
        "uid": "CH10oC39earDJmsSm",
        "id.orig_h": "192.168.144.131",
        "id.orig_p": "60354",
        "id.resp_h": "172.23.0.2",
        "id.resp_p": "8000",
        "trans_depth": "1",
        "method": "POST",
        "host": "192.168.144.133:8000",
        "uri": "/",
        "referrer": "-",
        "version": "1.0",
        "user_agent": "curl/7.68.0",
        "origin": "-",
        "request_body_len": "2680993",
        "response_body_len": "72848",
        "status_code": "200",
        "status_msg": "OK",
        "info_code": "100",
        "info_msg": "Continue",
        "tags": "(empty)",
        "username": "-",
        "password": "-",
        "proxied": "-",
        "orig_fuids": "FmleHf2CnghVaiMtVg",
        "orig_filenames": "img1.png",
        "orig_mime_types": "image/png",
        "resp_fuids": "FXhRsm2Izqew8g6qa8",
        "resp_filenames": "resized_img1.png",
        "resp_mime_types": "image/png"
    },
    {
        "ts": "1689696924.621039",
        "uid": "CPE1ulihuqMcGyJn",
        "id.orig_h": "192.168.144.131",
        "id.orig_p": "60368",
        "id.resp_h": "172.23.0.2",
        "id.resp_p": "8000",
        "trans_depth": "1",
        "method": "POST",
        "host": "192.168.144.133:8000",
        "uri": "/",
        "referrer": "-",
        "version": "1.0",
        "user_agent": "curl/7.68.0",
        "origin": "-",
        "request_body_len": "6228",
        "response_body_len": "9729",
        "status_code": "200",
        "status_msg": "OK",
        "info_code": "100",
        "info_msg": "Continue",
        "tags": "(empty)",
        "username": "-",
        "password": "-",
        "proxied": "-",
        "orig_fuids": "FlKl6l2uOt8qqwkd4e",
        "orig_filenames": "img20.jpeg",
        "orig_mime_types": "image/jpeg",
        "resp_fuids": "F5tAlilXD4fc2Kk58",
        "resp_filenames": "resized_img20.jpeg",
        "resp_mime_types": "image/jpeg"
    },
    {
        "ts": "1689696924.671210",
        "uid": "CvDvYVkSDWQMuvRGh",
        "id.orig_h": "192.168.144.131",
        "id.orig_p": "60378",
        "id.resp_h": "172.23.0.2",
        "id.resp_p": "8000",
        "trans_depth": "1",
        "method": "POST",
        "host": "192.168.144.133:8000",
        "uri": "/",
        "referrer": "-",
        "version": "1.0",
        "user_agent": "curl/7.68.0",
        "origin": "-",
        "request_body_len": "467",
        "response_body_len": "290",
        "status_code": "500",
        "status_msg": "INTERNAL SERVER ERROR",
        "info_code": "-",
        "info_msg": "-",
        "tags": "(empty)",
        "username": "-",
        "password": "-",
        "proxied": "-",
        "orig_fuids": "FWL48TXSuAExNvL5g",
        "orig_filenames": "img2.png",
        "orig_mime_types": "text/html",
        "resp_fuids": "F2ltP22Ph5Co4qLIBd",
        "resp_filenames": "-",
        "resp_mime_types": "text/html"
    },
    {
        "ts": "1689696924.713972",
        "uid": "C2CCy6X3TLhXUDEB1",
        "id.orig_h": "192.168.144.131",
        "id.orig_p": "60382",
        "id.resp_h": "172.23.0.2",
        "id.resp_p": "8000",
        "trans_depth": "1",
        "method": "POST",
        "host": "192.168.144.133:8000",
        "uri": "/",
        "referrer": "-",
        "version": "1.0",
        "user_agent": "curl/7.68.0",
        "origin": "-",
        "request_body_len": "6226",
        "response_body_len": "66725",
        "status_code": "200",
        "status_msg": "OK",
        "info_code": "100",
        "info_msg": "Continue",
        "tags": "(empty)",
        "username": "-",
        "password": "-",
        "proxied": "-",
        "orig_fuids": "FoWwSx4Rvcd0Y0PKx3",
        "orig_filenames": "img3.png",
        "orig_mime_types": "image/jpeg",
        "resp_fuids": "FxWrrFF34FmzFiEQl",
        "resp_filenames": "resized_img3.png",
        "resp_mime_types": "image/png"
    },
    {
        "ts": "1689696924.801253",
        "uid": "CHf0hhJdV7htkMZKl",
        "id.orig_h": "192.168.144.131",
        "id.orig_p": "60394",
        "id.resp_h": "172.23.0.2",
        "id.resp_p": "8000",
        "trans_depth": "1",
        "method": "POST",
        "host": "192.168.144.133:8000",
        "uri": "/",
        "referrer": "-",
        "version": "1.0",
        "user_agent": "curl/7.68.0",
        "origin": "-",
        "request_body_len": "6279",
        "response_body_len": "64617",
        "status_code": "200",
        "status_msg": "OK",
        "info_code": "100",
        "info_msg": "Continue",
        "tags": "(empty)",
        "username": "-",
        "password": "-",
        "proxied": "-",
        "orig_fuids": "Fgtu951o5974XJuPWk",
        "orig_filenames": "img4.png",
        "orig_mime_types": "image/jpeg",
        "resp_fuids": "Fa9WxzR3qYDW6Kvjb",
        "resp_filenames": "resized_img4.png",
        "resp_mime_types": "image/png"
    },
    {
        "ts": "1689696924.902483",
        "uid": "Clg8Sz3eocc7ZNbmw6",
        "id.orig_h": "192.168.144.131",
        "id.orig_p": "60410",
        "id.resp_h": "172.23.0.2",
        "id.resp_p": "8000",
        "trans_depth": "1",
        "method": "POST",
        "host": "192.168.144.133:8000",
        "uri": "/",
        "referrer": "-",
        "version": "1.0",
        "user_agent": "curl/7.68.0",
        "origin": "-",
        "request_body_len": "6848",
        "response_body_len": "69702",
        "status_code": "200",
        "status_msg": "OK",
        "info_code": "100",
        "info_msg": "Continue",
        "tags": "(empty)",
        "username": "-",
        "password": "-",
        "proxied": "-",
        "orig_fuids": "F9hJlY2VrRvWnVk58b",
        "orig_filenames": "img5.png",
        "orig_mime_types": "image/jpeg",
        "resp_fuids": "FXSnhUVETEfNPTE34",
        "resp_filenames": "resized_img5.png",
        "resp_mime_types": "image/png"
    },
    {
        "ts": "1689696924.995289",
        "uid": "CIL3844I7oy6hOaeyk",
        "id.orig_h": "192.168.144.131",
        "id.orig_p": "60414",
        "id.resp_h": "172.23.0.2",
        "id.resp_p": "8000",
        "trans_depth": "1",
        "method": "POST",
        "host": "192.168.144.133:8000",
        "uri": "/",
        "referrer": "-",
        "version": "1.0",
        "user_agent": "curl/7.68.0",
        "origin": "-",
        "request_body_len": "1763",
        "response_body_len": "290",
        "status_code": "500",
        "status_msg": "INTERNAL SERVER ERROR",
        "info_code": "100",
        "info_msg": "Continue",
        "tags": "(empty)",
        "username": "-",
        "password": "-",
        "proxied": "-",
        "orig_fuids": "F8UnNg2WMLswZomPB8",
        "orig_filenames": "img6.png",
        "orig_mime_types": "text/html",
        "resp_fuids": "FX116ADKzzAcb7m5a",
        "resp_filenames": "-",
        "resp_mime_types": "text/html"
    },
    {
        "ts": "1689696925.059126",
        "uid": "CSFW8w35iNwbTLMVAi",
        "id.orig_h": "192.168.144.131",
        "id.orig_p": "47040",
        "id.resp_h": "172.23.0.2",
        "id.resp_p": "8000",
        "trans_depth": "1",
        "method": "POST",
        "host": "192.168.144.133:8000",
        "uri": "/",
        "referrer": "-",
        "version": "1.0",
        "user_agent": "curl/7.68.0",
        "origin": "-",
        "request_body_len": "1949",
        "response_body_len": "290",
        "status_code": "500",
        "status_msg": "INTERNAL SERVER ERROR",
        "info_code": "100",
        "info_msg": "Continue",
        "tags": "(empty)",
        "username": "-",
        "password": "-",
        "proxied": "-",
        "orig_fuids": "FFD84Kz3WzBrUIP4h",
        "orig_filenames": "img7.png",
        "orig_mime_types": "text/html",
        "resp_fuids": "FpCJNj1vtVv9wbBz3h",
        "resp_filenames": "-",
        "resp_mime_types": "text/html"
    },
    {
        "ts": "1689696925.106843",
        "uid": "C8lnLk3MnyQc6YXcUf",
        "id.orig_h": "192.168.144.131",
        "id.orig_p": "47044",
        "id.resp_h": "172.23.0.2",
        "id.resp_p": "8000",
        "trans_depth": "1",
        "method": "POST",
        "host": "192.168.144.133:8000",
        "uri": "/",
        "referrer": "-",
        "version": "1.0",
        "user_agent": "curl/7.68.0",
        "origin": "-",
        "request_body_len": "1755",
        "response_body_len": "290",
        "status_code": "500",
        "status_msg": "INTERNAL SERVER ERROR",
        "info_code": "100",
        "info_msg": "Continue",
        "tags": "(empty)",
        "username": "-",
        "password": "-",
        "proxied": "-",
        "orig_fuids": "FbdCZK2Z8ikaxO2i1c",
        "orig_filenames": "img8.png",
        "orig_mime_types": "text/html",
        "resp_fuids": "FZtbs82McEEza7ybO9",
        "resp_filenames": "-",
        "resp_mime_types": "text/html"
    },
    {
        "ts": "1689696925.141071",
        "uid": "CMjIIC1YJTOdg9eqN6",
        "id.orig_h": "192.168.144.131",
        "id.orig_p": "47060",
        "id.resp_h": "172.23.0.2",
        "id.resp_p": "8000",
        "trans_depth": "1",
        "method": "POST",
        "host": "192.168.144.133:8000",
        "uri": "/",
        "referrer": "-",
        "version": "1.0",
        "user_agent": "curl/7.68.0",
        "origin": "-",
        "request_body_len": "1757",
        "response_body_len": "290",
        "status_code": "500",
        "status_msg": "INTERNAL SERVER ERROR",
        "info_code": "100",
        "info_msg": "Continue",
        "tags": "(empty)",
        "username": "-",
        "password": "-",
        "proxied": "-",
        "orig_fuids": "Fapkm42lReogqYi6j2",
        "orig_filenames": "img9.png",
        "orig_mime_types": "text/html",
        "resp_fuids": "FsWU941mCHnVZBnuj8",
        "resp_filenames": "-",
        "resp_mime_types": "text/html"
    },
    {
        "ts": "1689696966.662406",
        "uid": "COG5RJJoIUikmp2c3",
        "id.orig_h": "192.168.144.128",
        "id.orig_p": "60082",
        "id.resp_h": "172.23.0.2",
        "id.resp_p": "8000",
        "trans_depth": "1",
        "method": "POST",
        "host": "192.168.144.133:8000",
        "uri": "/",
        "referrer": "-",
        "version": "1.0",
        "user_agent": "curl/7.85.0",
        "origin": "-",
        "request_body_len": "1836",
        "response_body_len": "758",
        "status_code": "200",
        "status_msg": "OK",
        "info_code": "-",
        "info_msg": "-",
        "tags": "(empty)",
        "username": "-",
        "password": "-",
        "proxied": "-",
        "orig_fuids": "FhwJRE4LapXDPE0tHk",
        "orig_filenames": "out.png",
        "orig_mime_types": "image/jpeg",
        "resp_fuids": "Fs0R6o4lp4gvOK1Twg",
        "resp_filenames": "resized_out.png",
        "resp_mime_types": "image/png"
    },
    {
        "ts": "1689696967.099648",
        "uid": "CLSQxo2wdoZX2Um7K2",
        "id.orig_h": "192.168.144.128",
        "id.orig_p": "60084",
        "id.resp_h": "172.23.0.2",
        "id.resp_p": "8000",
        "trans_depth": "1",
        "method": "POST",
        "host": "192.168.144.133:8000",
        "uri": "/",
        "referrer": "-",
        "version": "1.0",
        "user_agent": "curl/7.85.0",
        "origin": "-",
        "request_body_len": "458",
        "response_body_len": "263",
        "status_code": "302",
        "status_msg": "FOUND",
        "info_code": "-",
        "info_msg": "-",
        "tags": "(empty)",
        "username": "-",
        "password": "-",
        "proxied": "-",
        "orig_fuids": "F21pFl29MOY8bapWI7",
        "orig_filenames": "rce.eps",
        "orig_mime_types": "application/postscript",
        "resp_fuids": "FtcPTT1XFvcy0xHb1e",
        "resp_filenames": "-",
        "resp_mime_types": "text/html"
    },
    {
        "ts": "1689696967.163141",
        "uid": "CyrxTi4X2fJfCBqfZd",
        "id.orig_h": "192.168.144.128",
        "id.orig_p": "60086",
        "id.resp_h": "172.23.0.2",
        "id.resp_p": "8000",
        "trans_depth": "1",
        "method": "POST",
        "host": "192.168.144.133:8000",
        "uri": "/",
        "referrer": "-",
        "version": "1.0",
        "user_agent": "curl/7.85.0",
        "origin": "-",
        "request_body_len": "444",
        "response_body_len": "1651",
        "status_code": "200",
        "status_msg": "OK",
        "info_code": "-",
        "info_msg": "-",
        "tags": "(empty)",
        "username": "-",
        "password": "-",
        "proxied": "-",
        "orig_fuids": "FDE7M01Dx77bx6ae1",
        "orig_filenames": "rce.jpg",
        "orig_mime_types": "application/postscript",
        "resp_fuids": "FYqYBZ3ux8WsGCRiNe",
        "resp_filenames": "resized_rce.jpg",
        "resp_mime_types": "image/jpeg"
    },
    {
        "ts": "1689696968.181943",
        "uid": "CvIQ5q4txWodhYMkW1",
        "id.orig_h": "192.168.144.128",
        "id.orig_p": "60090",
        "id.resp_h": "172.23.0.2",
        "id.resp_p": "8000",
        "trans_depth": "1",
        "method": "POST",
        "host": "192.168.144.133:8000",
        "uri": "/",
        "referrer": "-",
        "version": "1.0",
        "user_agent": "curl/7.85.0",
        "origin": "-",
        "request_body_len": "415",
        "response_body_len": "290",
        "status_code": "500",
        "status_msg": "INTERNAL SERVER ERROR",
        "info_code": "-",
        "info_msg": "-",
        "tags": "(empty)",
        "username": "-",
        "password": "-",
        "proxied": "-",
        "orig_fuids": "F1UoOm1cyChyScsRG4",
        "orig_filenames": "try.jpg",
        "orig_mime_types": "application/postscript",
        "resp_fuids": "FsbNdy2c0jGsGRa585",
        "resp_filenames": "-",
        "resp_mime_types": "text/html"
    },
    {
        "ts": "1689696971.473434",
        "uid": "CdCp9tjYzCKSSUIRi",
        "id.orig_h": "192.168.144.128",
        "id.orig_p": "60092",
        "id.resp_h": "172.23.0.2",
        "id.resp_p": "8000",
        "trans_depth": "1",
        "method": "POST",
        "host": "192.168.144.133:8000",
        "uri": "/",
        "referrer": "-",
        "version": "1.0",
        "user_agent": "curl/7.85.0",
        "origin": "-",
        "request_body_len": "1836",
        "response_body_len": "758",
        "status_code": "200",
        "status_msg": "OK",
        "info_code": "-",
        "info_msg": "-",
        "tags": "(empty)",
        "username": "-",
        "password": "-",
        "proxied": "-",
        "orig_fuids": "FxoS4Y3DIlNf8GLqHa",
        "orig_filenames": "out.png",
        "orig_mime_types": "image/jpeg",
        "resp_fuids": "Fu1phn3zNbEIspecj6",
        "resp_filenames": "resized_out.png",
        "resp_mime_types": "image/png"
    },
    {
        "ts": "1689696971.506351",
        "uid": "CaZoVJ5Rc3lOCnFCg",
        "id.orig_h": "192.168.144.128",
        "id.orig_p": "60094",
        "id.resp_h": "172.23.0.2",
        "id.resp_p": "8000",
        "trans_depth": "1",
        "method": "POST",
        "host": "192.168.144.133:8000",
        "uri": "/",
        "referrer": "-",
        "version": "1.0",
        "user_agent": "curl/7.85.0",
        "origin": "-",
        "request_body_len": "458",
        "response_body_len": "263",
        "status_code": "302",
        "status_msg": "FOUND",
        "info_code": "-",
        "info_msg": "-",
        "tags": "(empty)",
        "username": "-",
        "password": "-",
        "proxied": "-",
        "orig_fuids": "FjLHU12mb0vR1UNFRb",
        "orig_filenames": "rce.eps",
        "orig_mime_types": "application/postscript",
        "resp_fuids": "FY8gYfP60O4qPLF5",
        "resp_filenames": "-",
        "resp_mime_types": "text/html"
    },
    {
        "ts": "1689696971.526106",
        "uid": "Cw7QB72Us1y5RXfXQe",
        "id.orig_h": "192.168.144.128",
        "id.orig_p": "60096",
        "id.resp_h": "172.23.0.2",
        "id.resp_p": "8000",
        "trans_depth": "1",
        "method": "POST",
        "host": "192.168.144.133:8000",
        "uri": "/",
        "referrer": "-",
        "version": "1.0",
        "user_agent": "curl/7.85.0",
        "origin": "-",
        "request_body_len": "444",
        "response_body_len": "1651",
        "status_code": "200",
        "status_msg": "OK",
        "info_code": "-",
        "info_msg": "-",
        "tags": "(empty)",
        "username": "-",
        "password": "-",
        "proxied": "-",
        "orig_fuids": "FoUurc41cKcZ3ZrwG",
        "orig_filenames": "rce.jpg",
        "orig_mime_types": "application/postscript",
        "resp_fuids": "FGgK9ElaStgeY7Jqd",
        "resp_filenames": "resized_rce.jpg",
        "resp_mime_types": "image/jpeg"
    },
    {
        "ts": "1689696971.711293",
        "uid": "CkpC091J7mkZK6rjg9",
        "id.orig_h": "192.168.144.128",
        "id.orig_p": "60098",
        "id.resp_h": "172.23.0.2",
        "id.resp_p": "8000",
        "trans_depth": "1",
        "method": "POST",
        "host": "192.168.144.133:8000",
        "uri": "/",
        "referrer": "-",
        "version": "1.0",
        "user_agent": "curl/7.85.0",
        "origin": "-",
        "request_body_len": "415",
        "response_body_len": "290",
        "status_code": "500",
        "status_msg": "INTERNAL SERVER ERROR",
        "info_code": "-",
        "info_msg": "-",
        "tags": "(empty)",
        "username": "-",
        "password": "-",
        "proxied": "-",
        "orig_fuids": "F0p5cD4flm35ibEJkb",
        "orig_filenames": "try.jpg",
        "orig_mime_types": "application/postscript",
        "resp_fuids": "Ff2OsAickaGOvhbd",
        "resp_filenames": "-",
        "resp_mime_types": "text/html"
    },
    {
        "ts": "1689696973.494571",
        "uid": "CmoabS10BRFCQ0Tdph",
        "id.orig_h": "192.168.144.128",
        "id.orig_p": "60100",
        "id.resp_h": "172.23.0.2",
        "id.resp_p": "8000",
        "trans_depth": "1",
        "method": "POST",
        "host": "192.168.144.133:8000",
        "uri": "/",
        "referrer": "-",
        "version": "1.0",
        "user_agent": "curl/7.85.0",
        "origin": "-",
        "request_body_len": "1836",
        "response_body_len": "758",
        "status_code": "200",
        "status_msg": "OK",
        "info_code": "-",
        "info_msg": "-",
        "tags": "(empty)",
        "username": "-",
        "password": "-",
        "proxied": "-",
        "orig_fuids": "F6HhlF4V1sepbrYPEe",
        "orig_filenames": "out.png",
        "orig_mime_types": "image/jpeg",
        "resp_fuids": "FGcrRfIdWaDfs9Pk1",
        "resp_filenames": "resized_out.png",
        "resp_mime_types": "image/png"
    },
    {
        "ts": "1689696973.527269",
        "uid": "CmFLXk2RXTeoSSNgX8",
        "id.orig_h": "192.168.144.128",
        "id.orig_p": "60102",
        "id.resp_h": "172.23.0.2",
        "id.resp_p": "8000",
        "trans_depth": "1",
        "method": "POST",
        "host": "192.168.144.133:8000",
        "uri": "/",
        "referrer": "-",
        "version": "1.0",
        "user_agent": "curl/7.85.0",
        "origin": "-",
        "request_body_len": "458",
        "response_body_len": "263",
        "status_code": "302",
        "status_msg": "FOUND",
        "info_code": "-",
        "info_msg": "-",
        "tags": "(empty)",
        "username": "-",
        "password": "-",
        "proxied": "-",
        "orig_fuids": "F5Rf5k1Dkj7yA5oyje",
        "orig_filenames": "rce.eps",
        "orig_mime_types": "application/postscript",
        "resp_fuids": "F6TtdRz3OoJgDuM98",
        "resp_filenames": "-",
        "resp_mime_types": "text/html"
    },
    {
        "ts": "1689696973.550513",
        "uid": "CN5C013VQKF82mG2Gl",
        "id.orig_h": "192.168.144.128",
        "id.orig_p": "60104",
        "id.resp_h": "172.23.0.2",
        "id.resp_p": "8000",
        "trans_depth": "1",
        "method": "POST",
        "host": "192.168.144.133:8000",
        "uri": "/",
        "referrer": "-",
        "version": "1.0",
        "user_agent": "curl/7.85.0",
        "origin": "-",
        "request_body_len": "444",
        "response_body_len": "1651",
        "status_code": "200",
        "status_msg": "OK",
        "info_code": "-",
        "info_msg": "-",
        "tags": "(empty)",
        "username": "-",
        "password": "-",
        "proxied": "-",
        "orig_fuids": "Fl1auK31sCjx70ogrb",
        "orig_filenames": "rce.jpg",
        "orig_mime_types": "application/postscript",
        "resp_fuids": "F3gEDy4Vwk9veTb2fa",
        "resp_filenames": "resized_rce.jpg",
        "resp_mime_types": "image/jpeg"
    },
    {
        "ts": "1689696974.174738",
        "uid": "CMvuHw4U6n73YtUVW8",
        "id.orig_h": "192.168.144.128",
        "id.orig_p": "60106",
        "id.resp_h": "172.23.0.2",
        "id.resp_p": "8000",
        "trans_depth": "1",
        "method": "POST",
        "host": "192.168.144.133:8000",
        "uri": "/",
        "referrer": "-",
        "version": "1.0",
        "user_agent": "curl/7.85.0",
        "origin": "-",
        "request_body_len": "415",
        "response_body_len": "290",
        "status_code": "500",
        "status_msg": "INTERNAL SERVER ERROR",
        "info_code": "-",
        "info_msg": "-",
        "tags": "(empty)",
        "username": "-",
        "password": "-",
        "proxied": "-",
        "orig_fuids": "FIC5Lj38raW9DjdXP2",
        "orig_filenames": "try.jpg",
        "orig_mime_types": "application/postscript",
        "resp_fuids": "F8EHUb4xKT6owmON7i",
        "resp_filenames": "-",
        "resp_mime_types": "text/html"
    }
]