[
    {
        "    },": "        \"        \\\"os\\\": \\\"Windows XP\\\",\": \"        \\\"uses_aslr\\\": \\\"T\\\",\""
    },
    {
        "    },": "    },"
    },
    {
        "    },": "    {"
    },
    {
        "    },": "        \"        \\\"os\\\": \\\"Windows XP\\\",\": \"        \\\"uses_dep\\\": \\\"T\\\",\""
    },
    {
        "    },": "    },"
    },
    {
        "    },": "    {"
    },
    {
        "    },": "        \"        \\\"os\\\": \\\"Windows XP\\\",\": \"        \\\"uses_code_integrity\\\": \\\"F\\\",\""
    },
    {
        "    },": "    },"
    },
    {
        "    },": "    {"
    },
    {
        "    },": "        \"        \\\"os\\\": \\\"Windows XP\\\",\": \"        \\\"uses_seh\\\": \\\"T\\\",\""
    },
    {
        "    },": "    },"
    },
    {
        "    },": "    {"
    },
    {
        "    },": "        \"        \\\"os\\\": \\\"Windows XP\\\",\": \"        \\\"has_import_table\\\": \\\"T\\\",\""
    },
    {
        "    },": "    },"
    },
    {
        "    },": "    {"
    },
    {
        "    },": "        \"        \\\"os\\\": \\\"Windows XP\\\",\": \"        \\\"has_export_table\\\": \\\"T\\\",\""
    },
    {
        "    },": "    },"
    },
    {
        "    },": "    {"
    },
    {
        "    },": "        \"        \\\"os\\\": \\\"Windows XP\\\",\": \"        \\\"has_cert_table\\\": \\\"F\\\",\""
    },
    {
        "    },": "    },"
    },
    {
        "    },": "    {"
    },
    {
        "    },": "        \"        \\\"os\\\": \\\"Windows XP\\\",\": \"        \\\"has_debug_data\\\": \\\"F\\\",\""
    },
    {
        "    },": "    },"
    },
    {
        "    },": "    {"
    },
    {
        "    },": "        \"        \\\"os\\\": \\\"Windows XP\\\",\": \"        \\\"section_names\\\": \\\".text,.rdata,.data,.reloc\\\"\""
    },
    {
        "    },": "    },"
    },
    {
        "    },": "    {"
    },
    {
        "    },": "        \"        \\\"os\\\": \\\"Windows XP\\\",\": \"    }\""
    },
    {
        "    },": "    }"
    }
]