[
    {
        "ts": "1689696908.786313",
        "uid": "CgXGzR2veD4qOU9vq2",
        "id.orig_h": "192.168.144.131",
        "id.orig_p": "37090",
        "id.resp_h": "172.23.0.2",
        "id.resp_p": "8000",
        "name": "HTTP_version_mismatch",
        "addl": "-",
        "notice": "F",
        "peer": "zeek",
        "source": "HTTP"
    },
    {
        "ts": "1689696908.869807",
        "uid": "CL9lwYkpA4FWAqsld",
        "id.orig_h": "192.168.144.131",
        "id.orig_p": "37096",
        "id.resp_h": "172.23.0.2",
        "id.resp_p": "8000",
        "name": "HTTP_version_mismatch",
        "addl": "-",
        "notice": "F",
        "peer": "zeek",
        "source": "HTTP"
    },
    {
        "ts": "1689696908.906742",
        "uid": "CkbJiL3FLe6Nl8lZng",
        "id.orig_h": "192.168.144.131",
        "id.orig_p": "37104",
        "id.resp_h": "172.23.0.2",
        "id.resp_p": "8000",
        "name": "HTTP_version_mismatch",
        "addl": "-",
        "notice": "F",
        "peer": "zeek",
        "source": "HTTP"
    },
    {
        "ts": "1689696908.938505",
        "uid": "C26tkBokLNe9PvHu1",
        "id.orig_h": "192.168.144.131",
        "id.orig_p": "37112",
        "id.resp_h": "172.23.0.2",
        "id.resp_p": "8000",
        "name": "HTTP_version_mismatch",
        "addl": "-",
        "notice": "F",
        "peer": "zeek",
        "source": "HTTP"
    },
    {
        "ts": "1689696909.146524",
        "uid": "C3dQ4j3pDtl6qfHF7d",
        "id.orig_h": "192.168.144.131",
        "id.orig_p": "37126",
        "id.resp_h": "172.23.0.2",
        "id.resp_p": "8000",
        "name": "HTTP_version_mismatch",
        "addl": "-",
        "notice": "F",
        "peer": "zeek",
        "source": "HTTP"
    },
    {
        "ts": "1689696909.236766",
        "uid": "CHHtZy3pn7UJlBfqcj",
        "id.orig_h": "192.168.144.131",
        "id.orig_p": "37134",
        "id.resp_h": "172.23.0.2",
        "id.resp_p": "8000",
        "name": "HTTP_version_mismatch",
        "addl": "-",
        "notice": "F",
        "peer": "zeek",
        "source": "HTTP"
    },
    {
        "ts": "1689696909.281311",
        "uid": "CVJcxF4BSztoCrBTtk",
        "id.orig_h": "192.168.144.131",
        "id.orig_p": "37142",
        "id.resp_h": "172.23.0.2",
        "id.resp_p": "8000",
        "name": "HTTP_version_mismatch",
        "addl": "-",
        "notice": "F",
        "peer": "zeek",
        "source": "HTTP"
    },
    {
        "ts": "1689696909.346841",
        "uid": "Cl5zAr4J1PAJKTTSH",
        "id.orig_h": "192.168.144.131",
        "id.orig_p": "37148",
        "id.resp_h": "172.23.0.2",
        "id.resp_p": "8000",
        "name": "HTTP_version_mismatch",
        "addl": "-",
        "notice": "F",
        "peer": "zeek",
        "source": "HTTP"
    },
    {
        "ts": "1689696909.397754",
        "uid": "CNeh2W3qT12opt8F1f",
        "id.orig_h": "192.168.144.131",
        "id.orig_p": "37158",
        "id.resp_h": "172.23.0.2",
        "id.resp_p": "8000",
        "name": "HTTP_version_mismatch",
        "addl": "-",
        "notice": "F",
        "peer": "zeek",
        "source": "HTTP"
    },
    {
        "ts": "1689696909.922727",
        "uid": "CW2QBA3iiWrgUhO3O2",
        "id.orig_h": "192.168.144.131",
        "id.orig_p": "37180",
        "id.resp_h": "172.23.0.2",
        "id.resp_p": "8000",
        "name": "HTTP_version_mismatch",
        "addl": "-",
        "notice": "F",
        "peer": "zeek",
        "source": "HTTP"
    },
    {
        "ts": "1689696909.967143",
        "uid": "CW3PQw1VZtc5pcyQse",
        "id.orig_h": "192.168.144.131",
        "id.orig_p": "37192",
        "id.resp_h": "172.23.0.2",
        "id.resp_p": "8000",
        "name": "HTTP_version_mismatch",
        "addl": "-",
        "notice": "F",
        "peer": "zeek",
        "source": "HTTP"
    },
    {
        "ts": "1689696910.119426",
        "uid": "Cz6kyX1yVQUGgBNhC2",
        "id.orig_h": "192.168.144.131",
        "id.orig_p": "37216",
        "id.resp_h": "172.23.0.2",
        "id.resp_p": "8000",
        "name": "HTTP_version_mismatch",
        "addl": "-",
        "notice": "F",
        "peer": "zeek",
        "source": "HTTP"
    },
    {
        "ts": "1689696910.179851",
        "uid": "Ca29NA4qo8bDF5CG8h",
        "id.orig_h": "192.168.144.131",
        "id.orig_p": "37232",
        "id.resp_h": "172.23.0.2",
        "id.resp_p": "8000",
        "name": "HTTP_version_mismatch",
        "addl": "-",
        "notice": "F",
        "peer": "zeek",
        "source": "HTTP"
    },
    {
        "ts": "1689696910.243295",
        "uid": "CTHeC12m09xADjBM25",
        "id.orig_h": "192.168.144.131",
        "id.orig_p": "37248",
        "id.resp_h": "172.23.0.2",
        "id.resp_p": "8000",
        "name": "HTTP_version_mismatch",
        "addl": "-",
        "notice": "F",
        "peer": "zeek",
        "source": "HTTP"
    },
    {
        "ts": "1689696910.270942",
        "uid": "C6doKq2fw8oxSr08xh",
        "id.orig_h": "192.168.144.131",
        "id.orig_p": "37252",
        "id.resp_h": "172.23.0.2",
        "id.resp_p": "8000",
        "name": "HTTP_version_mismatch",
        "addl": "-",
        "notice": "F",
        "peer": "zeek",
        "source": "HTTP"
    },
    {
        "ts": "1689696910.302793",
        "uid": "Cth0U023AjfiaQhqie",
        "id.orig_h": "192.168.144.131",
        "id.orig_p": "37266",
        "id.resp_h": "172.23.0.2",
        "id.resp_p": "8000",
        "name": "HTTP_version_mismatch",
        "addl": "-",
        "notice": "F",
        "peer": "zeek",
        "source": "HTTP"
    },
    {
        "ts": "1689696910.331582",
        "uid": "Cbut2H2DUmk66DB4D5",
        "id.orig_h": "192.168.144.131",
        "id.orig_p": "37276",
        "id.resp_h": "172.23.0.2",
        "id.resp_p": "8000",
        "name": "HTTP_version_mismatch",
        "addl": "-",
        "notice": "F",
        "peer": "zeek",
        "source": "HTTP"
    },
    {
        "ts": "1689696910.361089",
        "uid": "C9A4op2brOEFOIqlob",
        "id.orig_h": "192.168.144.131",
        "id.orig_p": "37282",
        "id.resp_h": "172.23.0.2",
        "id.resp_p": "8000",
        "name": "HTTP_version_mismatch",
        "addl": "-",
        "notice": "F",
        "peer": "zeek",
        "source": "HTTP"
    },
    {
        "ts": "1689696913.701844",
        "uid": "C7u7K837UqxtbQbZ5e",
        "id.orig_h": "192.168.144.131",
        "id.orig_p": "37298",
        "id.resp_h": "172.23.0.2",
        "id.resp_p": "8000",
        "name": "HTTP_version_mismatch",
        "addl": "-",
        "notice": "F",
        "peer": "zeek",
        "source": "HTTP"
    },
    {
        "ts": "1689696913.777129",
        "uid": "CTvMEU1CLAiquFAkri",
        "id.orig_h": "192.168.144.131",
        "id.orig_p": "37304",
        "id.resp_h": "172.23.0.2",
        "id.resp_p": "8000",
        "name": "HTTP_version_mismatch",
        "addl": "-",
        "notice": "F",
        "peer": "zeek",
        "source": "HTTP"
    },
    {
        "ts": "1689696913.815161",
        "uid": "CLNWifA9iTAOeZLC2",
        "id.orig_h": "192.168.144.131",
        "id.orig_p": "37320",
        "id.resp_h": "172.23.0.2",
        "id.resp_p": "8000",
        "name": "HTTP_version_mismatch",
        "addl": "-",
        "notice": "F",
        "peer": "zeek",
        "source": "HTTP"
    },
    {
        "ts": "1689696913.860942",
        "uid": "CWPHj33CzNorOvpA3h",
        "id.orig_h": "192.168.144.131",
        "id.orig_p": "37334",
        "id.resp_h": "172.23.0.2",
        "id.resp_p": "8000",
        "name": "HTTP_version_mismatch",
        "addl": "-",
        "notice": "F",
        "peer": "zeek",
        "source": "HTTP"
    },
    {
        "ts": "1689696914.069186",
        "uid": "CO7fZO1LHMrzmQkmbl",
        "id.orig_h": "192.168.144.131",
        "id.orig_p": "37338",
        "id.resp_h": "172.23.0.2",
        "id.resp_p": "8000",
        "name": "HTTP_version_mismatch",
        "addl": "-",
        "notice": "F",
        "peer": "zeek",
        "source": "HTTP"
    },
    {
        "ts": "1689696914.126906",
        "uid": "CgrdRh4KdxbZgkYP83",
        "id.orig_h": "192.168.144.131",
        "id.orig_p": "37340",
        "id.resp_h": "172.23.0.2",
        "id.resp_p": "8000",
        "name": "HTTP_version_mismatch",
        "addl": "-",
        "notice": "F",
        "peer": "zeek",
        "source": "HTTP"
    },
    {
        "ts": "1689696914.161300",
        "uid": "Ctliih1K6ZOG7PONn3",
        "id.orig_h": "192.168.144.131",
        "id.orig_p": "37344",
        "id.resp_h": "172.23.0.2",
        "id.resp_p": "8000",
        "name": "HTTP_version_mismatch",
        "addl": "-",
        "notice": "F",
        "peer": "zeek",
        "source": "HTTP"
    },
    {
        "ts": "1689696914.204119",
        "uid": "CQSrwF2GuP1u9Ca4uk",
        "id.orig_h": "192.168.144.131",
        "id.orig_p": "37348",
        "id.resp_h": "172.23.0.2",
        "id.resp_p": "8000",
        "name": "HTTP_version_mismatch",
        "addl": "-",
        "notice": "F",
        "peer": "zeek",
        "source": "HTTP"
    },
    {
        "ts": "1689696914.242604",
        "uid": "CQocrN1MSF7BgINJh2",
        "id.orig_h": "192.168.144.131",
        "id.orig_p": "37358",
        "id.resp_h": "172.23.0.2",
        "id.resp_p": "8000",
        "name": "HTTP_version_mismatch",
        "addl": "-",
        "notice": "F",
        "peer": "zeek",
        "source": "HTTP"
    },
    {
        "ts": "1689696914.612948",
        "uid": "CknG9rEiW0IRYbxQf",
        "id.orig_h": "192.168.144.131",
        "id.orig_p": "37370",
        "id.resp_h": "172.23.0.2",
        "id.resp_p": "8000",
        "name": "HTTP_version_mismatch",
        "addl": "-",
        "notice": "F",
        "peer": "zeek",
        "source": "HTTP"
    },
    {
        "ts": "1689696914.640469",
        "uid": "CcT4PIeQL6OclrB12",
        "id.orig_h": "192.168.144.131",
        "id.orig_p": "37374",
        "id.resp_h": "172.23.0.2",
        "id.resp_p": "8000",
        "name": "HTTP_version_mismatch",
        "addl": "-",
        "notice": "F",
        "peer": "zeek",
        "source": "HTTP"
    },
    {
        "ts": "1689696914.706201",
        "uid": "ClIwlw3rPcp8dym1og",
        "id.orig_h": "192.168.144.131",
        "id.orig_p": "37406",
        "id.resp_h": "172.23.0.2",
        "id.resp_p": "8000",
        "name": "HTTP_version_mismatch",
        "addl": "-",
        "notice": "F",
        "peer": "zeek",
        "source": "HTTP"
    },
    {
        "ts": "1689696914.766699",
        "uid": "CGr37H2TBeONKnggc4",
        "id.orig_h": "192.168.144.131",
        "id.orig_p": "37422",
        "id.resp_h": "172.23.0.2",
        "id.resp_p": "8000",
        "name": "HTTP_version_mismatch",
        "addl": "-",
        "notice": "F",
        "peer": "zeek",
        "source": "HTTP"
    },
    {
        "ts": "1689696914.819961",
        "uid": "CkJ7hm3IwLQ1ra7dli",
        "id.orig_h": "192.168.144.131",
        "id.orig_p": "37438",
        "id.resp_h": "172.23.0.2",
        "id.resp_p": "8000",
        "name": "HTTP_version_mismatch",
        "addl": "-",
        "notice": "F",
        "peer": "zeek",
        "source": "HTTP"
    },
    {
        "ts": "1689696914.860009",
        "uid": "C1SEdT2SEjF32oYWY5",
        "id.orig_h": "192.168.144.131",
        "id.orig_p": "37444",
        "id.resp_h": "172.23.0.2",
        "id.resp_p": "8000",
        "name": "HTTP_version_mismatch",
        "addl": "-",
        "notice": "F",
        "peer": "zeek",
        "source": "HTTP"
    },
    {
        "ts": "1689696914.918145",
        "uid": "CyKNwG2EKSVZYuN0m6",
        "id.orig_h": "192.168.144.131",
        "id.orig_p": "37458",
        "id.resp_h": "172.23.0.2",
        "id.resp_p": "8000",
        "name": "HTTP_version_mismatch",
        "addl": "-",
        "notice": "F",
        "peer": "zeek",
        "source": "HTTP"
    },
    {
        "ts": "1689696914.951627",
        "uid": "CFYXk34fz8Hulj3Hh9",
        "id.orig_h": "192.168.144.131",
        "id.orig_p": "37468",
        "id.resp_h": "172.23.0.2",
        "id.resp_p": "8000",
        "name": "HTTP_version_mismatch",
        "addl": "-",
        "notice": "F",
        "peer": "zeek",
        "source": "HTTP"
    },
    {
        "ts": "1689696914.987228",
        "uid": "Cp1IJB3CNka9c4S8W2",
        "id.orig_h": "192.168.144.131",
        "id.orig_p": "37472",
        "id.resp_h": "172.23.0.2",
        "id.resp_p": "8000",
        "name": "HTTP_version_mismatch",
        "addl": "-",
        "notice": "F",
        "peer": "zeek",
        "source": "HTTP"
    },
    {
        "ts": "1689696917.901431",
        "uid": "Cxvmka1JUuorqfq4cl",
        "id.orig_h": "192.168.144.131",
        "id.orig_p": "60118",
        "id.resp_h": "172.23.0.2",
        "id.resp_p": "8000",
        "name": "HTTP_version_mismatch",
        "addl": "-",
        "notice": "F",
        "peer": "zeek",
        "source": "HTTP"
    },
    {
        "ts": "1689696918.019289",
        "uid": "CnKSoJ3tOdeD2CElgc",
        "id.orig_h": "192.168.144.131",
        "id.orig_p": "60120",
        "id.resp_h": "172.23.0.2",
        "id.resp_p": "8000",
        "name": "HTTP_version_mismatch",
        "addl": "-",
        "notice": "F",
        "peer": "zeek",
        "source": "HTTP"
    },
    {
        "ts": "1689696918.067666",
        "uid": "COjO8c3C6lHtcQlP45",
        "id.orig_h": "192.168.144.131",
        "id.orig_p": "60128",
        "id.resp_h": "172.23.0.2",
        "id.resp_p": "8000",
        "name": "HTTP_version_mismatch",
        "addl": "-",
        "notice": "F",
        "peer": "zeek",
        "source": "HTTP"
    },
    {
        "ts": "1689696918.134472",
        "uid": "CViMle39fJ4YYhRAj3",
        "id.orig_h": "192.168.144.131",
        "id.orig_p": "60132",
        "id.resp_h": "172.23.0.2",
        "id.resp_p": "8000",
        "name": "HTTP_version_mismatch",
        "addl": "-",
        "notice": "F",
        "peer": "zeek",
        "source": "HTTP"
    },
    {
        "ts": "1689696918.385140",
        "uid": "CfbV0gZq9URmAg5wf",
        "id.orig_h": "192.168.144.131",
        "id.orig_p": "60144",
        "id.resp_h": "172.23.0.2",
        "id.resp_p": "8000",
        "name": "HTTP_version_mismatch",
        "addl": "-",
        "notice": "F",
        "peer": "zeek",
        "source": "HTTP"
    },
    {
        "ts": "1689696918.479307",
        "uid": "CLPKPrrG6QTLcd3C1",
        "id.orig_h": "192.168.144.131",
        "id.orig_p": "60150",
        "id.resp_h": "172.23.0.2",
        "id.resp_p": "8000",
        "name": "HTTP_version_mismatch",
        "addl": "-",
        "notice": "F",
        "peer": "zeek",
        "source": "HTTP"
    },
    {
        "ts": "1689696918.535260",
        "uid": "CYB3uPDuKCa1QzsAf",
        "id.orig_h": "192.168.144.131",
        "id.orig_p": "60152",
        "id.resp_h": "172.23.0.2",
        "id.resp_p": "8000",
        "name": "HTTP_version_mismatch",
        "addl": "-",
        "notice": "F",
        "peer": "zeek",
        "source": "HTTP"
    },
    {
        "ts": "1689696918.600845",
        "uid": "C0QLN81q6RAl4SZek1",
        "id.orig_h": "192.168.144.131",
        "id.orig_p": "60168",
        "id.resp_h": "172.23.0.2",
        "id.resp_p": "8000",
        "name": "HTTP_version_mismatch",
        "addl": "-",
        "notice": "F",
        "peer": "zeek",
        "source": "HTTP"
    },
    {
        "ts": "1689696918.666277",
        "uid": "CXOYHF3WUORjhQ9e5d",
        "id.orig_h": "192.168.144.131",
        "id.orig_p": "60172",
        "id.resp_h": "172.23.0.2",
        "id.resp_p": "8000",
        "name": "HTTP_version_mismatch",
        "addl": "-",
        "notice": "F",
        "peer": "zeek",
        "source": "HTTP"
    },
    {
        "ts": "1689696919.291203",
        "uid": "CXY1aH1YklgGlyhQif",
        "id.orig_h": "192.168.144.131",
        "id.orig_p": "60186",
        "id.resp_h": "172.23.0.2",
        "id.resp_p": "8000",
        "name": "HTTP_version_mismatch",
        "addl": "-",
        "notice": "F",
        "peer": "zeek",
        "source": "HTTP"
    },
    {
        "ts": "1689696919.341105",
        "uid": "C6H4Xa4s9v86rxKJu1",
        "id.orig_h": "192.168.144.131",
        "id.orig_p": "60200",
        "id.resp_h": "172.23.0.2",
        "id.resp_p": "8000",
        "name": "HTTP_version_mismatch",
        "addl": "-",
        "notice": "F",
        "peer": "zeek",
        "source": "HTTP"
    },
    {
        "ts": "1689696919.478341",
        "uid": "ClayAz38O9rQ6Nxd7f",
        "id.orig_h": "192.168.144.131",
        "id.orig_p": "60218",
        "id.resp_h": "172.23.0.2",
        "id.resp_p": "8000",
        "name": "HTTP_version_mismatch",
        "addl": "-",
        "notice": "F",
        "peer": "zeek",
        "source": "HTTP"
    },
    {
        "ts": "1689696919.552948",
        "uid": "Cmp52n2oTG8iEs5p2l",
        "id.orig_h": "192.168.144.131",
        "id.orig_p": "60220",
        "id.resp_h": "172.23.0.2",
        "id.resp_p": "8000",
        "name": "HTTP_version_mismatch",
        "addl": "-",
        "notice": "F",
        "peer": "zeek",
        "source": "HTTP"
    },
    {
        "ts": "1689696919.639654",
        "uid": "CPYhCD18ZXT6kVfnd3",
        "id.orig_h": "192.168.144.131",
        "id.orig_p": "60226",
        "id.resp_h": "172.23.0.2",
        "id.resp_p": "8000",
        "name": "HTTP_version_mismatch",
        "addl": "-",
        "notice": "F",
        "peer": "zeek",
        "source": "HTTP"
    },
    {
        "ts": "1689696919.688115",
        "uid": "CiCMcK3RInMR94NGv6",
        "id.orig_h": "192.168.144.131",
        "id.orig_p": "60242",
        "id.resp_h": "172.23.0.2",
        "id.resp_p": "8000",
        "name": "HTTP_version_mismatch",
        "addl": "-",
        "notice": "F",
        "peer": "zeek",
        "source": "HTTP"
    },
    {
        "ts": "1689696919.763168",
        "uid": "CwtRcX1kRFpY80NfLa",
        "id.orig_h": "192.168.144.131",
        "id.orig_p": "60244",
        "id.resp_h": "172.23.0.2",
        "id.resp_p": "8000",
        "name": "HTTP_version_mismatch",
        "addl": "-",
        "notice": "F",
        "peer": "zeek",
        "source": "HTTP"
    },
    {
        "ts": "1689696919.818069",
        "uid": "CMcYO741uiUiBSqOMd",
        "id.orig_h": "192.168.144.131",
        "id.orig_p": "60260",
        "id.resp_h": "172.23.0.2",
        "id.resp_p": "8000",
        "name": "HTTP_version_mismatch",
        "addl": "-",
        "notice": "F",
        "peer": "zeek",
        "source": "HTTP"
    },
    {
        "ts": "1689696919.863478",
        "uid": "C8iIeY1oJLMRCU5bzg",
        "id.orig_h": "192.168.144.131",
        "id.orig_p": "60264",
        "id.resp_h": "172.23.0.2",
        "id.resp_p": "8000",
        "name": "HTTP_version_mismatch",
        "addl": "-",
        "notice": "F",
        "peer": "zeek",
        "source": "HTTP"
    },
    {
        "ts": "1689696923.198740",
        "uid": "CkUghz4tG2BBcBILH9",
        "id.orig_h": "192.168.144.131",
        "id.orig_p": "60276",
        "id.resp_h": "172.23.0.2",
        "id.resp_p": "8000",
        "name": "HTTP_version_mismatch",
        "addl": "-",
        "notice": "F",
        "peer": "zeek",
        "source": "HTTP"
    },
    {
        "ts": "1689696923.302504",
        "uid": "CDjgO51lJ3nanE8Kk1",
        "id.orig_h": "192.168.144.131",
        "id.orig_p": "60280",
        "id.resp_h": "172.23.0.2",
        "id.resp_p": "8000",
        "name": "HTTP_version_mismatch",
        "addl": "-",
        "notice": "F",
        "peer": "zeek",
        "source": "HTTP"
    },
    {
        "ts": "1689696923.362558",
        "uid": "Cnh7Ad3CAEQWuO0GXb",
        "id.orig_h": "192.168.144.131",
        "id.orig_p": "60290",
        "id.resp_h": "172.23.0.2",
        "id.resp_p": "8000",
        "name": "HTTP_version_mismatch",
        "addl": "-",
        "notice": "F",
        "peer": "zeek",
        "source": "HTTP"
    },
    {
        "ts": "1689696923.415532",
        "uid": "CoefAy4c4e9QBH1Qik",
        "id.orig_h": "192.168.144.131",
        "id.orig_p": "60300",
        "id.resp_h": "172.23.0.2",
        "id.resp_p": "8000",
        "name": "HTTP_version_mismatch",
        "addl": "-",
        "notice": "F",
        "peer": "zeek",
        "source": "HTTP"
    },
    {
        "ts": "1689696923.668903",
        "uid": "Cd4QhA30QfErc9hMHc",
        "id.orig_h": "192.168.144.131",
        "id.orig_p": "60316",
        "id.resp_h": "172.23.0.2",
        "id.resp_p": "8000",
        "name": "HTTP_version_mismatch",
        "addl": "-",
        "notice": "F",
        "peer": "zeek",
        "source": "HTTP"
    },
    {
        "ts": "1689696923.777912",
        "uid": "CZEjcQ84U8ViYpAJ",
        "id.orig_h": "192.168.144.131",
        "id.orig_p": "60324",
        "id.resp_h": "172.23.0.2",
        "id.resp_p": "8000",
        "name": "HTTP_version_mismatch",
        "addl": "-",
        "notice": "F",
        "peer": "zeek",
        "source": "HTTP"
    },
    {
        "ts": "1689696923.846943",
        "uid": "COZ70R2NBewQSADlEk",
        "id.orig_h": "192.168.144.131",
        "id.orig_p": "60334",
        "id.resp_h": "172.23.0.2",
        "id.resp_p": "8000",
        "name": "HTTP_version_mismatch",
        "addl": "-",
        "notice": "F",
        "peer": "zeek",
        "source": "HTTP"
    },
    {
        "ts": "1689696923.927982",
        "uid": "CoV7Sr2HwZpx0RSb96",
        "id.orig_h": "192.168.144.131",
        "id.orig_p": "60342",
        "id.resp_h": "172.23.0.2",
        "id.resp_p": "8000",
        "name": "HTTP_version_mismatch",
        "addl": "-",
        "notice": "F",
        "peer": "zeek",
        "source": "HTTP"
    },
    {
        "ts": "1689696923.998039",
        "uid": "CUSQ314XfHw2bnORig",
        "id.orig_h": "192.168.144.131",
        "id.orig_p": "60344",
        "id.resp_h": "172.23.0.2",
        "id.resp_p": "8000",
        "name": "HTTP_version_mismatch",
        "addl": "-",
        "notice": "F",
        "peer": "zeek",
        "source": "HTTP"
    },
    {
        "ts": "1689696924.579978",
        "uid": "CH10oC39earDJmsSm",
        "id.orig_h": "192.168.144.131",
        "id.orig_p": "60354",
        "id.resp_h": "172.23.0.2",
        "id.resp_p": "8000",
        "name": "HTTP_version_mismatch",
        "addl": "-",
        "notice": "F",
        "peer": "zeek",
        "source": "HTTP"
    },
    {
        "ts": "1689696924.639069",
        "uid": "CPE1ulihuqMcGyJn",
        "id.orig_h": "192.168.144.131",
        "id.orig_p": "60368",
        "id.resp_h": "172.23.0.2",
        "id.resp_p": "8000",
        "name": "HTTP_version_mismatch",
        "addl": "-",
        "notice": "F",
        "peer": "zeek",
        "source": "HTTP"
    },
    {
        "ts": "1689696924.751542",
        "uid": "C2CCy6X3TLhXUDEB1",
        "id.orig_h": "192.168.144.131",
        "id.orig_p": "60382",
        "id.resp_h": "172.23.0.2",
        "id.resp_p": "8000",
        "name": "HTTP_version_mismatch",
        "addl": "-",
        "notice": "F",
        "peer": "zeek",
        "source": "HTTP"
    },
    {
        "ts": "1689696924.849051",
        "uid": "CHf0hhJdV7htkMZKl",
        "id.orig_h": "192.168.144.131",
        "id.orig_p": "60394",
        "id.resp_h": "172.23.0.2",
        "id.resp_p": "8000",
        "name": "HTTP_version_mismatch",
        "addl": "-",
        "notice": "F",
        "peer": "zeek",
        "source": "HTTP"
    },
    {
        "ts": "1689696924.946320",
        "uid": "Clg8Sz3eocc7ZNbmw6",
        "id.orig_h": "192.168.144.131",
        "id.orig_p": "60410",
        "id.resp_h": "172.23.0.2",
        "id.resp_p": "8000",
        "name": "HTTP_version_mismatch",
        "addl": "-",
        "notice": "F",
        "peer": "zeek",
        "source": "HTTP"
    },
    {
        "ts": "1689696925.009024",
        "uid": "CIL3844I7oy6hOaeyk",
        "id.orig_h": "192.168.144.131",
        "id.orig_p": "60414",
        "id.resp_h": "172.23.0.2",
        "id.resp_p": "8000",
        "name": "HTTP_version_mismatch",
        "addl": "-",
        "notice": "F",
        "peer": "zeek",
        "source": "HTTP"
    },
    {
        "ts": "1689696925.066710",
        "uid": "CSFW8w35iNwbTLMVAi",
        "id.orig_h": "192.168.144.131",
        "id.orig_p": "47040",
        "id.resp_h": "172.23.0.2",
        "id.resp_p": "8000",
        "name": "HTTP_version_mismatch",
        "addl": "-",
        "notice": "F",
        "peer": "zeek",
        "source": "HTTP"
    },
    {
        "ts": "1689696925.115418",
        "uid": "C8lnLk3MnyQc6YXcUf",
        "id.orig_h": "192.168.144.131",
        "id.orig_p": "47044",
        "id.resp_h": "172.23.0.2",
        "id.resp_p": "8000",
        "name": "HTTP_version_mismatch",
        "addl": "-",
        "notice": "F",
        "peer": "zeek",
        "source": "HTTP"
    },
    {
        "ts": "1689696925.150459",
        "uid": "CMjIIC1YJTOdg9eqN6",
        "id.orig_h": "192.168.144.131",
        "id.orig_p": "47060",
        "id.resp_h": "172.23.0.2",
        "id.resp_p": "8000",
        "name": "HTTP_version_mismatch",
        "addl": "-",
        "notice": "F",
        "peer": "zeek",
        "source": "HTTP"
    }
]